0 1
1 1
val[i-1][j-1]=0
val[i][j]=1
f[0,1]=0
2 1
val[i-1][j-1]=0
val[i][j]=1
f[0,1]=0
3 1
val[i-1][j-1]=0
val[i][j]=1
f[0,1]=0
4 1
val[i-1][j-1]=0
val[i][j]=1
f[0,1]=0
5 1
val[i-1][j-1]=0
val[i][j]=1
f[0,1]=0
6 1
val[i-1][j-1]=0
val[i][j]=1
f[0,1]=0
7 1
val[i-1][j-1]=0
val[i][j]=1
f[0,1]=0
8 1
val[i-1][j-1]=0
val[i][j]=1
f[0,1]=0
9 1
val[i-1][j-1]=0
val[i][j]=1
f[0,1]=0
10 1
val[i-1][j-1]=0
val[i][j]=1
f[0,1]=0
11 1
val[i-1][j-1]=0
val[i][j]=1
f[0,1]=0
12 1
val[i-1][j-1]=0
val[i][j]=1
f[0,1]=0
13 1
val[i-1][j-1]=0
val[i][j]=1
f[0,1]=0
14 1
val[i-1][j-1]=0
val[i][j]=1
f[0,1]=0
15 1
val[i-1][j-1]=0
val[i][j]=1
f[0,1]=0
16 1
val[i-1][j-1]=0
val[i][j]=1
f[0,1]=0
17 1
val[i-1][j-1]=0
val[i][j]=1
f[0,1]=0
18 1
val[i-1][j-1]=0
val[i][j]=1
f[0,1]=0
19 1
val[i-1][j-1]=0
val[i][j]=1
f[0,1]=0
1 2
f[1,100]=20
2 2
val[i-1][j-1]=1
val[i][j]=73
f[1,73]=14
3 2
val[i-1][j-1]=1
val[i][j]=8
f[1,8]=3
4 2
val[i-1][j-1]=1
val[i][j]=8
f[1,8]=3
5 2
val[i-1][j-1]=1
val[i][j]=8
f[1,8]=3
6 2
val[i-1][j-1]=1
val[i][j]=8
f[1,8]=3
7 2
val[i-1][j-1]=1
val[i][j]=8
f[1,8]=3
8 2
val[i-1][j-1]=1
val[i][j]=8
f[1,8]=3
9 2
val[i-1][j-1]=1
val[i][j]=8
f[1,8]=3
10 2
val[i-1][j-1]=1
val[i][j]=8
f[1,8]=3
11 2
val[i-1][j-1]=1
val[i][j]=8
f[1,8]=3
12 2
val[i-1][j-1]=1
val[i][j]=8
f[1,8]=3
13 2
val[i-1][j-1]=1
val[i][j]=8
f[1,8]=3
14 2
val[i-1][j-1]=1
val[i][j]=8
f[1,8]=3
15 2
val[i-1][j-1]=1
val[i][j]=3
f[1,3]=1
16 2
val[i-1][j-1]=1
val[i][j]=3
f[1,3]=1
17 2
val[i-1][j-1]=1
val[i][j]=3
f[1,3]=1
18 2
val[i-1][j-1]=1
val[i][j]=3
f[1,3]=1
19 2
val[i-1][j-1]=1
val[i][j]=3
f[1,3]=1
2 3
f[73,100]=6
3 3
val[i-1][j-1]=73
val[i][j]=2
val[i][j]=73
f[8,73]=11
4 3
val[i-1][j-1]=8
val[i][j]=59
f[8,59]=9
5 3
val[i-1][j-1]=8
val[i][j]=39
f[8,39]=6
6 3
val[i-1][j-1]=8
val[i][j]=32
f[8,32]=5
7 3
val[i-1][j-1]=8
val[i][j]=32
f[8,32]=5
8 3
val[i-1][j-1]=8
val[i][j]=32
f[8,32]=5
9 3
val[i-1][j-1]=8
val[i][j]=23
f[8,23]=1
10 3
val[i-1][j-1]=8
val[i][j]=23
f[8,23]=1
11 3
val[i-1][j-1]=8
val[i][j]=23
f[8,23]=1
12 3
val[i-1][j-1]=8
val[i][j]=23
f[8,23]=1
13 3
val[i-1][j-1]=8
val[i][j]=1
val[i][j]=8
f[8,8]=0
14 3
val[i-1][j-1]=8
val[i][j]=19
f[8,19]=1
15 3
val[i-1][j-1]=8
val[i][j]=19
f[3,19]=3
16 3
val[i-1][j-1]=3
val[i][j]=19
f[3,19]=3
17 3
val[i-1][j-1]=3
val[i][j]=19
f[3,19]=3
18 3
val[i-1][j-1]=3
val[i][j]=19
f[3,19]=3
19 3
val[i-1][j-1]=3
val[i][j]=19
f[3,19]=3
3 4
f[73,100]=6
4 4
val[i-1][j-1]=73
val[i][j]=13
val[i][j]=73
f[59,73]=2
5 4
val[i-1][j-1]=59
val[i][j]=73
f[39,73]=5
6 4
val[i-1][j-1]=39
val[i][j]=45
f[32,45]=4
7 4
val[i-1][j-1]=32
val[i][j]=45
f[32,45]=4
8 4
val[i-1][j-1]=32
val[i][j]=40
f[32,40]=3
9 4
val[i-1][j-1]=32
val[i][j]=33
f[23,33]=4
10 4
val[i-1][j-1]=23
val[i][j]=26
f[23,26]=2
11 4
val[i-1][j-1]=23
val[i][j]=26
f[23,26]=2
12 4
val[i-1][j-1]=23
val[i][j]=26
f[23,26]=2
13 4
val[i-1][j-1]=23
val[i][j]=24
f[8,24]=2
14 4
val[i-1][j-1]=8
val[i][j]=24
f[19,24]=1
15 4
val[i-1][j-1]=19
val[i][j]=5
val[i][j]=19
f[19,19]=0
16 4
val[i-1][j-1]=19
val[i][j]=24
f[19,24]=1
17 4
val[i-1][j-1]=19
val[i][j]=24
f[19,24]=1
18 4
val[i-1][j-1]=19
val[i][j]=24
f[19,24]=1
19 4
val[i-1][j-1]=19
val[i][j]=24
f[19,24]=1
4 5
f[73,100]=6
5 5
val[i-1][j-1]=73
val[i][j]=100
f[73,100]=6
6 5
val[i-1][j-1]=73
val[i][j]=35
val[i][j]=73
f[45,73]=2
7 5
val[i-1][j-1]=45
val[i][j]=81
f[45,81]=2
8 5
val[i-1][j-1]=45
val[i][j]=29
val[i][j]=45
f[40,45]=1
9 5
val[i-1][j-1]=40
val[i][j]=61
f[33,61]=4
10 5
val[i-1][j-1]=33
val[i][j]=5
val[i][j]=33
f[26,33]=2
11 5
val[i-1][j-1]=26
val[i][j]=32
f[26,32]=2
12 5
val[i-1][j-1]=26
val[i][j]=32
f[26,32]=2
13 5
val[i-1][j-1]=26
val[i][j]=30
f[24,30]=3
14 5
val[i-1][j-1]=24
val[i][j]=24
val[i][j]=24
f[24,24]=0
15 5
val[i-1][j-1]=24
val[i][j]=7
val[i][j]=24
f[19,24]=1
16 5
val[i-1][j-1]=19
val[i][j]=25
f[24,25]=0
17 5
val[i-1][j-1]=24
val[i][j]=25
f[24,25]=0
18 5
val[i-1][j-1]=24
val[i][j]=18
val[i][j]=24
f[24,24]=0
19 5
val[i-1][j-1]=24
val[i][j]=25
f[24,25]=0
5 6
f[100,100]=0
6 6
val[i-1][j-1]=100
val[i][j]=90
f[73,90]=1
7 6
val[i-1][j-1]=73
val[i][j]=90
f[81,90]=1
8 6
val[i-1][j-1]=81
val[i][j]=14
val[i][j]=81
f[45,81]=2
9 6
val[i-1][j-1]=45
val[i][j]=64
f[61,64]=1
10 6
val[i-1][j-1]=61
val[i][j]=46
f[33,46]=4
11 6
val[i-1][j-1]=33
val[i][j]=44
f[32,44]=4
12 6
val[i-1][j-1]=32
val[i][j]=44
f[32,44]=4
13 6
val[i-1][j-1]=32
val[i][j]=44
f[30,44]=4
14 6
val[i-1][j-1]=30
val[i][j]=33
f[24,33]=3
15 6
val[i-1][j-1]=24
val[i][j]=12
val[i][j]=24
f[24,24]=0
16 6
val[i-1][j-1]=24
val[i][j]=27
f[25,27]=2
17 6
val[i-1][j-1]=25
val[i][j]=27
f[25,27]=2
18 6
val[i-1][j-1]=25
val[i][j]=5
val[i][j]=25
f[24,25]=0
19 6
val[i-1][j-1]=24
val[i][j]=27
f[25,27]=2
6 7
f[90,100]=5
7 7
val[i-1][j-1]=90
val[i][j]=99
f[90,99]=4
8 7
val[i-1][j-1]=90
val[i][j]=76
val[i][j]=90
f[81,90]=1
9 7
val[i-1][j-1]=81
val[i][j]=87
f[64,87]=2
10 7
val[i-1][j-1]=64
val[i][j]=6
val[i][j]=64
f[46,64]=1
11 7
val[i-1][j-1]=46
val[i][j]=13
val[i][j]=46
f[44,46]=0
12 7
val[i-1][j-1]=44
val[i][j]=65
f[44,65]=1
13 7
val[i-1][j-1]=44
val[i][j]=65
f[44,65]=1
14 7
val[i-1][j-1]=44
val[i][j]=44
f[33,44]=4
15 7
val[i-1][j-1]=33
val[i][j]=19
val[i][j]=33
f[24,33]=3
16 7
val[i-1][j-1]=24
val[i][j]=36
f[27,36]=2
17 7
val[i-1][j-1]=27
val[i][j]=36
f[27,36]=2
18 7
val[i-1][j-1]=27
val[i][j]=5
val[i][j]=27
f[25,27]=2
19 7
val[i-1][j-1]=25
val[i][j]=36
f[27,36]=2
7 8
f[99,100]=1
8 8
val[i-1][j-1]=99
val[i][j]=78
val[i][j]=99
f[90,99]=4
9 8
val[i-1][j-1]=90
val[i][j]=17
val[i][j]=90
f[87,90]=0
10 8
val[i-1][j-1]=87
val[i][j]=91
f[64,91]=2
11 8
val[i-1][j-1]=64
val[i][j]=65
f[46,65]=1
12 8
val[i-1][j-1]=46
val[i][j]=65
val[i][j]=46
f[65,46]=0
13 8
val[i-1][j-1]=65
val[i][j]=65
val[i][j]=65
f[65,65]=0
14 8
val[i-1][j-1]=65
val[i][j]=46
f[44,46]=0
15 8
val[i-1][j-1]=44
val[i][j]=2
val[i][j]=44
f[33,44]=4
16 8
val[i-1][j-1]=33
val[i][j]=39
f[36,39]=0
17 8
val[i-1][j-1]=36
val[i][j]=39
f[36,39]=0
18 8
val[i-1][j-1]=36
val[i][j]=29
f[27,29]=0
19 8
val[i-1][j-1]=27
val[i][j]=10
val[i][j]=27
f[36,27]=0
8 9
f[99,100]=1
9 9
val[i-1][j-1]=99
val[i][j]=88
val[i][j]=99
f[90,99]=4
10 9
val[i-1][j-1]=90
val[i][j]=97
f[91,97]=4
11 9
val[i-1][j-1]=91
val[i][j]=29
val[i][j]=91
f[65,91]=2
12 9
val[i-1][j-1]=65
val[i][j]=29
val[i][j]=65
f[46,65]=1
13 9
val[i-1][j-1]=46
val[i][j]=79
f[65,79]=1
14 9
val[i-1][j-1]=65
val[i][j]=47
f[46,47]=0
15 9
val[i-1][j-1]=46
val[i][j]=33
val[i][j]=46
f[44,46]=0
16 9
val[i-1][j-1]=44
val[i][j]=47
f[39,47]=3
17 9
val[i-1][j-1]=39
val[i][j]=22
val[i][j]=39
f[39,39]=0
18 9
val[i-1][j-1]=39
val[i][j]=31
f[29,31]=1
19 9
val[i-1][j-1]=29
val[i][j]=31
f[27,31]=1
9 10
f[99,100]=1
10 10
val[i-1][j-1]=99
val[i][j]=20
val[i][j]=99
f[97,99]=0
11 10
val[i-1][j-1]=97
val[i][j]=81
val[i][j]=97
f[91,97]=4
12 10
val[i-1][j-1]=91
val[i][j]=82
f[65,82]=1
13 10
val[i-1][j-1]=65
val[i][j]=81
f[79,81]=0
14 10
val[i-1][j-1]=79
val[i][j]=76
f[47,76]=2
15 10
val[i-1][j-1]=47
val[i][j]=34
val[i][j]=47
f[46,47]=0
16 10
val[i-1][j-1]=46
val[i][j]=53
f[47,53]=0
17 10
val[i-1][j-1]=47
val[i][j]=53
f[39,53]=3
18 10
val[i-1][j-1]=39
val[i][j]=31
val[i][j]=39
f[31,39]=1
19 10
val[i-1][j-1]=31
val[i][j]=50
f[31,50]=4
10 11
f[99,100]=1
11 11
val[i-1][j-1]=99
val[i][j]=95
val[i][j]=99
f[97,99]=0
12 11
val[i-1][j-1]=97
val[i][j]=83
f[82,83]=0
13 11
val[i-1][j-1]=82
val[i][j]=83
f[81,83]=0
14 11
val[i-1][j-1]=81
val[i][j]=78
f[76,78]=0
15 11
val[i-1][j-1]=76
val[i][j]=49
f[47,49]=0
16 11
val[i-1][j-1]=47
val[i][j]=49
val[i][j]=47
f[53,47]=0
17 11
val[i-1][j-1]=53
val[i][j]=49
val[i][j]=53
f[53,53]=0
18 11
val[i-1][j-1]=53
val[i][j]=36
val[i][j]=53
f[39,53]=3
19 11
val[i-1][j-1]=39
val[i][j]=49
val[i][j]=39
f[50,39]=0
11 12
f[99,100]=1
12 12
val[i-1][j-1]=99
val[i][j]=97
f[83,97]=5
13 12
val[i-1][j-1]=83
val[i][j]=85
f[83,85]=1
14 12
val[i-1][j-1]=83
val[i][j]=10
val[i][j]=83
f[78,83]=0
15 12
val[i-1][j-1]=78
val[i][j]=53
f[49,53]=0
16 12
val[i-1][j-1]=49
val[i][j]=53
f[47,53]=0
17 12
val[i-1][j-1]=47
val[i][j]=53
val[i][j]=47
f[53,47]=0
18 12
val[i-1][j-1]=53
val[i][j]=13
val[i][j]=53
f[53,53]=0
19 12
val[i-1][j-1]=53
val[i][j]=53
f[39,53]=3
12 13
f[97,100]=1
13 13
val[i-1][j-1]=97
val[i][j]=4
val[i][j]=97
f[85,97]=4
14 13
val[i-1][j-1]=85
val[i][j]=86
f[83,86]=1
15 13
val[i-1][j-1]=83
val[i][j]=55
f[53,55]=0
16 13
val[i-1][j-1]=53
val[i][j]=55
f[53,55]=0
17 13
val[i-1][j-1]=53
val[i][j]=34
val[i][j]=53
f[47,53]=0
18 13
val[i-1][j-1]=47
val[i][j]=55
f[53,55]=0
19 13
val[i-1][j-1]=53
val[i][j]=55
f[53,55]=0
13 14
f[97,100]=1
14 14
val[i-1][j-1]=97
val[i][j]=19
val[i][j]=97
f[86,97]=4
15 14
val[i-1][j-1]=86
val[i][j]=57
f[55,57]=0
16 14
val[i-1][j-1]=55
val[i][j]=10
val[i][j]=55
f[55,55]=0
17 14
val[i-1][j-1]=55
val[i][j]=57
f[53,57]=0
18 14
val[i-1][j-1]=53
val[i][j]=57
f[55,57]=0
19 14
val[i-1][j-1]=55
val[i][j]=57
f[55,57]=0
14 15
f[97,100]=1
15 15
val[i-1][j-1]=97
val[i][j]=74
f[57,74]=2
16 15
val[i-1][j-1]=57
val[i][j]=23
val[i][j]=57
f[55,57]=0
17 15
val[i-1][j-1]=55
val[i][j]=3
val[i][j]=55
f[57,55]=0
18 15
val[i-1][j-1]=57
val[i][j]=68
f[57,68]=1
19 15
val[i-1][j-1]=57
val[i][j]=68
f[57,68]=1
15 16
f[74,100]=6
16 16
val[i-1][j-1]=74
val[i][j]=93
f[57,93]=3
17 16
val[i-1][j-1]=57
val[i][j]=87
f[55,87]=3
18 16
val[i-1][j-1]=55
val[i][j]=75
f[68,75]=1
19 16
val[i-1][j-1]=68
val[i][j]=75
f[68,75]=1
16 17
f[93,100]=5
17 17
val[i-1][j-1]=93
val[i][j]=93
f[87,93]=0
18 17
val[i-1][j-1]=87
val[i][j]=88
f[75,88]=1
19 17
val[i-1][j-1]=75
val[i][j]=80
f[75,80]=0
17 18
f[93,100]=5
18 18
val[i-1][j-1]=93
val[i][j]=12
val[i][j]=93
f[88,93]=0
19 18
val[i-1][j-1]=88
val[i][j]=33
val[i][j]=88
f[80,88]=1
18 19
f[93,100]=5
19 19
val[i-1][j-1]=93
val[i][j]=85
val[i][j]=93
f[88,93]=0
19 20
f[93,100]=5
20 
0 20 
0 14 6 
0 3 11 6 
0 3 9 2 6 
0 3 6 5 6 0 
0 3 5 4 2 1 5 
0 3 5 4 2 1 4 1 
0 3 5 3 1 2 1 4 1 
0 3 1 4 4 1 2 0 4 1 
0 3 1 2 2 4 1 2 4 0 1 
0 3 1 2 2 4 0 1 2 4 0 1 
0 3 1 2 2 4 1 0 1 1 0 5 1 
0 3 0 2 3 4 1 0 1 0 0 1 4 1 
0 3 1 1 0 3 4 0 0 2 0 0 1 4 1 
0 1 3 0 1 0 3 4 0 0 0 0 0 0 2 6 
0 1 3 1 0 2 2 0 3 0 0 0 0 0 0 3 5 
0 1 3 1 0 2 2 0 0 3 0 0 0 0 0 3 0 5 
0 1 3 1 0 0 2 0 1 1 3 0 0 0 1 1 1 0 5 
0 1 3 1 0 2 2 0 1 4 0 3 0 0 1 1 0 1 0 5 
