183
0
550
0
136
9
13
153
0
0
153
0
0
130
283
49
9
0
0
283
0
0
102
0
0
0
0
153
0
0
19
0
55
0
0
0
7
0
130
175
0
102
0
0
0
30
0
0
9
11
8
0
61
102
0
0
0
0
8
0
958
192
192
9
192
0
0
0
0
0
192
0
183
0
0
183
102
4
0
500
32
102
283
0
0
665
75
884
192
917
147
0
102
183
802
905
9
0
0
0
0
0
0
422
0
0
0
0
0
0
0
102
0
0
0
422
192
0
283
0
283
0
32
0
54
29
16
9
0
0
0
8
102
0
0
0
9
0
61
9
0
0
0
183
9
9
0
283
967
0
0
0
0
0
192
0
0
283
32
0
102
153
0
192
192
9
0
0
917
0
0
0
0
283
0
0
0
130
0
0
8
0
0
0
283
0
815
283
0
9
845
20
29
64
49
13
75
0
0
283
136
969
10
0
0
802
183
0
0
183
0
192
969
0
75
0
0
192
499
0
0
75
0
30
102
67
0
192
0
283
102
0
0
802
0
0
147
192
0
5
102
0
0
102
0
136
0
0
43
136
183
665
0
0
9
0
0
0
0
283
499
0
9
0
49
371
183
0
665
922
0
0
5
303
500
49
0
147
0
0
9
550
0
283
0
147
0
0
147
0
183
0
0
0
102
9
18
32
0
0
13
0
0
192
499
102
924
9
0
102
147
75
0
136
0
8
102
923
0
8
11
0
32
0
0
964
0
183
499
0
0
499
550
102
947
175
25
422
102
283
32
802
0
0
0
303
0
0
32
9
130
0
48
0
9
2
0
0
0
5
75
0
0
0
828
13
75
34
0
0
969
0
0
0
0
0
0
0
0
0
0
9
0
283
183
740
136
0
32
0
0
32
48
0
0
1
0
0
0
192
0
0
183
0
102
0
0
0
192
0
0
0
0
0
102
0
0
0
0
175
0
183
136
32
0
0
0
0
0
0
75
0
0
102
0
54
0
0
102
136
102
102
0
0
0
422
0
500
14
0
0
0
192
0
147
0
802
0
9
153
854
13
136
0
13
0
0
0
0
192
0
102
32
0
192
102
5
0
665
0
130
0
102
9
102
0
0
0
0
102
500
665
283
32
0
183
0
0
0
0
9
0
8
192
40
0
0
0
500
500
0
0
0
853
499
0
0
0
9
0
9
0
828
11
0
500
11
0
0
0
0
0
29
0
0
0
0
0
153
47
9
0
0
422
0
0
0
283
0
0
183
0
9
0
283
102
22
0
0
49
0
0
75
500
0
0
0
75
0
0
9
0
0
192
9
9
0
102
43
75
283
32
0
102
1
0
8
0
839
0
0
0
0
0
35
0
147
0
9
147
422
500
0
192
55
192
0
884
943
0
0
5
75
283
0
0
550
0
43
691
0
192
192
0
192
192
0
839
102
0
303
8
9
0
0
0
740
153
0
153
4
283
0
136
0
136
0
0
0
0
136
0
183
0
32
422
0
0
0
29
0
192
61
0
0
0
0
0
212
0
130
1
61
0
50
0
0
192
0
0
0
0
283
32
130
0
0
0
0
9
0
802
43
75
0
0
175
0
0
911
5
4
0
0
102
0
0
0
0
7
0
371
9
102
0
25
48
0
943
149
0
102
283
0
102
183
75
102
0
64
18
0
0
0
283
0
6
0
192
0
75
9
0
0
102
8
283
0
102
0
0
0
20
0
9
0
0
0
500
0
0
0
0
917
1
957
0
9
0
0
75
1
0
183
9
1
32
13
0
372
0
102
32
0
0
25
0
3
0
175
183
0
75
183
0
0
9
3
48
0
3
0
378
130
102
0
303
0
32
0
0
550
192
0
0
54
35
0
303
0
192
283
102
0
0
0
32
0
0
9
0
192
0
32
665
0
11
0
9
5
0
102
75
0
13
0
75
0
0
0
1
0
303
0
192
9
839
0
372
9
5
0
283
0
500
35
9
136
192
0
9
147
102
183
0
9
0
102
0
0
13
0
0
0
500
903
0
19
0
0
0
0
9
733
0
0
25
0
0
192
0
0
0
0
28
500
0
0
0
303
0
2
0
499
0
0
0
0
32
0
49
0
0
0
77
192
0
9
183
283
32
9
136
0
0
136
4
192
75
32
0
183
0
0
0
0
0
13
0
0
9
0
32
43
0
0
9
303
0
0
0
183
32
64
0
0
740
32
0
0
13
0
0
130
