0
0
444
45
454
17
75
151
0
107
316
95
0
107
0
18
0
0
0
0
0
18
0
0
0
0
0
0
0
0
115
0
0
79
20
0
0
8
0
24
8
18
10
18
0
0
11
151
107
13
757
107
0
247
0
0
61
0
0
60
247
0
0
3
18
0
0
55
8
0
0
15
33
0
0
639
2
13
18
61
0
275
18
0
0
454
0
3
0
0
18
729
107
444
0
454
0
0
0
0
0
151
151
0
182
133
0
0
0
0
0
275
18
0
0
0
564
0
0
182
151
0
247
0
107
46
0
912
0
757
15
0
151
0
1
454
18
0
34
316
0
0
0
182
639
639
18
0
316
8
0
15
0
0
0
155
155
61
0
55
0
0
0
0
0
0
0
0
58
107
0
316
10
421
0
0
639
0
0
0
25
1
107
0
18
0
0
46
0
107
454
151
0
0
0
107
0
151
107
30
0
0
0
0
107
0
316
9
15
207
454
20
151
0
107
316
0
0
2
0
0
247
0
55
0
13
22
155
0
0
275
275
0
151
0
0
107
0
564
107
0
25
7
151
0
155
0
0
0
0
1
107
61
0
0
18
0
32
0
111
0
0
13
0
8
0
0
247
0
107
0
0
0
55
0
772
0
0
69
107
0
0
20
107
182
0
0
0
0
25
0
0
316
0
275
454
0
100
0
0
0
0
0
0
61
454
0
247
151
182
0
0
0
0
0
0
0
107
15
0
45
0
151
0
0
275
18
0
0
0
0
799
454
0
18
0
0
33
20
0
0
0
151
15
0
61
0
3
564
20
0
0
528
454
0
0
247
46
0
155
0
0
18
0
0
0
0
247
454
564
0
0
247
0
0
0
0
40
107
0
0
0
247
0
20
275
365
0
799
0
0
454
454
0
0
564
0
0
275
0
0
961
0
824
0
0
0
0
639
107
107
0
0
0
0
151
30
0
107
0
316
182
0
0
0
46
111
155
0
365
0
454
0
107
0
454
0
46
444
0
0
0
0
151
365
2
3
0
31
0
0
0
0
151
77
421
0
3
0
757
107
61
454
4
275
18
963
0
797
0
151
0
18
0
155
0
316
0
46
0
0
18
4
0
0
0
0
0
22
0
182
0
18
275
885
24
0
0
898
55
0
0
15
18
316
0
4
247
8
247
61
0
151
275
0
0
0
0
247
275
667
0
18
8
151
0
95
0
0
316
0
0
30
0
24
46
316
0
0
0
275
107
33
316
0
151
0
0
0
0
0
0
0
107
919
0
18
0
18
107
0
30
0
58
0
0
61
0
0
0
18
0
0
824
0
316
0
0
0
0
247
0
0
0
151
365
18
0
107
20
133
757
0
0
107
0
25
0
107
18
61
0
0
0
55
151
275
0
0
0
0
0
0
0
0
0
0
151
247
107
0
0
0
0
0
772
0
0
0
956
0
0
0
0
182
0
117
0
0
107
0
46
33
454
3
757
316
107
0
151
639
18
0
0
0
0
0
0
0
824
55
0
18
0
0
0
0
4
22
0
0
25
0
151
0
834
18
0
0
0
0
18
0
0
20
564
0
107
151
107
564
528
0
33
0
0
107
0
0
55
454
0
0
0
0
0
0
25
0
18
46
0
0
0
12
0
834
95
7
0
0
207
8
0
0
10
0
151
0
0
0
0
15
0
0
22
0
155
8
316
0
639
0
0
639
0
0
0
0
33
247
182
50
0
0
18
107
0
5
0
0
275
30
0
0
0
0
959
0
151
30
0
0
0
18
18
247
0
316
0
0
247
0
15
0
0
55
0
0
0
316
0
0
107
0
275
0
0
0
107
107
0
15
0
11
275
18
55
365
0
0
18
15
0
0
46
151
18
0
155
0
0
0
639
61
182
0
13
0
0
15
275
55
0
0
0
107
0
0
0
0
133
45
0
0
0
0
0
0
0
25
0
151
0
0
55
75
13
0
0
933
0
805
155
639
0
0
316
0
0
151
46
0
0
155
58
0
46
0
772
107
0
0
0
117
46
0
0
0
695
639
0
0
8
0
22
18
55
0
30
107
0
4
30
0
564
0
107
117
0
61
107
107
22
8
46
0
151
0
18
0
107
669
0
107
0
444
275
107
0
0
0
0
0
15
824
275
4
151
0
0
46
0
8
444
275
0
18
0
0
107
79
0
30
107
0
18
797
0
46
4
107
61
12
0
275
151
