20
0
288
113
0
0
17
29
0
0
0
0
0
63
557
21
0
660
0
0
0
0
510
0
0
0
419
149
0
419
0
419
241
241
0
241
878
28
0
0
0
0
29
660
149
0
0
706
0
877
0
0
0
0
0
28
0
0
557
0
974
29
0
0
0
53
19
17
17
0
0
0
48
419
407
23
0
0
0
0
0
17
20
113
12
0
0
0
140
0
0
0
0
0
241
2
0
648
17
0
510
0
29
0
0
0
196
584
149
0
28
17
0
584
0
0
0
0
143
0
22
29
0
17
141
241
241
5
0
660
17
0
0
241
0
0
28
0
0
0
12
815
510
0
407
0
17
17
0
157
41
0
0
29
0
0
407
815
0
29
17
149
0
140
149
41
0
510
0
0
113
0
0
0
5
0
19
110
0
0
0
241
0
0
0
0
17
0
113
29
29
0
0
0
116
0
29
196
0
0
149
22
0
0
40
241
143
0
510
143
0
0
31
140
648
0
0
17
0
962
5
0
56
0
584
140
0
0
0
510
510
17
12
17
0
419
29
0
0
557
113
0
149
0
113
0
0
0
48
0
0
0
29
0
213
0
55
510
0
0
0
407
0
140
0
51
739
0
419
0
0
0
0
0
0
0
44
29
113
17
110
141
0
584
0
675
0
113
0
419
0
557
706
0
149
17
149
0
11
510
0
584
149
0
20
12
0
8
727
1
0
584
29
28
0
0
0
0
113
0
148
2
0
25
5
0
17
17
0
17
241
14
0
1
687
0
0
0
29
0
0
0
116
2
0
407
149
0
0
0
635
29
7
0
510
0
0
0
29
17
17
201
7
0
157
149
48
21
0
675
0
0
148
0
5
0
0
0
0
149
63
0
16
0
288
0
0
0
148
706
0
419
0
17
0
0
53
0
29
5
17
17
0
0
0
0
20
29
0
0
0
17
706
0
850
219
0
0
113
0
976
0
0
0
0
29
764
3
241
407
0
148
17
0
17
0
149
0
0
0
0
40
0
0
0
0
0
110
140
17
0
3
584
0
0
0
0
0
0
419
17
149
0
29
0
0
28
110
241
29
0
0
0
0
753
0
0
976
0
419
0
0
0
419
0
510
17
110
0
0
938
241
116
0
510
706
0
660
0
143
0
706
0
23
0
0
0
871
113
876
660
29
0
0
0
0
17
0
0
0
584
0
0
0
149
0
0
0
149
0
0
0
63
224
51
20
0
0
143
5
41
41
0
28
0
0
113
0
0
0
28
0
17
0
0
584
0
7
17
288
157
0
241
0
17
17
32
407
0
419
0
241
241
0
140
29
116
0
23
0
0
18
0
41
0
1
0
20
0
0
17
9
149
0
32
149
0
0
0
149
876
0
288
116
241
110
0
0
0
0
0
17
0
0
0
17
116
149
407
0
0
143
0
12
0
0
0
0
687
1
0
29
0
24
0
0
23
407
0
0
3
0
149
47
0
149
0
149
753
17
0
4
113
0
0
140
0
753
0
944
687
28
0
23
0
19
0
24
8
0
5
148
0
0
0
149
7
149
0
0
0
0
0
0
407
0
51
635
0
0
28
419
113
140
11
0
23
51
141
0
510
28
0
0
0
0
0
0
17
0
110
738
0
0
143
0
0
0
0
419
0
0
1
0
0
660
0
0
1
0
825
113
116
11
0
20
9
24
0
17
149
321
28
0
143
0
0
28
0
0
0
510
0
648
0
770
841
53
73
63
0
5
0
0
0
883
140
0
0
0
5
885
0
825
29
0
0
0
149
0
675
419
2
0
0
510
419
0
419
407
0
0
29
0
241
0
113
17
188
29
241
5
149
0
0
510
0
20
0
0
110
29
241
407
241
2
17
407
110
0
28
0
51
110
0
33
0
0
745
196
5
116
1
23
0
510
0
0
0
0
0
943
0
0
5
0
0
0
40
0
17
17
19
16
419
419
140
143
40
0
0
910
0
407
24
62
29
557
0
28
29
0
0
5
33
0
241
0
0
23
0
17
0
0
241
29
0
29
29
0
876
0
0
0
17
706
0
419
28
0
17
23
0
0
0
0
0
20
0
0
0
0
0
17
0
29
0
557
17
0
407
29
17
57
29
157
0
