517
0
30
0
0
0
667
35
0
334
9
244
0
178
389
0
60
517
0
0
0
0
122
334
16
0
0
0
71
0
178
244
0
17
334
0
0
0
0
750
708
0
0
0
122
708
0
0
0
0
0
0
0
0
0
838
60
0
0
60
334
3
178
21
25
662
517
2
19
178
752
10
21
0
0
0
0
517
0
21
3
2
0
0
30
0
0
0
789
10
0
461
0
869
42
0
5
0
142
0
16
428
0
0
479
244
0
0
0
0
0
244
178
0
1
517
10
244
386
60
799
60
0
0
244
428
0
0
0
60
0
0
44
0
334
0
0
0
700
784
31
60
122
244
0
834
0
0
0
517
0
42
84
0
0
0
178
386
9
3
461
334
0
0
752
42
625
178
10
517
60
0
5
0
517
9
0
861
0
191
9
334
30
0
0
0
845
10
0
142
0
88
16
0
0
60
10
334
0
16
0
0
0
0
178
0
84
334
0
244
0
656
42
5
10
21
0
903
88
836
334
0
60
60
0
84
479
178
895
151
0
0
386
0
0
0
0
0
2
0
0
178
0
60
60
187
625
0
0
196
0
334
88
35
656
0
0
178
0
31
386
417
0
142
0
625
0
0
81
0
0
0
84
0
417
142
0
0
0
0
88
0
0
0
0
12
0
479
0
21
88
386
60
0
0
0
0
0
71
0
801
0
60
178
0
0
0
0
0
0
0
0
0
35
21
0
708
0
0
386
5
0
198
0
60
728
656
60
9
0
0
0
60
178
0
0
10
0
5
71
0
178
6
84
0
0
479
178
42
0
0
0
10
0
84
60
0
88
0
386
0
2
0
11
0
0
0
0
244
10
60
0
0
0
0
16
0
0
60
0
0
0
0
0
386
517
0
0
60
0
0
334
0
0
0
0
81
0
2
9
0
0
891
0
178
784
22
60
88
0
71
244
0
0
178
11
0
178
0
0
0
0
198
0
4
178
0
0
149
893
123
9
0
0
0
0
0
0
0
3
9
178
25
858
7
867
0
0
244
0
667
0
0
21
0
0
9
0
0
9
12
0
60
864
0
122
0
10
0
0
461
0
0
0
196
708
0
77
2
0
84
0
10
178
43
0
0
0
386
58
829
0
0
0
10
801
0
0
0
334
0
0
0
25
0
178
386
10
428
122
9
5
625
88
7
0
0
0
5
0
0
0
88
0
793
178
428
0
178
13
0
0
428
0
0
417
0
0
0
0
12
428
517
386
0
0
0
0
31
0
0
0
0
0
7
42
0
178
88
0
0
334
244
0
244
517
88
0
0
812
0
334
0
0
3
1
386
142
0
0
0
0
30
25
244
0
0
0
903
35
834
0
2
0
0
0
0
9
0
16
10
0
0
0
0
178
0
0
0
0
142
386
7
0
0
60
0
0
0
6
0
0
75
198
0
244
178
0
0
783
0
0
428
0
0
0
517
0
861
0
0
0
244
30
5
244
0
0
428
0
0
0
334
0
0
417
0
0
0
334
625
0
0
0
0
35
0
0
142
0
719
0
428
142
386
0
417
142
0
10
334
196
178
428
0
0
0
417
0
417
0
244
0
84
178
0
0
0
10
88
9
0
0
0
0
0
0
0
0
7
877
25
9
244
60
517
0
0
386
0
0
0
0
0
0
0
0
334
0
0
151
10
0
0
869
903
0
0
0
178
417
142
0
0
0
0
789
79
178
178
10
0
752
178
708
17
0
0
0
0
0
9
517
142
0
0
0
0
0
0
60
0
0
198
386
479
0
428
334
334
0
334
244
0
81
0
0
0
428
0
0
0
88
0
16
0
122
334
0
9
0
0
60
625
0
142
0
0
0
0
0
10
417
178
35
334
0
0
0
0
0
0
9
0
0
0
10
0
0
30
31
517
10
0
0
0
9
7
838
0
0
0
42
784
517
60
0
84
71
0
21
88
0
0
0
0
0
178
0
60
0
0
10
0
0
0
0
178
88
178
30
60
9
0
0
10
88
708
334
417
160
88
0
428
0
0
0
0
10
5
0
0
187
0
0
16
244
84
0
1
0
625
0
0
0
0
875
0
0
25
0
187
0
0
96
0
0
0
0
0
42
71
0
417
10
0
417
178
