0
0
0
0
52
463
0
0
92
0
463
0
42
92
0
0
661
76
42
50
823
0
463
0
0
83
184
70
260
61
52
0
50
0
163
4
210
463
52
42
925
0
36
0
0
83
661
0
864
0
25
0
0
40
463
52
0
0
0
0
0
1
92
0
52
0
705
463
92
912
184
653
0
512
0
0
76
0
512
163
653
76
2
0
0
0
92
76
0
0
885
52
705
4
207
625
682
0
0
0
0
674
0
455
653
0
661
512
184
0
163
32
0
463
0
697
0
83
0
0
155
0
36
122
0
197
76
42
759
0
0
702
0
0
0
0
625
0
92
129
2
0
263
653
0
0
21
0
0
463
463
958
674
0
36
52
921
0
512
823
0
0
0
0
8
0
0
463
0
42
0
0
76
4
0
0
0
0
155
455
0
0
36
0
11
52
52
0
11
670
50
113
0
0
648
0
85
52
184
0
52
83
714
0
0
0
0
0
0
0
105
0
52
0
0
127
0
908
76
0
92
19
661
52
52
0
0
83
682
0
123
648
0
0
0
661
0
0
61
0
0
0
653
0
0
0
0
697
0
0
36
0
0
209
0
83
11
851
0
0
0
0
0
83
0
0
0
12
0
674
0
0
19
455
463
11
0
0
11
0
17
0
36
0
19
0
918
52
958
648
653
155
0
625
12
0
21
710
0
0
52
11
0
0
0
11
463
697
0
76
11
83
0
0
777
6
0
0
260
19
0
52
163
163
0
682
76
0
85
0
19
953
76
76
0
0
0
0
28
197
661
0
0
4
0
0
0
105
0
19
0
0
0
653
11
0
52
123
76
0
0
76
0
0
0
0
463
1
207
682
197
0
0
49
76
155
953
92
0
50
30
0
12
0
52
0
0
50
0
0
0
0
30
463
4
4
8
92
0
0
76
0
76
0
42
0
512
0
52
674
0
0
0
0
0
0
0
0
0
11
2
0
0
0
0
0
0
83
76
2
0
0
16
50
83
803
0
0
0
83
163
11
0
0
455
0
0
915
0
0
52
0
0
85
50
0
92
197
714
0
92
0
0
0
0
30
0
682
42
790
49
50
0
42
0
0
52
0
455
0
0
0
0
0
864
864
604
0
76
155
674
604
0
0
2
682
52
0
0
163
0
0
0
0
0
0
52
0
76
209
455
36
463
0
92
0
52
777
0
83
0
751
0
50
42
0
0
92
0
0
0
0
0
11
653
52
0
0
83
76
455
52
0
11
0
34
4
0
463
6
0
0
0
0
2
1
0
0
4
155
512
0
653
4
0
0
52
197
0
36
823
0
52
0
92
0
256
941
92
0
463
0
0
11
0
43
0
52
0
0
0
0
0
0
19
0
463
0
0
917
0
11
0
42
36
0
83
0
0
30
945
52
512
0
682
0
0
0
0
0
17
2
914
0
0
0
0
0
0
43
907
463
0
0
36
207
9
0
9
65
36
0
0
50
0
49
163
0
110
52
0
0
52
0
61
0
0
951
702
2
0
76
260
11
0
0
0
105
0
0
11
0
0
0
116
0
648
0
512
697
19
0
0
721
76
463
83
83
512
463
19
36
0
0
0
0
0
0
0
197
0
0
0
0
92
0
0
0
83
52
0
0
463
0
0
155
42
0
0
0
455
0
0
918
0
49
4
9
0
0
0
2
52
0
6
674
0
83
0
42
661
19
0
197
0
455
0
512
0
0
52
92
0
52
0
682
0
0
0
92
0
76
0
19
682
135
0
19
0
0
4
155
455
0
0
661
0
36
0
0
0
83
0
0
52
0
70
0
0
0
124
0
92
52
674
52
0
0
0
197
40
0
512
0
0
50
0
50
0
0
0
0
19
92
52
0
0
50
0
0
653
25
0
42
105
0
92
65
0
0
116
0
70
116
52
0
0
759
0
32
110
923
512
0
76
927
0
0
2
0
0
135
0
0
92
0
0
0
0
0
52
65
4
0
0
83
92
0
184
0
0
0
697
4
0
0
0
0
83
0
0
0
0
4
0
0
0
83
661
0
0
0
92
915
0
0
0
922
5
0
674
0
455
0
0
76
710
56
83
0
0
12
76
121
52
0
847
92
92
0
52
0
0
110
0
52
3
0
0
0
0
0
463
0
0
260
463
463
937
0
463
0
0
0
0
0
52
50
0
83
9
661
83
463
83
0
674
207
0
4
674
0
0
83
30
197
759
1
0
4
0
0
0
715
0
604
