18446630762333876316
18423909590519364175
18445223070107393984
18446565292956783316
18445774493209859756
18446630762333876316
18445223070107393984
18446565292956783316
18218398872230183899
18445774493209859756
18444246693136870590
18446279129656824808
18445774493209859756
18445774493209859756
18446565292956783316
18445345104566888427
18446374367703921069
18446565292956783316
18445774493209859756
18446564535909241230
18446565292956783316
18446052845450411395
18446279129656824808
18446565292956783316
18446362691823003446
18446630762333876316
18446565292956783316
18404453494752583117
18446374367703921069
18445774493209859756
18446279129656824808
18446630762333876316
18446565292956783316
18445774493209859756
18446279129656824808
18446279129656824808
18388554736833467122
18446279129656824808
18445774493209859756
18446565292956783316
18444246693136870590
18446279129656824808
17344332352430504205
18446279129656824808
18446374367703921069
18446279129656824808
18446565292956783316
18445774493209859756
18445733371012661701
18446374367703921069
18446279129656824808
18446565292956783316
18446109796032615267
18411234682486834863
18446565292956783316
18441628383375459929
18446279129656824808
18445774493209859756
18445774493209859756
18443350432862682524
18446564535909241230
18446565292956783316
18425299722451265245
18409127312631839521
18446279129656824808
18446279129656824808
18445774493209859756
18445223070107393984
18425185397411667658
18446565292956783316
18446279129656824808
18441378320976110100
18445774493209859756
18446374367703921069
18445774493209859756
18435314891283495501
17150974467534595494
18445774493209859756
18439690211569838879
18446374367703921069
18446362691823003446
18446374367703921069
18445774493209859756
18445774493209859756
18446374367703921069
15200108787960320376
18446109796032615267
18446630762333876316
18446362691823003446
18446374367703921069
18444353619647805456
18446565292956783316
18445774493209859756
18446279129656824808
18181855418995190712
18446565292956783316
18446565292956783316
18446251134813041473
18445774493209859756
18446374367703921069
18443830121399791575
18441378320976110100
18441628383375459929
18079766582373456996
18446630762333876316
18436569443222485575
18445774493209859756
18446565292956783316
18446630762333876316
18446565292956783316
18446279129656824808
18446565292956783316
18437760300086736863
18446565292956783316
18446279129656824808
18345069476943851826
18445774493209859756
18446279129656824808
18446565292956783316
8294541573482043510
18446565292956783316
18445223070107393984
18446279129656824808
18446565292956783316
18445774493209859756
18446279129656824808
18446630762333876316
18446279129656824808
18446565292956783316
18446565292956783316
18446565292956783316
18446564535909241230
18446565292956783316
18446630762333876316
18446251134813041473
18446279129656824808
18446630762333876316
18446630762333876316
18446279129656824808
18446565292956783316
18446630762333876316
18404453494752583117
18446565292956783316
18445223070107393984
18446565292956783316
18445345104566888427
18441628383375459929
18444246693136870590
18446279129656824808
18446565292956783316
18446630762333876316
18446630762333876316
18443350432862682524
18441628383375459929
18445774493209859756
18436569443222485575
18446374367703921069
18446279129656824808
18411234682486834863
18446565292956783316
18446279129656824808
18446279129656824808
17851800516384964988
18439690211569838879
18443350432862682524
18438440031636090960
18441628383375459929
18446565292956783316
18444353619647805456
18445774493209859756
18445223070107393984
18311558061674457713
18446565292956783316
18446279129656824808
18446565292956783316
18445223070107393984
18446630762333876316
18446565292956783316
18446565292956783316
18445774493209859756
18445774493209859756
18445774493209859756
18445774493209859756
18446565292956783316
18292816535957474841
18446279129656824808
18445774493209859756
18446565292956783316
18446279129656824808
18445733371012661701
18434512568687019994
18443830121399791575
18446362691823003446
18446279129656824808
18414966266482494341
18445774493209859756
18446279129656824808
18446565292956783316
18446630762333876316
18445774493209859756
18439683535223353196
18445223070107393984
18446279129656824808
18446630762333876316
18446279129656824808
18446630762333876316
18445774493209859756
18444246693136870590
18446630762333876316
18446565292956783316
18446630762333876316
18441378320976110100
18445774493209859756
18445774493209859756
18446564535909241230
18434512568687019994
18111261636648682100
18446565292956783316
18446565292956783316
18446279129656824808
18445774493209859756
18446565292956783316
18445733371012661701
18435314891283495501
18446565292956783316
18435314891283495501
18446630762333876316
18446279129656824808
18445774493209859756
18445774493209859756
18446279129656824808
18446374367703921069
18445774493209859756
18446565292956783316
18430887037279985878
18445774493209859756
18446630762333876316
18444353619647805456
18446565292956783316
18446251134813041473
17630642023671370445
18446279129656824808
18446374367703921069
18434512568687019994
18446565292956783316
18446251134813041473
18446374367703921069
18446279129656824808
18446630762333876316
18425185397411667658
18445774493209859756
18446279129656824808
18446279129656824808
18446279129656824808
18446279129656824808
18446374367703921069
18445223070107393984
18446565292956783316
18445774493209859756
18445774493209859756
18446279129656824808
18444246693136870590
18446565292956783316
18445774493209859756
18446630762333876316
18445774493209859756
18425299722451265245
18446565292956783316
18446565292956783316
18446362691823003446
18445774493209859756
17985247466134587856
18446565292956783316
18439683535223353196
16096791176615256687
18446565292956783316
17808049593534748182
17812370270705525472
18446279129656824808
18446251134813041473
18446251134813041473
18434512568687019994
18446630762333876316
18446565292956783316
18446279129656824808
18444353619647805456
18446565292956783316
18446279129656824808
18446362691823003446
18446565292956783316
17967746954336110914
18439690211569838879
18446565292956783316
18398071398387223757
18446279129656824808
18446565292956783316
18445774493209859756
18446279129656824808
18446565292956783316
18446279129656824808
18446279129656824808
18445223070107393984
18436569443222485575
18446279129656824808
18446279129656824808
18446374367703921069
18445223070107393984
18445733371012661701
18446279129656824808
18446279129656824808
18446109796032615267
18446565292956783316
18446565292956783316
18388554736833467122
18446565292956783316
18446630762333876316
18445774493209859756
18423909590519364175
18446279129656824808
18446630762333876316
18446565292956783316
18394075166252384567
18278565689348419610
18445774493209859756
18442456938560207266
18445774493209859756
18446630762333876316
18434716251719897987
18446279129656824808
18446279129656824808
18445774493209859756
18441628383375459929
18446279129656824808
18446374367703921069
18446374367703921069
18446630762333876316
18446565292956783316
18446565292956783316
18445774493209859756
18445223070107393984
18446565292956783316
18445774493209859756
18446279129656824808
18356921144042574283
18446565292956783316
18445774493209859756
18446251134813041473
18446564535909241230
18446630762333876316
18446279129656824808
18446279129656824808
18446630762333876316
18446565292956783316
18446279129656824808
18446565292956783316
18445774493209859756
18446279129656824808
18445774493209859756
18445774493209859756
18445774493209859756
18446279129656824808
18402493532786941331
17332215973220822124
18445345104566888427
18441628383375459929
18406015459083678485
18398071398387223757
18446630762333876316
18446630762333876316
18446565292956783316
18446279129656824808
18446279129656824808
18446565292956783316
18445774493209859756
18445774493209859756
18446565292956783316
18446279129656824808
18446279129656824808
18445774493209859756
18446362691823003446
18446565292956783316
18434512568687019994
18446362691823003446
18446630762333876316
18446279129656824808
18445774493209859756
18445223070107393984
18446564535909241230
18436569443222485575
18446279129656824808
18446279129656824808
18445774493209859756
18446565292956783316
18406015459083678485
18446630762333876316
18446565292956783316
17991240596433428944
18446565292956783316
18434512568687019994
18430887037279985878
18439683535223353196
18445774493209859756
18446374367703921069
18446565292956783316
18446630762333876316
18446564535909241230
16585948487339805296
18446279129656824808
18446565292956783316
18446279129656824808
18445774493209859756
18445223070107393984
18446565292956783316
18446630762333876316
18446279129656824808
18446279129656824808
18445774493209859756
18446630762333876316
18445223070107393984
18446565292956783316
18446630762333876316
18446374367703921069
18446374367703921069
18434512568687019994
18445733371012661701
18445345104566888427
18445733371012661701
18441628383375459929
18137167377001986519
18405472204692816481
18446279129656824808
18432340487881336080
18446362691823003446
18409978841327219778
18446279129656824808
18446279129656824808
18446374367703921069
18446630762333876316
18445223070107393984
18406015459083678485
18442456938560207266
18445774493209859756
18446279129656824808
18446362691823003446
18446374367703921069
18446565292956783316
18446565292956783316
18445774493209859756
18436411936439985657
18446565292956783316
18445774493209859756
18434512568687019994
18446565292956783316
18445774493209859756
18446279129656824808
18446565292956783316
18446564535909241230
18446564535909241230
18446374367703921069
18446279129656824808
18446251134813041473
18446565292956783316
18445774493209859756
18446565292956783316
18446279129656824808
18446109796032615267
18446374367703921069
18445774493209859756
18445774493209859756
18445774493209859756
18446279129656824808
18446362691823003446
18445345104566888427
18445733371012661701
18443791671039926500
18446279129656824808
18445774493209859756
18446374367703921069
18446630762333876316
18446565292956783316
18446630762333876316
18445345104566888427
18446565292956783316
18446630762333876316
18446251134813041473
18446565292956783316
18356921144042574283
18446279129656824808
18445774493209859756
18446279129656824808
18445774493209859756
18446630762333876316
18432340487881336080
18446109796032615267
18446109796032615267
18446565292956783316
18443350432862682524
18446565292956783316
18446374367703921069
17386564672468076349
18380051340602380659
18446279129656824808
18446565292956783316
18445774493209859756
18446564535909241230
18441628383375459929
18270110789199211972
18446565292956783316
18446362691823003446
18437760300086736863
18446279129656824808
18446279129656824808
18404914789066688283
18446630762333876316
18444246693136870590
18446565292956783316
18446565292956783316
18442968830082545936
18445774493209859756
18443350432862682524
18446279129656824808
18446565292956783316
18446565292956783316
18446279129656824808
18423909590519364175
18446279129656824808
18436411936439985657
18441174902898174868
18446630762333876316
18446374367703921069
18441628383375459929
18446279129656824808
18446251134813041473
18432340487881336080
18446565292956783316
18446279129656824808
18445733371012661701
18446279129656824808
18356921144042574283
18446630762333876316
18446565292956783316
18446279129656824808
18446565292956783316
18446279129656824808
18445223070107393984
18409127312631839521
18446564535909241230
18445774493209859756
18446279129656824808
18443350432862682524
18446565292956783316
18446279129656824808
18446565292956783316
18434512568687019994
18446279129656824808
18446630762333876316
18446565292956783316
18446565292956783316
18446565292956783316
18446279129656824808
18445774493209859756
18445774493209859756
18446565292956783316
18445774493209859756
18446630762333876316
18446279129656824808
18445774493209859756
18414966266482494341
18436411936439985657
18446374367703921069
18446279129656824808
18446565292956783316
18446279129656824808
18402493532786941331
18446630762333876316
18446565292956783316
18446630762333876316
18446251134813041473
18446630762333876316
18445345104566888427
18446279129656824808
18445223070107393984
18446630762333876316
18446374367703921069
18445774493209859756
18446052845450411395
18442968830082545936
18446565292956783316
18445223070107393984
18445774493209859756
18446279129656824808
18446374367703921069
18446374367703921069
18446565292956783316
18446630762333876316
18446565292956783316
18446565292956783316
18446109796032615267
18445774493209859756
18446630762333876316
17837970168952289327
18445774493209859756
18445774493209859756
18446279129656824808
18446279129656824808
18446565292956783316
18446279129656824808
18445774493209859756
18445774493209859756
18446279129656824808
18446279129656824808
18446279129656824808
18446279129656824808
18446279129656824808
18446279129656824808
18446279129656824808
18434512568687019994
18445774493209859756
18446279129656824808
18444246693136870590
18445774493209859756
18446374367703921069
18443830121399791575
18446279129656824808
18446374367703921069
18434512568687019994
18446565292956783316
18446565292956783316
18446374367703921069
18446565292956783316
18388782493262112419
18446279129656824808
18446279129656824808
18446279129656824808
18445774493209859756
18445774493209859756
18446279129656824808
18446630762333876316
18446279129656824808
18445774493209859756
18446279129656824808
18438440031636090960
18445774493209859756
18113691944997465241
18439683535223353196
18439690211569838879
18446279129656824808
18445774493209859756
18446279129656824808
18445345104566888427
18446565292956783316
18445774493209859756
18446279129656824808
18446279129656824808
18446279129656824808
18445774493209859756
18445774493209859756
18445774493209859756
18446565292956783316
18445774493209859756
18446565292956783316
18442968830082545936
18437760300086736863
18432340487881336080
18446630762333876316
18446564535909241230
18425299722451265245
18446630762333876316
18446279129656824808
18292816535957474841
18388782493262112419
16566960834968080414
18446279129656824808
18446374367703921069
18445223070107393984
18446279129656824808
18436569443222485575
18446564535909241230
18446279129656824808
18439690211569838879
18446565292956783316
18445774493209859756
18446564535909241230
18443350432862682524
18446251134813041473
18446565292956783316
18445223070107393984
18446565292956783316
18446630762333876316
18429336265957030525
18431077571305668736
18446279129656824808
18446565292956783316
18446565292956783316
18445774493209859756
18443350432862682524
18445774493209859756
18446564535909241230
18445774493209859756
18445223070107393984
18446279129656824808
18446630762333876316
18446565292956783316
18446565292956783316
18374540447412206741
18446279129656824808
18446279129656824808
18446565292956783316
18446374367703921069
18445774493209859756
18446374367703921069
18446374367703921069
18446565292956783316
18445774493209859756
18446630762333876316
18446109796032615267
18446630762333876316
18446279129656824808
18446565292956783316
18446279129656824808
18446564535909241230
18446565292956783316
18446565292956783316
18432340487881336080
18446565292956783316
18446279129656824808
18441628383375459929
18446279129656824808
3309412631608969049
18446630762333876316
18446374367703921069
18445774493209859756
8419928265663381224
18446565292956783316
18446251134813041473
18445774493209859756
18446565292956783316
18445774493209859756
18445774493209859756
18446565292956783316
18438440031636090960
18446279129656824808
18445345104566888427
18446565292956783316
18446630762333876316
18446374367703921069
18446279129656824808
18446279129656824808
18446279129656824808
18446109796032615267
18446564535909241230
18446565292956783316
18446565292956783316
18445223070107393984
18446279129656824808
18444246693136870590
18446374367703921069
18445774493209859756
18446630762333876316
18446109796032615267
18445774493209859756
18446251134813041473
18446565292956783316
18445774493209859756
18443791671039926500
18446630762333876316
18445223070107393984
18445223070107393984
18442968830082545936
18445774493209859756
18446565292956783316
18432340487881336080
18446565292956783316
18446279129656824808
18445223070107393984
18446279129656824808
18445774493209859756
18446565292956783316
18438440031636090960
18446565292956783316
18446109796032615267
18446630762333876316
18446630762333876316
18446565292956783316
18446630762333876316
18446374367703921069
18414966266482494341
18441628383375459929
18446565292956783316
18446565292956783316
18446279129656824808
18446279129656824808
18445774493209859756
18446565292956783316
18446279129656824808
18446279129656824808
18446279129656824808
18446374367703921069
18446630762333876316
18437760300086736863
18400939021703019280
18446109796032615267
18445733371012661701
18445774493209859756
18445774493209859756
18446109796032615267
18420666549204095181
18441628383375459929
18446279129656824808
18446279129656824808
18446279129656824808
18446565292956783316
18446374367703921069
18446630762333876316
18446630762333876316
18445774493209859756
18446279129656824808
18446279129656824808
18445774493209859756
18446279129656824808
18446630762333876316
17807706497366832053
18445733371012661701
