2143704053
2015166884
2144556949
1506308040
2142362987
2146632215
2146632215
2146632215
2068269397
2142362987
2146632215
2006544757
1770530002
222742550
2144556949
1956018045
2144556949
2015166884
2143704053
2068269397
2146632215
2143704053
1996001683
2071697628
2053600747
2053600747
1996001683
2102100605
2143704053
2053600747
2146632215
2143704053
2142362987
2101977137
2140800207
2144556949
2006544757
2142362987
2143704053
2146632215
2140800207
2140800207
2143704053
2146632215
2144556949
2142362987
2146632215
2146632215
977704029
