18349122426892637836
18424642816185963297
18424642816185963297
18424642816185963297
18349122426892637836
18420780803664287153
18277913093397412488
17871483453190793308
18424642816185963297
18069965037404788116
18223716617114570485
18238121302688681955
17871483453190793308
18424642816185963297
18424642816185963297
18277913093397412488
18424642816185963297
18424642816185963297
18424642816185963297
18272942048689948284
18281296438440720041
18424642816185963297
17871483453190793308
18281296438440720041
18424642816185963297
18349122426892637836
18281296438440720041
17886998505770378903
17886998505770378903
17886998505770378903
18424642816185963297
18142728481111315950
18420780803664287153
18223716617114570485
18424642816185963297
18281296438440720041
14105418164096342266
18424642816185963297
18069965037404788116
18281296438440720041
18142728481111315950
18215848495579818687
18223716617114570485
18042361610090019324
18277913093397412488
17886998505770378903
17401308127716177980
18349122426892637836
14871738239565578989
18223716617114570485
