18441496847620896589
18441496847620896589
18445094639670047188
18441496847620896589
18445765861805163112
18424814129852331111
18446283483869534143
18446283483869534143
18446283483869534143
18412436574599782921
18199294547530283708
18429141228278740003
18445765861805163112
18441496847620896589
18446283483869534143
18199491874469836694
18446283483869534143
18446283483869534143
18424814129852331111
18445765861805163112
18446283483869534143
18446283483869534143
18445765861805163112
18445094639670047188
18446283483869534143
18441496847620896589
18445765861805163112
18446283483869534143
18446283483869534143
18442277027429914963
18446283483869534143
18446283483869534143
18429141228278740003
18412436574599782921
18386978149186013495
18417858264938073643
18446283483869534143
18446283483869534143
18445765861805163112
18441496847620896589
18445765861805163112
18446283483869534143
18446283483869534143
18446283483869534143
18446283483869534143
18446283483869534143
18446283483869534143
18446283483869534143
18325152049562344208
18443297511886481222
18446283483869534143
18443297511886481222
18429141228278740003
18417858264938073643
18445765861805163112
18418212187595055676
18446283483869534143
18446283483869534143
18417858264938073643
18446283483869534143
18397678293991964847
18413546541470482990
18445765861805163112
18445765861805163112
18446283483869534143
18443297511886481222
18445765861805163112
18446283483869534143
18446283483869534143
18265722297448322566
18446283483869534143
18446283483869534143
18446283483869534143
18446283483869534143
18445765861805163112
18386978149186013495
18445765861805163112
18445094639670047188
18446283483869534143
18424217668271116852
18397678293991964847
18446283483869534143
18441496847620896589
18442277027429914963
18123516321112473904
18429141228278740003
18446283483869534143
18374950292567428110
18375472680658727946
18349397896234983776
18445765861805163112
18413546541470482990
18443297511886481222
18446283483869534143
18441496847620896589
18446283483869534143
18429141228278740003
18446283483869534143
18429141228278740003
18446283483869534143
18446283483869534143
18424217668271116852
18442277027429914963
18424217668271116852
18418212187595055676
18446283483869534143
18184741521742522755
18446283483869534143
18424814129852331111
18412436574599782921
18417858264938073643
18446283483869534143
18379019123372022027
18446283483869534143
18429141228278740003
18123516321112473904
18446283483869534143
18446283483869534143
18446283483869534143
18349397896234983776
18429141228278740003
18445765861805163112
18412436574599782921
18445094639670047188
18446283483869534143
18445765861805163112
18446283483869534143
18446283483869534143
18446283483869534143
18412436574599782921
18429141228278740003
18417858264938073643
18413546541470482990
18446283483869534143
18247653880349501354
18446283483869534143
18446283483869534143
18379019123372022027
18446283483869534143
13096415228823716290
18445765861805163112
17964374048197040634
18199294547530283708
18446283483869534143
18412436574599782921
18446283483869534143
18397678293991964847
18443297511886481222
18446283483869534143
18265722297448322566
18346591589901714184
18446283483869534143
18417858264938073643
18052428733884529240
18400112105968456479
18413546541470482990
18446283483869534143
18445765861805163112
18446283483869534143
18413546541470482990
18442277027429914963
18237736118307928126
18374950292567428110
18446283483869534143
18374950292567428110
18327026880694601739
18442277027429914963
18383171364387227782
18445765861805163112
18446283483869534143
18417858264938073643
18175762736052991857
18265722297448322566
18424814129852331111
18199294547530283708
18442277027429914963
18446283483869534143
18424217668271116852
18446283483869534143
18446283483869534143
18417858264938073643
18446283483869534143
18446283483869534143
18417858264938073643
18446283483869534143
18424814129852331111
18412436574599782921
18445765861805163112
18375472680658727946
18446283483869534143
18374950292567428110
18380510007329729001
18445765861805163112
18424814129852331111
18446283483869534143
4324348871305612551
18418212187595055676
18446283483869534143
18446283483869534143
18446283483869534143
18397678293991964847
18413546541470482990
18386978149186013495
18446283483869534143
18445765861805163112
18424814129852331111
18445765861805163112
18446283483869534143
18418212187595055676
18446283483869534143
18374950292567428110
18446283483869534143
18446283483869534143
18446283483869534143
18446283483869534143
18442277027429914963
18443297511886481222
18424814129852331111
18446283483869534143
18445765861805163112
18424217668271116852
18392675903875979535
18374950292567428110
18418212187595055676
18385256212015911171
18446283483869534143
18446283483869534143
18424217668271116852
18424814129852331111
18446283483869534143
18446283483869534143
18400112105968456479
18446283483869534143
18389941511853113157
18443297511886481222
18446283483869534143
18386978149186013495
18446283483869534143
18445094639670047188
18413546541470482990
18446283483869534143
18446283483869534143
18446283483869534143
18445765861805163112
18446283483869534143
18441496847620896589
18386978149186013495
18446283483869534143
18378583254644325259
18203643059088267336
18446283483869534143
17731184926007383933
18446283483869534143
18446283483869534143
17668490907471635988
18446283483869534143
18416194913106639867
18446283483869534143
18446283483869534143
18346059202903426158
18445765861805163112
18446283483869534143
18424814129852331111
18445765861805163112
18446283483869534143
18446283483869534143
18418212187595055676
18429141228278740003
18446283483869534143
18424217668271116852
18446283483869534143
18446283483869534143
18379019123372022027
18442277027429914963
18441496847620896589
18446283483869534143
17199471476069721788
18446283483869534143
18383171364387227782
18199491874469836694
18445765861805163112
14326172736216952710
18429141228278740003
18446283483869534143
18237736118307928126
18445765861805163112
18445765861805163112
18445765861805163112
