18446557541718203738
18423433381304363788
18446557541718203738
18104404130056939072
18395366534399871117
18353919277732249326
18445619831472252205
18444643919190619666
18446557541718203738
18095787861989855448
18445619831472252205
18403454156567960996
18349172188866567889
18446557541718203738
18424200650004199288
18444643919190619666
18444397516845102199
17177452485128155344
18446557541718203738
18446557541718203738
18446557541718203738
18446557541718203738
18440036612847154689
17932214933572307565
18424200650004199288
18446557541718203738
18444643919190619666
18444459399141525496
18445619831472252205
18446557541718203738
5724721298973140967
18446557541718203738
18440036612847154689
18446557541718203738
18446557541718203738
18446557541718203738
18430088664363811173
18445196943993076701
18446557541718203738
18446557541718203738
18446557541718203738
18445619831472252205
18446557541718203738
18444397516845102199
18440036612847154689
18369995958236251085
18446557541718203738
18424200650004199288
18219158374897971356
18121851219202753884
18445619831472252205
18339362003928494510
18446557541718203738
18446557541718203738
18446557541718203738
18440036612847154689
18445619831472252205
18377638842268222198
18446557541718203738
18446557541718203738
18444643919190619666
18445619831472252205
18446557541718203738
18418016587246354848
18446557541718203738
18446557541718203738
18446557541718203738
18446557541718203738
18446557541718203738
18446557541718203738
18418016587246354848
16278252239549323485
18445619831472252205
18446557541718203738
18444643919190619666
18446557541718203738
18445619831472252205
18446557541718203738
18436164574330499195
18446557541718203738
18444643919190619666
18445619831472252205
18446557541718203738
18445334008282751468
18445619831472252205
18420677683339220728
18446557541718203738
18446557541718203738
18445619831472252205
18345617496075197503
18444643919190619666
18446557541718203738
18444643919190619666
18445619831472252205
18430088664363811173
18446557541718203738
18444643919190619666
18446557541718203738
18446557541718203738
18446557541718203738
17811256053590508960
18445619831472252205
18445619831472252205
18403454156567960996
18446557541718203738
18443886153685279223
18443886153685279223
18446557541718203738
18377638842268222198
18445619831472252205
18444643919190619666
18424200650004199288
18444643919190619666
18444397516845102199
18369995958236251085
18242978285601352496
18446557541718203738
18445619831472252205
18444397516845102199
18445619831472252205
18444397516845102199
18436164574330499195
18418016587246354848
17517858598021172329
18445619831472252205
18444643919190619666
18440036612847154689
18446557541718203738
18446557541718203738
18446557541718203738
18444643919190619666
18444643919190619666
18446557541718203738
18445619831472252205
18418016587246354848
18446557541718203738
18444643919190619666
18440036612847154689
18445619831472252205
18445619831472252205
18446557541718203738
18444397516845102199
18446557541718203738
18219158374897971356
18253287139288306671
18369995958236251085
18442250640747122744
18349172188866567889
18253287139288306671
18095948605162324601
18446557541718203738
18446557541718203738
18444643919190619666
18440036612847154689
18444643919190619666
15973540200576384981
18445334008282751468
18444459399141525496
18424200650004199288
18446557541718203738
18445619831472252205
18443886153685279223
18444643919190619666
18446557541718203738
18444459399141525496
18445619831472252205
18445619831472252205
18445619831472252205
18445619831472252205
18446557541718203738
18445619831472252205
18445619831472252205
18446557541718203738
18338702875881139864
18445619831472252205
17417106543200404518
18446557541718203738
18445619831472252205
18444397516845102199
18446557541718203738
18377638842268222198
18446557541718203738
18444643919190619666
18445619831472252205
18424200650004199288
18362274308717205777
18444643919190619666
18445619831472252205
18444397516845102199
17431023527783515149
18445619831472252205
18408609537505708469
18446557541718203738
18445619831472252205
18446557541718203738
17794379571595710724
18444643919190619666
18446557541718203738
18445619831472252205
18445619831472252205
18444459399141525496
18446557541718203738
18440036612847154689
18349172188866567889
18444397516845102199
18446557541718203738
18339362003928494510
18446557541718203738
18446557541718203738
18444643919190619666
18445619831472252205
17081397036639884338
18444459399141525496
18444643919190619666
18446557541718203738
18446557541718203738
18445619831472252205
18445619831472252205
18440036612847154689
18446557541718203738
18444643919190619666
18377638842268222198
18011937530591380869
18377638842268222198
18444643919190619666
18445619831472252205
18446557541718203738
18444459399141525496
18445619831472252205
18432176465670950889
18445619831472252205
18442250640747122744
17687154146815468289
18324242913644783617
18424200650004199288
18444643919190619666
18219158374897971356
18440036612847154689
18424200650004199288
16278252239549323485
18430088664363811173
18444459399141525496
18436164574330499195
18338702875881139864
18445619831472252205
18432176465670950889
18446557541718203738
18445619831472252205
18444643919190619666
18446557541718203738
18445619831472252205
18432176465670950889
18444643919190619666
18242978285601352496
18446557541718203738
18423433381304363788
18445619831472252205
18432176465670950889
18444643919190619666
18446557541718203738
18349172188866567889
18362274308717205777
18349172188866567889
18444397516845102199
18445619831472252205
18446557541718203738
18443886153685279223
18445619831472252205
18423433381304363788
18062741777805994531
18446557541718203738
18204893532663829716
18446557541718203738
18091958824862523755
18444397516845102199
18436164574330499195
18446557541718203738
18446557541718203738
18395366534399871117
18445619831472252205
18446557541718203738
18444643919190619666
18445619831472252205
18444459399141525496
18444459399141525496
18444643919190619666
18445619831472252205
18446557541718203738
18443886153685279223
18442250640747122744
18443886153685279223
16905913363427152941
18445196943993076701
18446557541718203738
18423433381304363788
18446557541718203738
18444397516845102199
18444397516845102199
18440036612847154689
18369995958236251085
