2454941
2454940
2454939
2454936
2454933
2454929
2454923
2454916
2454907
2454898
2454888
2454878
2454866
2454849
2454831
2454812
2454791
2454769
2454745
2454721
2454695
2454664
2454631
2454598
2454564
2454525
2454485
2454444
2454402
2454360
2454316
2454270
2454224
2454175
2454123
2454069
2454013
2453956
2453898
2453840
2453780
2453720
2453659
2453597
2453535
2453471
2453405
2453337
2453268
2453196
2453122
2453046
2452965
2452883
2452801
2452716
2452630
2452539
2452446
2452350
2452251
2452151
2452048
2451939
2451828
2451717
2451602
2451486
2451370
2451252
2451134
2451015
2450895
2450773
2450650
2450527
2450403
2450278
2450150
2450021
2449890
2449753
2449616
2449478
2449339
2449199
2449059
2448917
2448772
2448627
2448481
2448334
2448184
2448033
2447882
2447731
2447579
2447426
2447269
2447111
2446952
2446791
2446626
2446459
2446291
2446123
2445953
2445780
2445604
2445428
2445250
2445071
2444887
2444700
2444507
2444314
2444118
2443921
2443721
2443515
2443307
2443097
2442881
2442664
2442440
2442214
2441983
2441750
2441509
2441266
2441019
2440770
2440517
2440263
2440009
2439753
2439496
2439234
2438972
2438708
2438443
2438177
2437907
2437632
2437356
2437079
2436802
2436522
2436234
2435943
2435649
2435352
2435053
2434750
2434444
2434136
2433825
2433512
2433195
2432878
2432559
2432238
2431912
2431583
2431251
2430908
2430562
2430214
2429865
2429512
2429158
2428799
2428436
2428071
2427703
2427332
2426961
2426585
2426207
2425828
2425449
2425067
2424685
2424301
2423917
2423530
2423143
2422753
2422359
2421965
2421570
2421174
2420768
2420360
2419942
2419517
2419091
2418657
2418222
2417784
2417340
2416893
2416439
2415983
2415524
2415058
2414588
2414118
2413646
2413168
2412688
2412197
2411705
2411210
2410711
2410210
2409706
2409197
2408679
2408158
2407634
2407110
2406584
2406056
2405528
2404999
2404462
2403920
2403371
2402817
2402262
2401706
2401144
2400578
2400010
2399442
2398872
2398300
2397725
2397145
2396565
2395985
2395402
2394808
2394212
2393615
2393011
2392405
2391799
2391190
2390578
2389965
2389350
2388734
2388116
2387498
2386878
2386256
2385633
2385008
2384381
2383751
2383120
2382473
2381825
2381177
2380520
2379859
2379197
2378532
2377865
2377194
2376521
2375843
2375162
2374481
2373795
2373108
2372421
2371732
2371040
2370336
2369629
2368909
2368185
2367461
2366736
2366010
2365280
2364550
2363820
2363088
2362356
2361615
2360872
2360126
2359379
2358629
2357875
2357117
2356358
2355597
2354831
2354062
2353284
2352499
2351714
2350926
2350136
2349335
2348534
2347732
2346930
2346122
2345314
2344487
2343657
2342827
2341996
2341163
2340326
2339484
2338632
2337777
2336917
2336051
2335181
2334309
2333408
2332506
2331600
2330690
2329777
2328863
2327936
2327009
2326077
2325145
2324202
2323258
2322306
2321342
2320377
2319406
2318432
2317457
2316466
2315474
2314481
2313487
2312490
2311493
2310494
2309491
2308480
2307463
2306442
2305420
2304394
2303365
2302332
2301298
2300257
2299207
2298150
2297088
2296026
2294964
2293899
2292833
2291767
2290699
2289628
2288547
2287465
2286380
2285291
2284187
2283083
2281978
2280872
2279761
2278639
2277508
2276373
2275234
2274095
2272949
2271794
2270627
2269456
2268280
2267103
2265924
2264741
2263557
2262370
2261180
2259988
2258794
2257598
2256399
2255192
2253977
2252758
2251525
2250291
2249049
2247803
2246554
2245302
2244035
2242767
2241485
2240197
2238906
2237599
2236290
2234981
2233667
2232347
2231014
2229678
2228335
2226990
2225645
2224290
2222922
2221552
2220179
2218800
2217416
2216032
2214647
2213259
2211869
2210479
2209079
2207678
2206275
2204868
2203461
2202046
2200630
2199214
2197795
2196374
2194953
2193531
2192109
2190686
2189256
2187818
2186377
2184934
2183485
2182034
2180582
2179129
2177666
2176203
2174729
2173251
2171754
2170252
2168750
2167244
2165733
2164211
2162687
2161162
2159630
2158094
2156548
2155000
2153452
2151900
2150345
2148790
2147228
2145655
2144082
2142492
2140889
2139286
2137679
2136063
2134440
2132816
2131192
2129568
2127933
2126297
2124653
2123005
2121355
2119701
2118035
2116360
2114684
2113000
2111312
2109621
2107924
2106212
2104494
2102775
2101053
2099315
2097568
2095814
2094060
2092292
2090517
2088735
2086950
2085152
2083354
2081552
2079750
2077928
2076100
2074262
2072422
2070561
2068697
2066830
2064959
2063070
2061171
2059255
2057332
2055406
2053479
2051544
2049599
2047647
2045690
2043731
2041772
2039801
2037826
2035841
2033856
2031864
2029869
2027861
2025838
2023812
2021783
2019747
2017701
2015648
2013592
2011532
2009471
2007409
2005340
2003230
2001113
1998994
1996875
1994752
1992622
1990480
1988330
1986180
1984016
1981839
1979661
1977482
1975302
1973102
1970899
1968694
1966487
1964275
1962057
1959828
1957597
1955360
1953115
1950866
1948606
1946344
1944076
1941800
1939518
1937223
1934925
1932625
1930325
1928022
1925714
1923405
1921093
1918769
1916443
1914115
1911774
1909425
1907074
1904710
1902341
1899969
1897585
1895189
1892792
1890392
1887988
1885575
1883154
1880723
1878289
1875820
1873346
1870859
1868354
1865818
1863277
1860731
1858183
1855633
1853077
1850513
1847948
1845379
1842809
1840235
1837655
1835062
1832446
1829827
1827187
1824536
1821878
1819217
1816546
1813869
1811183
1808486
1805769
1803046
1800319
1797591
1794858
1792089
1789308
1786507
1783705
1780894
1778076
1775253
1772426
1769590
1766740
1763881
1760998
1758106
1755212
1752318
1749413
1746500
1743587
1740671
1737728
1734781
1731816
1728849
1725881
1722910
1719918
1716905
1713891
1710873
1707847
1704790
1701733
1698672
1695609
1692529
1689447
1686358
1683264
1680168
1677067
1673964
1670861
1667750
1664600
1661419
1658231
1655036
1651810
1648582
1645346
1642098
1638830
1635557
1632282
1629006
1625716
1622415
1619092
1615754
1612414
1609063
1605707
1602323
1598916
1595506
1592071
1588636
1585199
1581759
1578298
1574830
1571343
1567851
1564347
1560842
1557308
1553766
1550198
1546627
1543009
1539389
1535767
1532139
1528507
1524833
1521124
1517389
1513646
1509902
1506140
1502377
1498597
1494812
1491020
1487225
1483428
1479600
1475767
1471922
1468072
1464178
1460226
1456274
1452314
1448338
1444342
1440336
1436326
1432309
1428283
1424254
1420224
1416189
1412145
1408088
1404029
1399967
1395899
1391829
1387757
1383678
1379589
1375449
1371303
1367151
1362988
1358818
1354630
1350419
1346176
1341920
1337641
1333357
1329053
1324731
1320392
1316053
1311714
1307365
1303015
1298641
1294263
1289869
1285466
1281060
1276642
1272199
1267749
1263287
1258804
1254316
1249824
1245327
1240828
1236323
1231799
1227266
1222719
1218167
1213601
1209012
1204413
1199811
1195207
1190575
1185941
1181303
1176665
1172019
1167339
1162632
1157913
1153193
1148433
1143661
1138885
1134101
1129309
1124502
1119683
1114854
1110014
1105158
1100264
1095365
1090465
1085557
1080629
1075693
1070739
1065771
1060794
1055817
1050828
1045829
1040830
1035817
1030803
1025780
1020754
1015720
1010683
1005637
1000589
995539
990478
985408
980317
975180
970028
964842
959656
954453
949235
943957
938673
933383
928091
922793
917490
912141
906784
901408
896031
890621
885182
879734
874281
868825
863340
857833
852314
846777
841211
835619
830017
824392
818762
813127
807470
801812
796136
790428
784718
779003
773255
767503
761744
755880
750006
744121
738223
732301
726369
720413
714453
708493
702530
696490
690422
684353
678275
672158
666034
659899
653747
647595
641407
635216
628988
622696
616393
610079
603761
597443
591112
584765
578388
572000
565537
559065
552570
546045
539461
532842
526194
519545
512880
506191
499494
492794
486043
479290
472533
465707
458867
451896
444861
437814
430760
423698
416622
409535
402448
395282
388075
380847
373595
366312
359027
351713
344362
336969
329533
322083
314607
307094
299463
291824
284114
276401
268676
260943
253160
245363
237441
229509
221530
213549
205446
197336
189218
181077
978

1857006
1857006
1857005
1857003
1857000
1856997
1856994
1856990
1856986
1856982
1856977
1856972
1856966
1856959
1856951
1856942
1856933
1856920
1856905
1856890
1856874
1856856
1856838
1856818
1856797
1856776
1856754
1856731
1856708
1856684
1856659
1856633
1856606
1856578
1856550
1856520
1856489
1856458
1856427
1856393
1856359
1856323
1856287
1856248
1856209
1856169
1856126
1856082
1856037
1855992
1855946
1855900
1855854
1855804
1855752
1855700
1855646
1855589
1855531
1855473
1855414
1855354
1855294
1855233
1855171
1855106
1855041
1854973
1854903
1854831
1854757
1854680
1854603
1854524
1854444
1854364
1854282
1854200
1854117
1854034
1853949
1853861
1853770
1853679
1853587
1853491
1853386
1853280
1853173
1853064
1852954
1852844
1852734
1852620
1852503
1852384
1852263
1852135
1852007
1851877
1851741
1851602
1851460
1851313
1851161
1851005
1850848
1850684
1850519
1850354
1850187
1850020
1849851
1849677
1849502
1849327
1849151
1848970
1848787
1848599
1848410
1848220
1848028
1847834
1847635
1847435
1847234
1847030
1846826
1846621
1846416
1846210
1845999
1845786
1845573
1845355
1845136
1844916
1844695
1844469
1844240
1844007
1843768
1843526
1843283
1843040
1842795
1842548
1842300
1842050
1841798
1841542
1841285
1841024
1840763
1840501
1840239
1839973
1839706
1839438
1839170
1838900
1838626
1838350
1838073
1837795
1837510
1837224
1836937
1836644
1836350
1836054
1835757
1835460
1835162
1834860
1834555
1834249
1833940
1833631
1833320
1833008
1832695
1832380
1832061
1831741
1831418
1831090
1830757
1830422
1830086
1829748
1829409
1829069
1828728
1828383
1828037
1827691
1827343
1826994
1826635
1826271
1825907
1825542
1825175
1824808
1824441
1824073
1823696
1823317
1822932
1822546
1822149
1821744
1821339
1820934
1820529
1820124
1819716
1819299
1818879
1818459
1818038
1817609
1817180
1816744
1816308
1815871
1815433
1814993
1814552
1814110
1813665
1813219
1812767
1812314
1811858
1811400
1810939
1810478
1810011
1809543
1809072
1808601
1808128
1807649
1807169
1806689
1806208
1805717
1805224
1804729
1804234
1803738
1803239
1802740
1802240
1801738
1801234
1800727
1800218
1799708
1799197
1798684
1798162
1797639
1797116
1796593
1796070
1795536
1795000
1794464
1793913
1793362
1792810
1792256
1791692
1791125
1790553
1789981
1789408
1788834
1788258
1787681
1787096
1786510
1785911
1785312
1784713
1784111
1783508
1782904
1782300
1781694
1781087
1780479
1779864
1779249
1778632
1778012
1777392
1776770
1776143
1775513
1774881
1774248
1773615
1772975
1772329
1771682
1771035
1770387
1769730
1769068
1768406
1767734
1767056
1766377
1765696
1765014
1764332
1763647
1762958
1762268
1761578
1760886
1760193
1759500
1758802
1758099
1757395
1756691
1755987
1755276
1754558
1753839
1753120
1752399
1751677
1750946
1750205
1749460
1748707
1747952
1747193
1746433
1745660
1744887
1744113
1743333
1742552
1741768
1740981
1740191
1739399
1738606
1737808
1737006
1736203
1735382
1734560
1733738
1732912
1732086
1731256
1730425
1729594
1728760
1727919
1727076
1726232
1725383
1724531
1723672
1722809
1721944
1721074
1720203
1719332
1718460
1717587
1716714
1715839
1714955
1714066
1713175
1712284
1711390
1710485
1709579
1708673
1707760
1706845
1705929
1705007
1704084
1703155
1702223
1701290
1700356
1699419
1698474
1697517
1696555
1695587
1694610
1693618
1692625
1691631
1690626
1689620
1688611
1687591
1686568
1685542
1684515
1683487
1682451
1681415
1680367
1679319
1678270
1677217
1676161
1675100
1674020
1672935
1671850
1670764
1669674
1668583
1667490
1666396
1665302
1664202
1663099
1661993
1660886
1659777
1658656
1657534
1656405
1655275
1654144
1653009
1651871
1650729
1649583
1648436
1647288
1646138
1644986
1643828
1642670
1641509
1640345
1639167
1637981
1636793
1635604
1634411
1633214
1632016
1630790
1629563
1628332
1627098
1625854
1624596
1623330
1622058
1620781
1619504
1618225
1616945
1615655
1614361
1613061
1611755
1610448
1609141
1607831
1606520
1605192
1603855
1602508
1601158
1599803
1598447
1597088
1595729
1594360
1592991
1591609
1590221
1588833
1587434
1586035
1584636
1583235
1581821
1580398
1578967
1577534
1576095
1574653
1573210
1571766
1570317
1568867
1567415
1565960
1564505
1563046
1561582
1560116
1558646
1557175
1555700
1554223
1552729
1551232
1549733
1548234
1546731
1545222
1543712
1542201
1540682
1539162
1537641
1536118
1534593
1533057
1531517
1529972
1528409
1526845
1525263
1523679
1522093
1520506
1518903
1517298
1515692
1514078
1512462
1510840
1509213
1507582
1505943
1504303
1502659
1501013
1499365
1497706
1496045
1494374
1492698
1491007
1489314
1487616
1485912
1484206
1482496
1480779
1479058
1477337
1475600
1473859
1472115
1470370
1468620
1466863
1465105
1463346
1461586
1459820
1458054
1456278
1454497
1452713
1450927
1449140
1447346
1445544
1443741
1441930
1440118
1438304
1436489
1434661
1432833
1431002
1429170
1427335
1425500
1423662
1421812
1419962
1418106
1416248
1414389
1412527
1410660
1408792
1406920
1405037
1403150
1401260
1399369
1397477
1395580
1393683
1391781
1389873
1387952
1386024
1384088
1382134
1380163
1378191
1376187
1374169
1372144
1370115
1368080
1366030
1363956
1361882
1359804
1357723
1355641
1353558
1351470
1349372
1347272
1345167
1343061
1340948
1338833
1336704
1334565
1332417
1330268
1328109
1325950
1323773
1321591
1319408
1317216
1315012
1312802
1310590
1308374
1306154
1303933
1301704
1299466
1297225
1294983
1292729
1290473
1288198
1285915
1283630
1281344
1279057
1276765
1274469
1272167
1269848
1267518
1265185
1262846
1260502
1258148
1255789
1253420
1251047
1248660
1246271
1243880
1241467
1239053
1236632
1234203
1231774
1229344
1226894
1224440
1221984
1219514
1217042
1214558
1212074
1209584
1207093
1204601
1202108
1199611
1197111
1194600
1192077
1189538
1186991
1184434
1181877
1179319
1176760
1174195
1171623
1169035
1166446
1163856
1161262
1158667
1156068
1153463
1150854
1148244
1145633
1143012
1140387
1137760
1135118
1132469
1129808
1127142
1124469
1121795
1119111
1116425
1113736
1111004
1108270
1105536
1102801
1100063
1097325
1094585
740

1157613
1157612
1157610
1157608
1157606
1157604
1157602
1157599
1157595
1157590
1157585
1157580
1157574
1157568
1157561
1157553
1157545
1157537
1157528
1157518
1157507
1157496
1157485
1157474
1157462
1157447
1157431
1157415
1157398
1157380
1157362
1157344
1157325
1157306
1157286
1157266
1157245
1157223
1157200
1157176
1157150
1157123
1157095
1157065
1157035
1157004
1156972
1156940
1156908
1156875
1156842
1156809
1156776
1156740
1156704
1156668
1156632
1156595
1156555
1156515
1156474
1156433
1156391
1156348
1156302
1156256
1156210
1156163
1156116
1156069
1156019
1155967
1155914
1155859
1155804
1155748
1155692
1155635
1155578
1155520
1155462
1155401
1155340
1155279
1155217
1155153
1155085
1155017
1154947
1154877
1154806
1154734
1154661
1154587
1154512
1154437
1154361
1154284
1154206
1154128
1154050
1153971
1153891
1153811
1153730
1153649
1153562
1153475
1153387
1153298
1153207
1153116
1153023
1152928
1152833
1152736
1152638
1152537
1152436
1152334
1152231
1152128
1152022
1151914
1151806
1151697
1151588
1151478
1151368
1151254
1151140
1151024
1150907
1150790
1150671
1150552
1150431
1150310
1150186
1150060
1149933
1149805
1149677
1149548
1149419
1149289
1149150
1149010
1148869
1148726
1148583
1148440
1148293
1148146
1147998
1147850
1147700
1147549
1147398
1147246
1147094
1146941
1146786
1146630
1146473
1146316
1146158
1145999
1145839
1145677
1145515
1145350
1145183
1145015
1144847
1144677
1144506
1144334
1144161
1143987
1143813
1143634
1143455
1143275
1143095
1142913
1142731
1142548
1142365
1142178
1141990
1141800
1141606
1141411
1141213
1141014
1140811
1140602
1140393
1140182
1139970
1139757
1139544
1139330
1139115
1138900
1138684
1138467
1138243
1138019
1137795
1137565
1137335
1137105
1136874
1136643
1136410
1136174
1135937
1135699
1135460
1135221
1134982
1134743
1134497
1134247
1133995
1133741
1133485
1133229
1132972
1132715
1132457
1132195
1131932
1131668
1131404
1131139
1130870
1130599
1130325
1130048
1129770
1129491
1129211
1128930
1128649
1128367
1128083
1127798
1127512
1127222
1126931
1126639
1126346
1126051
1125750
1125448
1125144
1124840
1124533
1124225
1123914
1123602
1123287
1122970
1122652
1122332
1122010
1121682
1121353
1121021
1120688
1120355
1120021
1119680
1119336
1118991
1118645
1118297
1117949
1117595
1117236
1116877
1116518
1116157
1115795
1115430
1115065
1114697
1114329
1113956
1113579
1113202
1112824
1112439
1112053
1111667
1111280
1110891
1110499
1110106
1109712
1109316
1108920
1108521
1108120
1107715
1107308
1106899
1106490
1106077
1105662
1105241
1104819
1104396
1103971
1103545
1103116
1102687
1102257
1101825
1101392
1100957
1100521
1100084
1099646
1099204
1098757
1098309
1097860
1097407
1096952
1096496
1096038
1095580
1095120
1094659
1094196
1093729
1093257
1092784
1092311
1091836
1091360
1090884
1090407
1089928
1089447
1088966
1088484
1088002
1087519
1087033
1086542
1086048
1085554
1085060
1084564
1084065
1083565
1083065
1082563
1082060
1081556
1081051
1080544
1080033
1079518
1079003
1078480
1077955
1077427
1076895
1076360
1075824
1075284
1074742
1074195
1073643
1073084
1072525
1071965
1071404
1070842
1070274
1069703
1069126
1068547
1067962
1067374
1066782
1066184
1065585
1064985
1064385
1063783
1063175
1062565
1061952
1061335
1060715
1060094
1059473
1058850
1058225
1057599
1056973
1056347
1055716
1055084
1054451
1053815
1053178
1052541
1051904
1051267
1050628
1049987
1049342
1048695
1048047
1047397
1046746
1046095
1045444
1044792
1044138
1043483
1042822
1042161
1041499
1040824
1040148
1039465
1038776
1038084
1037390
1036696
1035999
1035300
1034601
1033902
1033196
1032483
1031768
1031053
1030335
1029615
1028888
1028161
1027433
1026705
1025976
1025241
1024503
1023762
1023017
1022269
1021521
1020772
1020021
1019269
1018515
1017759
1017002
1016230
1015449
1014664
1013877
1013090
1012302
1011514
1010719
1009923
1009125
1008312
1007499
1006686
1005872
1005050
1004226
1003402
1002575
1001744
1000907
1000069
999227
998378
997526
996673
995820
994965
994109
993253
992395
991531
990665
989799
988931
988062
987188
986313
985435
984555
983674
982788
981898
981006
980109
979209
978309
977402
976492
975579
974658
973736
972814
971891
970967
970041
969113
968184
967255
966326
965396
964464
963531
962594
961647
960699
959750
958799
957845
956891
955936
954980
954016
953051
952081
951106
950128
949143
948157
947170
946182
945194
944205
943213
942218
941218
940215
939205
938190
937174
936158
935140
934117
933090
932059
931027
929989
928951
927911
926867
925822
924775
923721
922666
921609
920552
919488
918422
917356
916290
915223
914154
913085
912015
910938
909852
908763
907674
906582
905488
904393
903298
902203
901107
900006
898904
897799
896692
895580
894462
893338
892211
891082
889950
888817
887679
886536
885389
884242
883093
881943
880793
879641
878485
877323
876153
874983
873808
872627
871439
870250
869057
867863
866664
865461
864256
863050
861840
860628
859416
858198
856980
855761
854540
853315
852085
850852
849614
848370
847119
845867
844614
843356
842098
840820
839540
838257
836969
835678
834383
833085
831782
830474
829158
827841
826521
825200
823877
822539
821198
819846
818479
817111
815739
814352
812963
811574
810184
808793
807399
806005
804598
803191
801784
800375
798961
797546
796127
794707
793284
791861
790435
789009
787582
786153
784724
783295
781863
780426
778977
777523
776064
774603
773123
771636
770143
768649
767155
765658
764161
762661
761152
759641
758114
756584
755050
753515
751973
750429
748885
747331
745777
744222
742664
741104
739542
737979
736414
734849
733283
731711
730138
728561
726977
725388
723792
722195
720596
718997
717391
715784
714167
712546
710920
709289
707658
706025
704390
702744
701095
699443
697775
696104
694431
692756
691076
689394
687706
686015
684323
682623
680921
679201
677481
675761
674019
672274
670520
668759
666994
665222
663449
661668
659884
658094
656294
654486
652677
650865
649052
647219
645382
643543
641702
639857
638011
636160
634295
632429
630562
628694
626817
624940
623060
621176
619292
617396
615499
613595
611690
609783
607869
605952
604033
602103
600166
598228
596267
594304
592338
590372
588404
586432
584459
582484
580509
578532
576547
574560
572544
570527
568504
566444
564383
562306
560225
558140
556050
553957
551857
549757
547649
545532
543400
541254
539106
536952
534794
532624
530452
528271
526089
523901
521706
519510
517313
515113
512903
510690
508472
506237
503993
501737
499475
497206
494931
492643
490351
488054
485755
483448
481135
478822
476508
474192
471864
469518
467171
464818
462459
460088
457714
455329
452943
450538
448131
445714
443288
440852
438409
435948
433481
431006
428526
426042
423551
421053
418547
416040
413525
411010
408491
405970
403447
400921
398394
395862
393303
390735
388167
385585
382999
380405
377804
375191
372563
369923
367250
364571
361867
359163
356444
353708
350965
348222
345478
342729
339976
337219
334453
331685
328884
326066
323241
320408
317569
314728
311851
308946
306041
303125
300206
297274
294325
291359
288390
285415
282434
279436
276429
273421
270398
267361
264306
261220
258107
254991
251857
248686
245515
242305
239095
235872
232645
229388
226130
222847
219549
216251
212916
209573
206191
202805
199410
195982
192550
189116
185669
182204
178725
175244
171721
168184
164588
160982
157347
153649
149944
146238
142532
138819
135095
131362
967

