21 949775640
22 145272413
23 239817624
24 966863671
25 879288171
26 719432583
27 141747025
28 534674040
29 541898721
30 794680598
31 527886232
32 612187211
33 940523215
34 105769188
35 388936644

2282 222213036 2285 998877018
No
956 119135569 950 961377311
No
21 949775640 35 966863671
No
1592 994865672 1587 968569531
No
1525 99490612 1533 954030640
No
2047 517952959 2038 960745512
No
1945 475116710 1963 895755877
No
2140 531771565 2142 827017343
No
408 619414709 385 803305295
No
150 176846777 166 976286715
No
471 2509567 518 999419794
No
1599 640904963 1604 726373071
No
1868 404833224 1858 771422048
No
2448 928418183 2442 963630071
No
1152 832733203 1149 609281487
No
1480 706466301 1471 471231415
No
2591 443632216 2596 957998438
No
296 3022527 519 999419794
No
230 661773899 221 945123898
No
406 31608051 261 977658401
No
2657 151807936 2669 977667172
No
2493 852545598 2509 927494189
No
817 840690088 811 909302918
No
2833 706326246 2828 946894431
No
437 255089515 442 976205655
No
2027 46853648 1995 978408968
No
1605 98089156 1601 726373071
Yes
1075 907366332 1082 904055010
No
2407 367002740 2426 832703106
No
1682 988428744 1679 668779717
No
2903 791306356 2910 849881662
No
242 735839634 233 887335501
No
1369 337122148 1377 951938696
No
Yes
2500 910363267 2515 927494189
No
2448 928418183 2445 963630071
No
Yes
2808 572027512 2799 716559233
No
2118 965387050 2122 742066326
No
2876 780152653 2871 977221549
No
246 364856523 259 966038708
No
2373 92328595 2348 978157315
No
1867 396312072 1864 748594949
No
485 63047357 490 922948379
Yes
942 685887828 949 796511862
No
797 893264161 792 910265212
No
1701 724788570 1695 908634937
No
749 483810461 744 793832792
No
2129 147992576 2133 867179274
No
1694 939170844 1690 942188513
No
1369 337122148 1363 881868714
No
497 114169141 502 962073924
No
1795 476120931 1788 702069277
No
2352 498367614 2377 856704757
No
2329 249976370 2325 959868506
No
2924 394334811 2921 990393781
No
165 671891004 160 968467117
No
1190 912880118 1189 251413924
No
1910 48423705 2006 978408968
No
1853 80021139 1839 939836704
No
829 508474858 827 413968618
Yes
2300 397263570 2307 953061005
No
2622 156691290 2634 965650924
No
1995 355075487 1968 847518665
No
2793 218421228 2824 846511634
No
469 749507006 475 882187355
No
2899 722533625 2905 799022216
No
2760 885433923 2751 921768778
No
1330 716268978 1339 913147764
No
2288 704607078 2285 998877018
No
67 378117264 61 866732359
No
2067 406158342 2064 869232287
No
1603 30706182 1588 994865672
No
2691 933805374 2696 886319808
No
864 762264410 854 872834245
No
547 820141759 542 942663700
No
2571 576314392 2542 849466709
No
299 57932312 279 961393854
No
1527 766423263 1525 792987941
No
905 829850832 916 943457021
No
1916 734646751 1926 949095212
No
1162 420910185 1159 931733276
No
531 807771728 527 850327511
No
2356 370601295 2381 856704757
No
1565 206080607 1555 923525790
No
1052 185229994 1047 845003146
No
1819 912485302 1821 588073550
No
103 275907722 119 817406273
No
1813 413581040 1810 599997303
No
2080 967348845 2077 698786763
No
1359 333121909 1353 969538768
No
288 253511311 304 917272690
No
2102 449284580 2097 829263987
No
830 722988928 839 811917040
No
2157 216494518 2164 942915061
No
2101 554967143 2096 905349466
No
1855 77130505 1893 984952456
No
1469 487158676 1463 848835850
No
689 93968807 701 957864339
No
1600 187571946 1608 845745413
No
271 339906000 262 977658401
No
1311 401655032 1309 991538527
No
752 858688395 748 643819970
No
2953 737080164 2944 886972569
No
Yes
1482 809158124 1484 885232966
No
764 184169991 760 912013047
No
457 628931504 439 915255473
No
2207 833563695 2209 990441972
No
Yes
1531 575132129 1527 954030640
No
2622 156691290 2608 944217176
No
1383 89832857 1378 962586297
No
1807 966002744 1819 912485302
No
14 129231842 28 966863671
No
201 639003358 221 930938692
No
1872 114597461 1854 890618929
No
552 971482741 556 655431741
No
1084 853332279 1091 939649271
No
426 322394516 415 980053489
No
407 338642842 384 803305295
No
2667 213796581 2674 965276300
No
1303 680071368 1307 955101593
No
1137 174635515 1141 939930354
No
334 348481678 324 944002466
No
975 315660891 979 986614550
No
1045 414078209 1058 901815735
No
1311 401655032 1309 991538527
No
886 509621048 887 718855143
No
1998 44580516 2006 978408968
No
2888 136177598 2920 946095720
No
2408 346555904 2426 832703106
No
445 589170923 443 848722629
No
1551 208367313 1559 923525790
No
1782 556431774 1780 921943917
No
361 626418623 358 904688215
No
771 977662571 774 580704127
No
Yes
656 435982537 654 987585815
No
1791 243910968 1803 820595789
No
2107 687683138 2110 993865866
No
1957 49006901 1890 984952456
No
334 348481678 348 867494043
No
116 63543672 87 953437811
No
866 156008780 847 872834245
No
443 848722629 458 628931504
No
960 137831200 969 958361428
No
1870 456429631 1884 923244138
No
1760 973592265 1771 982836387
No
2867 676396881 2871 618526597
No
1014 98733109 1024 954275686
No
46 589631031 62 977370167
No
2224 94349611 2243 970487743
No
718 779686457 721 692871796
No
1095 778123801 1087 939649271
No
36 608285066 51 977370167
No
2854 468561108 2848 981748579
No
2 913794579 1 674974040
No
861 99967722 834 925121324
No
1598 942903737 1593 839232464
No
1029 322049689 1026 933304470
No
2470 169355376 2485 888073852
No
1366 105768502 1361 881868714
Yes
826 241266226 840 811917040
No
2147 816554631 2145 520806268
No
2070 45240865 2050 927219972
Yes
1787 923468848 1801 820595789
No
304 684976987 293 818683668
No
1969 516628786 1950 895755877
No
1175 610125340 1172 960460350
No
269 915590908 261 977658401
No
2726 628111497 2733 800928489
No
1712 936542947 1715 395045808
No
1099 317203965 1088 867751434
No
2000 978408968 2007 889018820
No
1074 52779634 1018 954275686
No
813 423488446 806 807771124
No
320 591059667 305 939105058
No
2947 81074429 2935 931540752
No
2482 98098069 2443 963630071
No
1291 540796975 1296 901116628
No
2007 74687748 2046 960745512
No
2543 395621754 2524 915623419
No
1305 858986856 1298 892845376
No
640 194474251 634 861550754
No
521 780434452 531 850327511
No
536 481186528 537 32919506
Yes
1933 813654592 1919 827600962
No
1670 342733023 1672 260079059
Yes
283 634101600 297 961393854
No
316 710470226 305 939105058
No
1304 44817757 1286 901116628
Yes
1931 42250339 2005 978408968
No
2879 658879779 2874 977221549
No
716 560692416 707 943683644
No
1930 767656345 1951 915229047
No
265 647939522 255 966038708
No
2173 509164664 2169 947902975
No
1936 106660031 1951 915229047
No
2695 394637739 2698 324206295
Yes
2758 643129479 2760 885433923
No
2870 129982413 2859 972687695
No
2570 612601218 2541 849466709
No
541 780808375 546 942663700
No
2930 643286580 2925 696760852
No
824 437974091 835 811917040
No
2965 648556311 2971 596684793
No
1526 792987941 1520 971185273
No
2448 928418183 2457 815065676
No
2837 591115481 2843 753367003
No
1365 881868714 1373 951938696
No
2566 578826325 2537 915623419
No
2660 25270678 2576 990626508
No
1307 955101593 1310 991538527
No
1888 725339755 1886 974922058
No
1108 242188955 1119 982056401
No
122 669675132 140 953748733
No
971 864806629 966 958361428
No
1920 11011744 1751 998004911
No
1303 680071368 1297 892845376
No
1694 939170844 1691 921707592
No
1980 482971266 1985 743304524
No
92 292374091 111 900742572
No
2410 300677396 2401 891718434
No
Yes
1552 287843688 1557 824864502
No
755 788873910 763 912013047
No
1185 459146091 1180 832504523
No
542 674921063 546 942663700
No
2901 677890184 2888 771459518
No
687 35160627 710 957864339
Yes
1174 592105628 1171 960460350
No
1947 87235581 2006 978408968
No
1573 969026989 1574 644637531
No
2502 227970735 2505 606602308
Yes
1778 48863763 1772 902985156
Yes
2470 169355376 2456 837547159
No
638 861550754 633 733349647
No
2024 6610801 1751 998004911
No
2795 742419549 2809 716559233
No
1043 303161228 1058 901815735
No
2825 403485435 2812 846511634
No
1791 243910968 1787 923468848
No
730 194586060 725 739944111
Yes
1359 333121909 1353 969538768
No
1614 529687543 1609 988650179
No
274 573093701 291 961393854
No
942 685887828 932 669075115
No
2547 672561610 2531 915623419
No
2781 770156425 2775 980038663
No
1008 953765167 1005 448082023
No
2730 800928489 2736 781866544
No
2278 302807822 2265 810943711
No
1414 585029256 1420 936598392
No
1282 327060790 1278 945307332
No
2290 725990291 2287 840483397
No
441 754728506 455 848722629
No
2161 62353925 2164 942915061
No
1409 822120180 1412 939046535
No
2489 946602445 2500 913741083
No
1501 196600565 1508 945741770
No
2285 998877018 2287 811419091
No
76 23440785 72 789899795
Yes
2982 297367201 2974 957252216
No
368 155055444 422 980053489
No
1787 923468848 1785 645317367
No
410 667858991 402 803305295
No
704 779194908 711 905612008
No
2115 988000898 2111 891271952
No
1036 506621223 1050 757263496
No
2061 667135429 2057 768377348
No
328 115388722 303 939105058
No
1765 111808897 1781 982836387
No
270 745602731 261 977658401
No
2657 151807936 2670 977667172
No
1870 456429631 1884 923244138
No
712 486837408 708 905612008
No
2474 299469336 2466 888073852
No
900 84150808 877 925277731
No
1186 477912789 1191 912880118
No
2563 357546913 2545 849466709
No
816 351101860 824 893222493
No
961 117442201 969 958361428
No
1564 80180162 1568 352123710
Yes
1069 728408328 1078 907366332
No
2847 834025629 2840 792448128
No
1682 988428744 1679 668779717
No
1020 398965459 1025 804505313
No
2375 164230248 2406 934465070
No
2681 747612402 2676 918448003
No
1911 297261632 1925 949095212
No
2281 394988232 2285 998877018
No
1426 712944455 1432 896440327
No
349 252624663 336 867494043
No
945 251275049 954 961377311
No
1685 76730419 1679 988428744
No
395 790573390 406 803305295
No
1026 933304470 1030 879465719
No
2830 697328767 2824 667228816
No
2014 911137568 2006 889018820
No
2567 235867377 2536 915623419
No
1138 939930354 1141 648731587
No
2311 248575482 2326 959868506
No
1933 813654592 1945 915229047
No
2512 736556496 2498 927494189
No
1587 894173816 1583 983690543
No
588 689792490 585 946385243
No
2394 189588070 2389 934465070
No
1627 55153884 1610 988650179
No
Yes
2317 461065039 2310 813589893
No
1909 43764427 2005 978408968
No
Yes
2457 402789644 2480 888073852
No
2025 84382260 1996 978408968
No
2229 932995 2980 998877018
Yes
1998 44580516 1891 984952456
No
2890 518013766 2878 771459518
No
1346 544561678 1340 820897021
No
565 846119432 568 957211063
No
2062 883940900 2059 667135429
No
1114 5722164 872 996936390
No
1358 232088494 1362 869032761
No
1825 188052544 1840 939836704
No
415 2674497 519 999419794
No
181 700311729 177 933588817
No
2079 698786763 2072 946462682
No
2348 733286518 2354 978157315
No
754 980112146 751 858688395
No
2049 991585898 2054 579827991
No
2083 248712631 2078 967348845
No
820 316341799 815 909302918
No
2994 146255893 2986 985919885
No
2624 144606459 2609 944217176
No
826 241266226 840 811917040
No
1914 72615375 1936 949095212
No
2907 782839971 2896 799022216
No
1238 687713689 1231 883781421
No
974 327721345 969 958361428
No
1031 174777131 1026 933304470
No
708 363528540 712 905612008
No
1873 395764670 1872 114597461
Yes
126 801948880 122 866657095
No
2672 962543387 2678 724296579
No
2165 185870341 2162 942915061
No
1622 292769263 1621 205206308
Yes
754 980112146 751 858688395
No
1920 11011744 1818 984952456
Yes
1630 935390242 1623 473812116
No
931 543404222 944 796511862
No
2416 73961079 2388 934465070
No
174 214234299 166 786145504
No
2254 256369131 2278 810943711
No
2418 722751156 2410 832703106
No
244 718957543 234 887335501
No
1418 936598392 1420 653943303
No
1598 942903737 1594 839232464
No
1605 98089156 1602 620195886
Yes
1220 80035028 1234 762463773
Yes
1891 984952456 1889 358252239
No
590 175890644 599 954921066
No
2135 838098032 2138 744999926
No
1055 765513395 1058 758438749
No
1898 602603123 1921 949095212
No
782 925950011 778 631453050
No
525 383707783 528 850327511
No
518 999419794 520 852078842
No
2448 928418183 2464 815065676
No
1110 386589822 1099 890065655
No
1676 293314966 1677 766570934
No
2345 487274524 2341 939980898
No
2211 155686453 2240 887601717
No
2918 117764171 2919 466552544
Yes
1750 350040330 1753 998004911
No
2767 381862 3000 990393781
Yes
1971 23760326 2006 978408968
No
2397 535106666 2389 934465070
No
1319 974939836 1321 621107601
No
1225 297830440 1215 787748900
No
1658 155964830 1653 940724701
No
1173 960460350 1170 546855921
No
949 67604703 958 961377311
No
2736 87619444 2745 936898497
No
Yes
Yes
2820 117783198 2789 967926798
No
946 524693010 954 961377311
No
689 93968807 653 987585815
No
Yes
148 173665664 160 976286715
No
1840 682332726 1838 939836704
No
1434 606833648 1430 960996418
No
2620 540527361 2630 960206112
No
2254 256369131 2252 681677259
Yes
1499 992523092 1501 483929551
No
2433 53108861 2458 963630071
No
66 586715500 81 978170943
No
618 356053474 615 969699217
No
1593 154773821 1598 942903737
No
28 534674040 41 940523215
No
1882 493839748 1893 984952456
No
1200 617775769 1206 788616254
No
468 750780244 448 793727729
No
1790 86022647 1787 923468848
No
168 139914277 171 786145504
Yes
153 127625542 161 976286715
No
24 966863671 39 940523215
No
2702 275077978 2686 933805374
No
2029 349441936 2016 899655678
No
1731 86473574 1737 975000870
No
395 790573390 406 803305295
No
573 153638336 575 437667561
Yes
2278 302807822 2285 998877018
No
1311 401655032 1308 991538527
No
1792 702069277 1787 923468848
No
1257 36792447 1253 996436140
No
636 16552672 625 984957298
No
2388 492320679 2402 934465070
No
674 4074517 723 998525846
No
1473 340848477 1465 815422954
No
161 834536161 175 981164519
No
2571 576314392 2578 885849800
No
1662 797860931 1655 940724701
No
1992 758901990 2001 978408968
No
1952 777980812 1937 915229047
No
1925 57326006 2006 978408968
No
711 876903848 715 943683644
No
2838 180787914 2828 946894431
No
54 788059682 69 923493671
No
216 351434758 207 930938692
No
476 324882333 456 882187355
No
674 4074517 517 999419794
No
124 866657095 132 822615822
No
118 132798672 133 971703139
No
870 379493768 872 996936390
No
1658 155964830 1652 940724701
No
1178 401252352 1183 832504523
No
2996 746977462 2997 249369778
Yes
1027 792797480 1029 879465719
No
2882 93365456 2919 849881662
Yes
2863 960852922 2858 972687695
No
2300 397263570 2307 953061005
No
1786 645317367 1785 608116130
No
2352 498367614 2349 978157315
No
1557 824864502 1550 717329690
No
2360 812485572 2357 658209245
No
2439 670304693 2452 963630071
No
233 887140404 246 887335501
No
850 256074710 860 872834245
No
373 839718764 385 689858498
No
359 652118208 381 839718764
No
1611 892021593 1605 953529717
No
511 683545240 495 962073924
No
1450 116559574 1486 885232966
No
1692 921707592 1688 942188513
No
2033 469572931 2020 872601374
No
1981 497408489 1980 482971266
Yes
2123 84550327 2149 983605405
No
788 455235847 782 925950011
No
269 915590908 284 939257679
No
Yes
2477 551443041 2495 946602445
No
2945 277056578 2936 931540752
No
887 718855143 884 703326177
No
152 711324385 164 976286715
No
2849 942018250 2841 949840699
No
2703 759881310 2706 746098669
No
760 736459733 759 46358684
Yes
1620 105908179 1615 737248471
Yes
2320 448765845 2313 819835118
No
2876 780152653 2888 658879779
No
2797 225171183 2823 846511634
No
2216 539789256 2234 778328609
No
2216 539789256 2207 990441972
No
500 127491395 471 944612444
No
313 157011073 342 944002466
No
565 846119432 561 915097419
No
2145 520806268 2138 827017343
No
223 870989182 215 534193321
No
2419 466793499 2433 893292232
No
49 276622369 68 914201120
No
2052 407043560 2047 991585898
No
1845 643763884 1864 890618929
No
1915 16096663 2052 991585898
No
2158 120684108 2151 907272199
No
1339 731838679 1345 820897021
No
554 655431741 561 757191796
No
1887 604124614 1884 974922058
No
1650 521066099 1653 614308224
No
26 719432583 42 940523215
No
2272 14181970 2283 810943711
Yes
2075 538676164 2070 946462682
No
2622 156691290 2633 965650924
No
2282 222213036 2285 998877018
No
459 225435018 433 976205655
No
979 831612117 977 986614550
No
225 945123898 218 870989182
No
Yes
1778 48863763 1809 966002744
No
1995 355075487 2006 978408968
No
2326 959868506 2323 775665583
No
435 11770256 518 999419794
No
1357 845389752 1365 881868714
No
552 971482741 556 655431741
No
2800 629222574 2812 716559233
No
1505 470605029 1510 945741770
No
1348 909394035 1354 969538768
No
715 423107895 707 943683644
No
1588 968569531 1583 983690543
No
1539 573788326 1543 775339725
No
807 242590542 809 672640431
Yes
2508 695372278 2514 869119283
No
2337 826481028 2334 957715985
No
1054 901815735 1062 831462186
No
1172 546855921 1177 960460350
No
1099 317203965 1108 890065655
No
483 388590033 488 922948379
No
26 719432583 41 940523215
No
919 203521350 928 882110558
No
1231 335040577 1240 883781421
No
2303 183607365 2328 959868506
No
417 152883075 430 974778074
No
1717 252169999 1719 721949087
Yes
2152 168899275 2154 889226180
No
785 156684500 801 910265212
No
1001 915101164 1008 953765167
No
191 472551968 186 914974198
No
1800 406078655 1814 966002744
No
2572 48478001 2441 963630071
No
2019 887701959 2010 911137568
No
2349 759142780 2345 891816688
No
2511 226750401 2510 869119283
No
487 922948379 470 944612444
No
1960 59000597 2005 978408968
No
2886 430089139 2895 771459518
No
251 337961050 241 956747509
No
1594 652279875 1588 994865672
No
110 778838025 103 817406273
No
924 871580067 932 799489999
No
1013 561111741 1010 914096636
No
1885 477911701 1895 984952456
No
116 63543672 133 971703139
No
533 46288653 555 971482741
No
36 608285066 39 624231054
No
1063 198593541 1059 831462186
No
966 729036189 973 958361428
No
2163 909401917 2159 942915061
No
826 241266226 818 893222493
No
1970 455106835 1985 847518665
No
578 20841388 629 984957298
No
508 420069178 493 962073924
No
485 63047357 503 962073924
No
748 643819970 753 858688395
No
2767 381862 3000 990393781
Yes
394 781012790 371 839718764
No
2855 801329410 2856 397238731
No
2014 911137568 2018 899655678
No
1158 739445295 1164 931733276
No
1418 936598392 1421 996174635
No
1696 60141640 1687 942188513
No
1799 647334927 1794 820595789
No
1752 231260672 1753 974884272
No
2167 988134743 2169 400609806
No
476 324882333 456 882187355
No
2713 933387581 2705 892078381
No
891 439336542 887 899542432
No
2911 145678048 2920 946095720
No
1606 127575930 1594 942903737
No
2979 545175730 2982 828831390
No
1559 923525790 1562 858650673
No
2164 915806298 2167 988134743
No
215 534193321 236 945123898
No
2405 891718434 2421 832703106
No
879 767740929 877 925277731
No
1685 76730419 1679 988428744
No
662 642516523 660 832732089
No
2646 522949328 2653 935102741
No
1551 208367313 1559 923525790
No
192 824230930 187 914974198
No
2179 165653442 2168 947902975
No
575 437667561 571 986045598
No
50 652316016 49 276622369
Yes
2098 2971508 1752 991585898
Yes
Yes
2585 202343780 2580 990626508
No
1942 578078278 1928 915229047
No
718 779686457 721 692871796
No
925 494630807 920 882110558
No
2346 891816688 2343 939980898
No
580 384337215 586 946385243
No
1445 101043071 1448 975094103
No
2628 960206112 2622 843020464
No
2627 422230783 2617 843020464
No
1764 154643106 1780 982836387
No
Yes
1319 974939836 1321 621107601
No
1267 886847090 1269 972499192
No
1853 80021139 1892 984952456
No
1513 148851984 1506 945741770
No
2298 469568857 2296 972524681
No
52 286707601 67 914201120
No
2907 782839971 2900 799022216
No
1813 413581040 1824 912485302
No
1505 470605029 1502 827570693
No
685 167040601 675 885956550
No
1879 672797466 1889 974922058
No
1525 99490612 1524 755759285
Yes
2967 596684793 2956 939124933
No
237 886030087 249 956747509
No
143 268847198 161 976286715
No
1463 848835850 1459 752658231
No
1947 87235581 1936 915229047
No
828 413968618 822 813990922
No
1489 954603418 1486 971928127
No
1534 225353231 1544 815410379
No
1260 893106586 1256 689959877
No
2077 167739701 2083 967348845
No
909 88035350 906 658026839
Yes
1474 408607325 1475 424794663
Yes
1924 99083 2989 998877018
Yes
2492 913741083 2482 946602445
No
Yes
1514 95086266 1522 971185273
No
322 424017292 342 944002466
No
1550 154991764 1560 923525790
No
1911 297261632 1926 949095212
No
2441 420749502 2454 963630071
No
1676 293314966 1679 766570934
No
1302 482587001 1305 858986856
No
9 432005488 7 704554322
No
1427 8168506 1420 996174635
No
1569 962964639 1566 352123710
No
2786 630979743 2791 643584147
No
1227 476789396 1232 631965555
No
710 71151045 704 905612008
Yes
1883 923244138 1893 984952456
No
2134 521818975 2127 867179274
No
1966 150041462 1948 895755877
No
411 141863335 350 941406601
No
143 268847198 157 967385241
No
792 43901876 769 977662571
No
1192 882198776 1193 287314952
No
786 458245190 790 625987336
No
1632 433693863 1624 935390242
No
1399 52502037 1405 957454586
No
1769 696946594 1781 982836387
No
2380 467245089 2365 856704757
No
1077 364118396 1070 907366332
No
2955 493493532 2946 886972569
No
52 286707601 49 652316016
Yes
1151 30983464 1255 996436140
No
22 145272413 37 966863671
No
784 586797371 795 910265212
No
238 887335501 243 735839634
No
724 601484016 723 816681653
No
579 408504076 582 883373080
No
568 957211063 564 915097419
No
639 227708443 635 861550754
No
2403 389677189 2392 934465070
No
1251 793771724 1253 682710731
No
190 788802363 208 836403221
No
441 754728506 450 848722629
No
2324 775665583 2315 819835118
No
2552 175599460 2579 885849800
No
2132 867179274 2135 838098032
No
1378 24573709 1422 996174635
No
614 573712111 610 803201458
No
2296 90899536 2303 972524681
No
2852 981748579 2853 550373361
No
203 285517274 206 586020455
Yes
2906 739713351 2914 849881662
No
1507 945741770 1504 827570693
No
1486 482833938 1478 885232966
No
1867 396312072 1859 771422048
No
Yes
1764 154643106 1760 973592265
No
1475 424794663 1482 809158124
No
2013 703438538 2003 889018820
No
2208 447285969 2205 833563695
No
2952 542684108 2954 737080164
No
2064 6075953 1751 998004911
No
1085 433203733 1078 904055010
No
1202 129192532 1189 912880118
No
1208 966863722 1211 954737455
No
1947 87235581 2006 978408968
No
2615 42595310 2592 957998438
No
1551 208367313 1560 923525790
No
1476 303188880 1481 706466301
No
682 792524389 677 885956550
No
2703 759881310 2693 722609902
No
1861 771422048 1877 748594949
No
355 650356370 347 941406601
No
1087 939649271 1089 867751434
No
Yes
2523 893708686 2537 899645295
No
598 188902156 591 894921941
No
2091 449728669 2089 457854473
Yes
1079 46285416 1121 982056401
No
2485 231854398 2470 888073852
No
1230 203008714 1240 883781421
No
837 3451126 873 996936390
No
2785 637546386 2790 643584147
No
1849 666574384 1847 871612203
No
2200 891865988 2202 867570905
No
932 372914622 930 617681268
Yes
128 458843649 124 866657095
No
2646 522949328 2636 946143000
No
23 239817624 35 966863671
No
1921 155340986 1950 915229047
No
1223 363241108 1215 787748900
No
2982 297367201 2974 957252216
No
2626 843020464 2633 965650924
No
28 534674040 26 719432583
No
2544 18735882 2336 978157315
Yes
519 96493886 518 999419794
No
1465 434226180 1467 580531242
No
630 629091264 634 454076811
No
1296 85944836 1309 955101593
No
481 944612444 484 720312883
No
2723 805931315 2717 961663833
No
2019 887701959 2017 899655678
No
1591 354113429 1590 124621299
Yes
2694 108829250 2715 933387581
No
2321 81480034 2299 953061005
No
65 240368256 62 866732359
No
Yes
493 434290385 498 831595857
No
596 433527137 602 954921066
No
2851 552704818 2853 981748579
No
485 63047357 466 944612444
No
757 66116740 753 980112146
No
1650 521066099 1654 757716386
No
1563 163340713 1569 962964639
No
1884 70715041 1838 939836704
No
1911 297261632 1904 901025793
No
1756 605933787 1755 953884642
No
1962 689991798 1944 889558760
No
556 398812800 553 655431741
No
2564 409580642 2574 745320104
No
516 582639231 519 999419794
No
1895 665635334 1891 984952456
No
1923 31905796 2005 978408968
No
555 567271174 564 915097419
No
2229 932995 1704 999975520
No
2841 297508503 2830 946894431
No
2929 516570123 2923 983513427
No
946 524693010 940 796511862
No
1754 366610317 1753 974884272
No
2888 136177598 2908 799022216
Yes
1960 59000597 1914 949095212
No
2020 872601374 2030 816096866
No
2188 143678703 2182 913433489
No
247 371893359 259 966038708
No
2950 886972569 2953 848463267
No
2889 771459518 2898 764215799
No
225 945123898 238 887335501
No
1003 435305560 1015 953765167
No
1645 611807775 1650 706460220
No
1350 138699938 1357 969538768
No
2235 173673065 2240 887601717
No
588 689792490 585 946385243
No
19 741337875 33 966863671
No
Yes
2984 202707430 2975 957252216
No
1763 614594249 1761 533306654
No
1250 734479710 1243 924822181
No
1110 386589822 1118 982056401
No
1928 107419129 1950 915229047
No
1840 682332726 1838 939836704
No
1208 966863722 1204 788616254
No
475 81787162 482 944612444
No
150 176846777 134 839089870
No
771 977662571 769 726193141
No
1150 482291826 1158 885223973
No
1263 780906298 1261 913678897
No
855 397352896 863 857772483
No
2413 267521151 2442 893292232
No
187 914974198 205 836403221
No
326 378350912 341 944002466
No
1212 817412765 1208 966863722
No
1227 476789396 1216 787748900
No
289 917272690 304 850376582
No
694 437211726 686 877221414
No
876 105932536 874 901871409
No
568 957211063 565 899463187
No
206 212274088 193 836403221
No
2808 572027512 2818 846511634
No
2201 867570905 2200 891865988
No
2554 813460615 2564 811875611
No
140 650965900 134 839089870
No
38 444133576 46 824740107
No
2561 159056944 2529 915623419
No
2460 311517421 2480 888073852
No
953 961377311 959 793123425
No
2733 418648236 2738 425922004
Yes
1910 48423705 1890 984952456
No
289 917272690 305 850376582
No
2918 117764171 2871 977221549
No
2245 286355078 2248 995348077
No
885 703326177 896 899542432
No
1694 939170844 1695 172573601
No
1002 938099226 1001 915101164
No
232 37492738 267 966038708
No
313 157011073 303 939105058
No
1192 882198776 1195 287314952
No
760 736459733 766 912013047
No
2139 405883383 2133 838098032
No
1689 151750771 1680 988428744
No
673 545535526 668 634116140
No
1533 59267215 1526 954030640
No
162 9046356 1 978170943
Yes
685 167040601 689 486189137
Yes
1871 571220800 1885 923244138
No
1195 226694297 1200 855801679
No
2178 762565287 2177 148569500
Yes
365 809786924 354 904688215
No
1531 575132129 1540 661078425
No
2886 430089139 2892 771459518
No
1771 982836387 1778 902985156
No
2312 467976873 2325 819835118
No
1132 379749348 1139 939930354
No
2499 544318240 2513 927494189
No
1814 598468072 1821 912485302
No
391 217307651 406 803305295
No
2364 379540661 2357 812485572
No
2590 799892394 2584 605129715
No
2781 770156425 2784 899273623
No
522 350078720 521 780434452
No
154 931000382 148 816812226
No
747 277291753 755 980112146
No
1147 759839661 1155 885223973
No
2905 340600724 2912 849881662
No
1333 85161271 1327 993531372
No
2407 367002740 2400 891718434
No
2053 573484291 2049 991585898
No
Yes
1486 482833938 1489 971928127
No
220 259321489 207 930938692
No
1256 650849491 1260 893106586
No
1020 398965459 1033 933304470
No
1133 50052236 1114 982056401
No
1623 396571075 1621 292769263
Yes
716 560692416 719 779686457
No
1142 307347121 1145 995242053
No
1914 72615375 1936 949095212
No
1523 223733841 1518 971185273
No
1459 169316617 1469 848835850
No
1565 206080607 1568 352123710
Yes
589 660000409 597 894921941
No
543 654370852 537 832439697
No
2556 747108254 2547 815332381
No
400 640978533 378 790573390
No
141 298709111 139 650965900
Yes
906 658026839 903 829850832
No
1055 765513395 1051 901815735
No
Yes
2675 335137017 2669 965276300
No
Yes
204 586020455 225 945123898
No
1872 114597461 1892 984952456
No
2632 947627082 2639 965650924
No
1097 490788606 1108 890065655
No
2722 463310615 2718 961663833
No
1365 881868714 1362 812305719
No
298 316299373 289 917272690
No
Yes
2931 799082968 2936 860826363
No
1208 966863722 1204 788616254
No
2170 947902975 2167 988134743
No
1629 336795307 1626 473812116
Yes
1437 990786154 1440 994520668
No
2118 965387050 2114 988000898
No
680 667017615 688 792524389
No
129 120025225 147 953748733
No
161 834536161 158 976286715
No
1768 567549245 1779 982836387
No
525 383707783 534 850327511
No
916 859829205 919 945983332
No
2015 437508329 2024 899655678
No
2149 92430537 2145 983605405
No
854 872834245 861 857772483
No
2167 988134743 2170 947902975
No
678 885956550 673 831090673
No
2496 177095993 2485 946602445
No
526 202156403 518 999419794
No
2560 28517290 2581 990626508
No
769 372562175 773 977662571
No
2916 23339282 2921 946095720
Yes
348 455913560 336 867494043
No
1131 169542735 1138 939930354
No
300 818683668 314 939105058
No
1174 592105628 1179 614692367
No
1432 896440327 1435 960996418
No
1765 111808897 1761 614594249
Yes
401 669659120 379 790573390
No
1914 72615375 1924 949095212
No
361 626418623 382 839718764
No
415 2674497 168 981164519
Yes
2724 504301733 2732 800928489
No
462 793727729 445 628931504
No
1706 689932712 1711 764206119
No
458 391511979 471 793727729
No
497 114169141 503 962073924
No
2031 620263469 2037 919648783
No
1878 748847527 1866 748594949
No
2660 25270678 2632 965650924
Yes
1901 32239850 2005 978408968
No
1699 908634937 1695 625260207
No
1711 222522573 1704 999975520
No
732 827474090 738 909908233
No
2522 619533789 2535 899645295
No
105 773987883 100 866898421
No
1866 748594949 1879 748847527
No
2641 772134021 2649 892259613
No
2878 431212738 2871 977221549
No
1247 557951126 1251 793771724
No
593 769177714 587 689792490
No
621 608677110 626 984957298
No
1417 354799477 1420 936598392
No
1425 327088889 1423 972979702
No
1659 467727945 1653 940724701
No
2567 235867377 2579 885849800
No
1886 974922058 1885 477911701
No
1972 128883525 1948 895755877
No
2618 585159940 2620 734450655
No
2924 394334811 2919 990393781
No
530 245689029 536 807771728
No
1561 696115868 1554 923525790
No
2149 92430537 2163 942915061
No
282 891420791 297 961393854
No
934 299245022 923 881614276
No
272 849371250 287 961393854
No
500 127491395 472 944612444
No
573 153638336 586 946385243
No
2889 771459518 2898 764215799
No
2696 324206295 2687 933805374
No
1821 365109450 1824 680508293
No
165 671891004 179 981164519
No
2452 136198270 2443 963630071
No
19 741337875 16 742316997
No
1196 855801679 1195 226694297
No
2468 30827945 2488 888073852
Yes
2239 790073939 2240 887601717
No
929 298873032 950 796511862
No
101 866898421 121 971703139
No
2473 242379108 2460 888073852
No
211 791623802 215 930938692
No
2030 480718216 2035 919648783
No
621 608677110 627 984957298
No
2195 846280213 2197 680748642
No
821 569620931 818 893222493
No
1575 631805809 1579 716866885
No
1006 387388775 1014 953765167
No
115 368325195 105 817406273
No
2312 467976873 2301 953061005
No
2114 349877870 2116 988000898
No
740 362881201 748 793832792
No
554 655431741 551 971482741
No
2219 208384084 2241 887601717
No
2460 311517421 2447 963630071
No
1958 300559423 1948 889558760
No
301 781008682 296 818683668
No
1750 350040330 1749 677874722
No
2059 389793723 2067 883940900
No
955 793123425 949 961377311
No
1896 659764632 1920 949095212
No
832 61943005 873 996936390
No
2115 988000898 2118 965387050
No
997 813576050 1004 938099226
No
911 730010513 919 945983332
No
427 748886735 418 974778074
No
1109 190273072 1121 982056401
No
1770 199625483 1761 696946594
Yes
2277 587578422 2265 810943711
No
2126 422295687 2127 689228840
No
881 490481656 880 762613405
No
267 105466229 277 977658401
No
2087 898812639 2091 457854473
No
1575 631805809 1568 969026989
No
501 65664074 467 944612444
No
1401 158014136 1393 602892210
Yes
2241 113789572 2243 970487743
No
283 634101600 289 961393854
No
852 620228606 851 197806086
Yes
1722 106140635 1712 936542947
No
2217 581466194 2234 778328609
No
1076 377483011 1074 907366332
No
2485 231854398 2499 946602445
No
1366 105768502 1351 969538768
No
2806 631967616 2796 716559233
No
46 589631031 43 718910250
No
401 669659120 379 790573390
No
2488 184107343 2489 946602445
No
649 634904446 639 716126941
No
1071 354970028 1065 880185178
No
2981 828831390 2983 754824093
No
2421 405548863 2440 893292232
No
49 276622369 67 914201120
No
89 75401706 71 978170943
No
2868 371355912 2866 713513269
No
556 398812800 551 971482741
No
2472 888073852 2481 611134273
No
2842 753367003 2844 792448128
No
Yes
1442 34077750 1438 994520668
No
892 449449645 888 899542432
No
555 567271174 561 757191796
No
2231 528007884 2230 778328609
No
634 102435549 657 987585815
No
1007 276159892 1014 953765167
No
500 127491395 471 944612444
No
891 439336542 910 943246296
No
61 359801707 59 875469317
No
1999 358503923 2006 978408968
No
861 99967722 834 925121324
No
330 944002466 320 733412231
No
358 904688215 373 839718764
No
1686 653525260 1688 790672860
No
517 351043171 499 962073924
No
1306 590990392 1300 892845376
No
2410 300677396 2425 832703106
No
1073 768422954 1081 907366332
No
223 870989182 215 534193321
No
892 449449645 888 899542432
No
2714 268126627 2720 961663833
No
491 738936185 496 761655270
No
2896 508160488 2903 799022216
No
1272 355904509 1271 641893065
Yes
276 72650959 265 977658401
No
756 195889312 767 912013047
No
1585 983690543 1581 870303594
No
2006 889018820 2010 883174244
No
1508 389884966 1516 835282982
No
2762 998097599 2758 885433923
No
272 849371250 286 961393854
No
2246 349332182 2244 558475718
Yes
2448 928418183 2453 756300103
No
2692 886319808 2685 933805374
No
1545 916825950 1539 815410379
No
22 145272413 33 966863671
No
2319 96799492 2333 959868506
No
334 348481678 348 867494043
No
1721 161898486 1726 892071734
No
2538 915623419 2522 899645295
No
395 790573390 373 839718764
No
862 93983913 873 996936390
No
2457 402789644 2480 888073852
No
1328 993531372 1330 849214125
No
2937 86546790 2918 990393781
No
1186 477912789 1192 912880118
No
865 711449552 868 701308206
No
367 34807475 421 980053489
No
1556 203710556 1560 923525790
No
Yes
1298 460303686 1297 425793625
Yes
2240 887601717 2230 790073939
No
1482 809158124 1484 885232966
No
2798 341737120 2790 967926798
No
1936 106660031 1956 915229047
No
1531 575132129 1539 661078425
No
2157 216494518 2159 729673025
Yes
693 877221414 684 835688402
No
2696 324206295 2687 933805374
No
1729 431103423 1734 975000870
No
4 126286855 27 966863671
No
1026 933304470 1022 804505313
No
1711 222522573 1716 936542947
No
2174 372645908 2172 509164664
Yes
Yes
1101 764167855 1092 858136975
No
2575 17075818 2283 998877018
No
2551 565863737 2563 813460615
No
2116 403783592 2120 965387050
No
1310 991538527 1308 875596085
No
1142 307347121 1146 995242053
No
937 664777975 945 796511862
No
303 760541242 316 939105058
No
2499 544318240 2513 927494189
No
2029 349441936 2016 899655678
No
597 432919867 603 954921066
No
668 520233495 677 831090673
No
2263 251320667 2278 810943711
No
1260 893106586 1262 913678897
No
596 433527137 592 894921941
No
2470 169355376 2456 837547159
No
1154 885223973 1162 931733276
No
635 733349647 631 454076811
No
1340 508632452 1344 820897021
No
2571 576314392 2578 885849800
No
2026 804559707 2034 676683201
No
1825 188052544 1819 912485302
No
414 747671250 422 980053489
No
533 46288653 518 999419794
No
527 91761464 517 999419794
No
1536 661078425 1541 775339725
No
1257 36792447 1253 996436140
No
315 565959581 332 944002466
No
1355 407119020 1364 869032761
No
1135 693326503 1137 720370496
No
1488 971928127 1485 817866622
No
212 187950007 192 836403221
No
1381 424888761 1384 962586297
No
1349 795533866 1355 969538768
No
782 925950011 777 909808744
No
201 639003358 224 930938692
No
2988 236833350 2975 957252216
No
2964 164053175 2961 731107913
Yes
2607 441563284 2599 916515960
No
779 14226899 722 998525846
No
74 789899795 73 594538420
No
2633 965650924 2627 960206112
No
1188 555366586 1192 912880118
No
1855 77130505 1892 984952456
No
2109 974103231 2111 993865866
No
600 597520198 604 793664162
No
2744 240200420 2724 800928489
No
1519 819573984 1523 971185273
No
2798 341737120 2791 967926798
No
2989 938042103 2990 901458839
No
2751 114886239 2754 921768778
No
1061 353532409 1056 791838141
No
645 105150770 651 783596412
Yes
1411 939046535 1405 822120180
No
496 761655270 479 944612444
No
254 650358917 264 966038708
No
2794 284422221 2808 742419549
No
1193 287314952 1200 855801679
No
2067 406158342 2061 883940900
No
1667 727051333 1659 819320092
No
1108 242188955 1118 982056401
No
925 494630807 934 799489999
No
1359 333121909 1367 881868714
No
467 611838616 447 793727729
No
973 21000552 978 986614550
No
2378 1141798 2283 998877018
No
1758 623911158 1759 466845731
No
1391 850910029 1385 970729149
No
764 184169991 759 912013047
No
2415 724627430 2434 893292232
No
1790 86022647 1818 966002744
No
2975 809028098 2976 940392607
No
848 42548421 874 996936390
No
429 315728911 438 976205655
No
1361 869032761 1356 845389752
No
1915 16096663 1891 984952456
No
578 20841388 571 986045598
No
954 25701578 981 986614550
No
2461 105543188 2442 963630071
No
2291 278709741 2289 840483397
No
51 162582594 71 978170943
No
1950 66445509 2005 978408968
No
2019 887701959 2010 911137568
No
1671 260079059 1665 801721294
No
105 773987883 124 971703139
No
2147 816554631 2150 983605405
No
2650 55720150 2635 946143000
No
1117 40564438 1121 982056401
No
1828 764310897 1824 894652806
No
1912 849597426 1916 734646751
No
2316 813589893 2326 959868506
No
1811 316578408 1807 966002744
No
2214 247086680 2215 306955387
Yes
2549 815332381 2552 798063367
No
1424 972979702 1428 712944455
No
2025 84382260 2039 919648783
No
45 530723295 51 977370167
No
73 594538420 71 978170943
No
2062 883940900 2070 869232287
No
2620 540527361 2623 687206684
No
1819 912485302 1834 894652806
No
2933 813873588 2938 860826363
No
1925 57326006 1930 784342329
Yes
2820 117783198 2835 946894431
No
2382 13695696 2582 990626508
No
1265 595027004 1268 886847090
No
2102 449284580 2097 829263987
No
2318 819835118 2322 448765845
No
1399 52502037 1382 970729149
No
237 886030087 227 887140404
No
2809 314939244 2817 846511634
No
781 64857618 873 996936390
No
2014 911137568 2006 889018820
No
752 858688395 750 231625710
No
751 231625710 742 793832792
No
2977 675639771 2974 940392607
No
2588 605129715 2578 990626508
No
1172 546855921 1177 960460350
No
2501 262822944 2502 227970735
Yes
198 836403221 204 782154680
No
1301 303567612 1296 892845376
No
2240 887601717 2230 790073939
No
1334 706959355 1330 716268978
No
1129 13710452 975 986614550
No
1086 513093352 1078 904055010
No
2996 746977462 2997 249369778
Yes
1136 720370496 1141 939930354
No
472 497084250 476 882187355
No
62 866732359 77 978170943
No
2542 524949402 2553 849466709
No
742 385508732 739 658479640
No
1537 23182501 1584 969026989
Yes
Yes
1977 95956968 1970 847518665
Yes
211 791623802 226 945123898
No
160 968467117 172 834536161
No
2572 48478001 2461 946602445
Yes
1629 336795307 1615 737248471
No
708 363528540 698 957864339
No
2458 316696497 2447 963630071
No
2524 568304640 2538 915623419
No
2872 373980397 2862 960852922
No
86 99468700 82 906969813
No
2656 819329463 2662 763404157
No
314 144124114 302 939105058
No
1746 514402199 1744 563752156
No
1930 767656345 1917 949095212
No
2449 565118466 2443 963630071
No
1831 467407401 1835 880573263
No
302 571595967 316 939105058
No
231 257439717 218 945123898
No
1375 18934330 1422 996174635
No
2928 445830591 2934 860826363
No
2583 533716471 2578 990626508
No
2560 28517290 2581 990626508
No
2072 946462682 2068 717868780
No
1912 849597426 1934 949095212
No
1578 239758719 1567 969026989
No
1561 696115868 1554 923525790
No
1246 924822181 1242 270176453
No
1046 451608384 1058 901815735
No
795 910265212 790 896313431
No
45 530723295 60 977370167
No
112 589051056 132 971703139
No
641 669764685 650 716126941
No
2391 815154630 2376 786787220
No
2650 55720150 2633 965650924
No
1477 471231415 1465 815422954
No
2714 268126627 2706 933387581
No
88 296068253 104 953437811
No
2865 660035002 2869 713513269
No
574 416175128 571 986045598
No
2816 680300591 2823 846511634
No
1242 192171179 1237 952077387
No
1818 774597657 1834 912485302
No
1410 188747717 1412 939046535
No
1014 98733109 1025 954275686
No
2300 397263570 2298 722808525
No
2230 778328609 2218 612125524
No
2442 789330362 2455 963630071
No
337 265222704 357 941406601
No
71 978170943 81 884728855
No
963 830307753 954 793123425
No
2784 742816730 2788 643584147
No
1025 804505313 1021 558473017
No
1151 30983464 1144 995242053
No
2601 356068399 2610 916515960
No
640 194474251 634 861550754
No
218 387649771 235 945123898
No
2074 858130698 2078 538676164
No
2138 744999926 2140 531771565
No
2732 72076761 2714 961663833
No
1782 556431774 1792 923468848
No
410 667858991 386 803305295
No
2932 430067567 2938 860826363
No
2005 101368988 1996 978408968
No
1929 142339099 1914 949095212
No
2260 142037145 2276 810943711
Yes
2873 217880568 2875 977221549
No
2929 516570123 2923 983513427
No
1857 890618929 1853 870869282
No
45 530723295 60 977370167
No
1806 348942686 1808 966002744
No
2384 361869342 2402 934465070
No
2446 843195793 2457 963630071
No
2701 64010719 2723 961663833
No
2872 373980397 2876 977221549
No
1469 487158676 1476 667324741
No
2339 83686965 2349 939980898
No
2254 256369131 2278 810943711
No
2809 314939244 2795 742419549
No
2509 124293544 2534 899645295
No
804 619586431 816 909302918
No
767 732213022 772 977662571
No
2829 228790883 2834 946894431
No
2975 809028098 2976 940392607
No
989 396585760 986 723190328
No
2575 17075818 2582 990626508
No
2123 84550327 2150 983605405
No
1679 668779717 1677 766570934
No
961 117442201 969 958361428
No
521 780434452 518 999419794
No
1907 464053854 1917 849597426
No
1707 189056631 1716 936542947
No
1335 13882878 1326 993531372
No
Yes
180 763839040 190 942396183
No
1097 490788606 1088 867751434
No
1631 85716992 1633 433693863
Yes
1009 627581753 1005 953765167
No
2679 918448003 2687 747612402
No
2278 302807822 2284 771271500
No
2294 320478351 2291 840795336
No
1417 354799477 1404 939046535
No
1149 609281487 1147 845873274
No
469 749507006 464 750780244
No
1421 996174635 1419 653943303
No
1865 465400949 1878 748847527
No
1900 550733993 1909 901025793
No
1014 98733109 1010 914096636
No
2080 967348845 2085 833772515
No
1864 417381357 1855 890618929
No
1764 154643106 1760 973592265
No
1421 996174635 1423 857904752
No
2992 424227736 2991 985919885
No
593 769177714 599 954921066
No
1408 217224088 1402 957454586
No
2328 723186350 2340 957715985
No
1328 993531372 1331 849214125
No
2143 738749836 2137 827017343
No
405 803305295 383 790573390
No
2655 78126362 2658 819329463
Yes
2483 794294915 2495 946602445
No
47 393653011 62 977370167
No
979 831612117 977 986614550
No
Yes
2502 227970735 2519 927494189
No
1590 124621299 1585 983690543
No
900 84150808 911 943246296
No
1471 172744000 1460 848835850
No
1933 813654592 1919 827600962
No
1701 724788570 1698 908634937
No
2758 643129479 2748 921768778
No
1098 492874324 1088 867751434
No
309 613485647 322 939105058
No
1652 593914786 1655 757716386
No
1922 739753734 1915 949095212
No
2647 892259613 2646 522949328
No
2737 12560315 2762 998097599
No
2212 215783595 2239 790073939
No
2121 69054024 2150 983605405
No
97 494456937 92 798353753
No
1123 755424909 1129 914485419
No
1217 450196730 1212 817412765
No
10 612594399 25 966863671
No
351 927989024 364 941406601
No
2563 357546913 2537 915623419
No
2873 217880568 2859 972687695
No
1570 583358246 1571 967819450
No
568 957211063 565 899463187
No
Yes
2576 261424378 2547 815332381
No
1478 107252046 1489 971928127
No
1551 208367313 1539 916825950
No
189 336398784 183 942396183
No
2781 770156425 2785 899273623
No
692 55734776 700 957864339
No
2583 533716471 2578 990626508
No
2013 703438538 2021 911137568
No
2412 832703106 2406 474208336
No
723 816681653 722 998525846
No
189 336398784 207 836403221
No
1558 118816688 1552 824864502
Yes
706 422929662 710 905612008
No
972 628126444 980 986614550
No
222 230550019 216 395922306
Yes
251 337961050 247 956747509
No
1593 154773821 1598 942903737
No
1104 655873449 1094 858136975
No
2866 713513269 2871 676396881
No
878 925277731 888 899542432
No
2950 886972569 2948 841440764
No
2541 86015781 2523 915623419
No
2083 248712631 2084 535274862
Yes
959 225003827 951 961377311
No
348 455913560 337 867494043
No
1509 835282982 1517 675775284
No
1617 424604539 1625 737248471
No
1110 386589822 1098 890065655
No
337 265222704 358 941406601
No
709 905612008 712 876903848
No
2177 148569500 2172 509164664
Yes
2339 83686965 2334 957715985
No
783 313982110 801 910265212
No
1952 777980812 1937 915229047
No
2621 312657171 2611 944217176
No
2678 724296579 2671 965276300
No
2461 105543188 2443 963630071
No
581 748714586 587 946385243
No
2126 422295687 2132 867179274
No
1118 982056401 1122 808042782
No
186 871639993 205 914974198
No
2044 837863429 2049 991585898
No
2745 936898497 2747 620439046
No
2652 634602695 2660 819329463
No
2967 596684793 2971 561446145
No
2842 753367003 2844 792448128
No
2202 622184898 2205 831129356
No
1568 18838502 1498 992523092
No
2188 143678703 2180 962049999
No
1686 653525260 1688 790672860
No
2862 224837651 2863 960852922
No
Yes
313 157011073 332 944002466
No
146 271070917 162 976286715
No
350 728350297 341 867494043
No
2843 459422703 2835 753367003
No
1942 578078278 1931 915229047
No
1239 441251329 1233 883781421
No
1153 607294482 1161 931733276
No
1257 36792447 1271 972499192
No
619 376532849 626 984957298
No
2039 822971659 2027 919648783
No
2769 342695910 2763 858125745
No
2253 116391837 2267 718277997
Yes
1535 357905074 1537 661078425
No
2497 56090855 2487 946602445
No
1773 902985156 1785 921943917
No
2582 304589970 2577 990626508
No
2595 522949299 2602 957998438
No
2222 224314622 2207 990441972
No
1124 914485419 1120 808042782
No
1846 372008428 1865 890618929
No
2343 361568150 2336 871115846
No
75 466598211 74 789899795
No
1263 780906298 1264 633361107
No
475 81787162 482 944612444
No
964 287063576 969 958361428
No
1049 13660726 1147 995242053
No
2311 248575482 2300 953061005
No
2959 939124933 2961 454624136
No
175 981164519 187 965460489
No
1699 908634937 1701 724788570
No
1818 774597657 1816 545023238
No
1752 231260672 1763 974884272
No
2028 125243231 2033 676683201
Yes
2015 437508329 2007 911137568
No
1440 419098884 1444 753259962
No
159 976286715 155 967385241
No
2712 892078381 2716 933387581
No
2484 22704382 2347 978157315
No
1468 815422954 1474 667324741
No
1428 245562382 1422 972979702
No
804 619586431 816 909302918
No
995 245991374 1004 938099226
No
2025 84382260 1996 978408968
No
1087 939649271 1081 904055010
No
1927 104780745 1956 915229047
No
739 590660303 747 793832792
No
1725 420083390 1722 892071734
No
1952 777980812 1968 895755877
No
18 742316997 25 966863671
No
326 378350912 306 939105058
No
10 612594399 20 875090289
No
510 406553198 493 962073924
No
2430 192114428 2442 893292232
No
106 817406273 100 866898421
No
53 300951699 48 977370167
No
2634 234018231 2628 965650924
No
657 835912114 668 889883167
No
2592 327710454 2591 443632216
Yes
195 634913774 206 836403221
No
2325 653964006 2316 819835118
No
1733 964268369 1737 975000870
No
1241 952077387 1237 883781421
No
1181 489556736 1184 832504523
No
1117 40564438 1122 982056401
No
2958 272612642 2948 886972569
No
2555 811875611 2535 915623419
No
1836 135483806 1840 939836704
No
1660 95763474 1673 972995784
No
1002 938099226 1010 953765167
No
1695 172573601 1691 939170844
No
684 290714231 678 885956550
No
304 684976987 313 939105058
No
388 589530017 405 803305295
No
1717 252169999 1719 721949087
Yes
1819 912485302 1817 774597657
No
1969 516628786 1950 895755877
No
1919 712977852 1948 915229047
No
1126 497190431 1133 895245818
No
1707 189056631 1717 936542947
No
2472 888073852 2459 837547159
No
1624 213068950 1632 935390242
No
1327 969046228 1324 781526725
No
1514 95086266 1505 945741770
No
2055 927219972 2058 768377348
No
483 388590033 466 944612444
No
Yes
1451 505321609 1458 872564414
No
Yes
2678 724296579 2670 965276300
No
1246 924822181 1241 952077387
No
1351 834869390 1345 909394035
No
2851 552704818 2843 949840699
No
1864 417381357 1879 748847527
No
374 504675910 370 839718764
No
992 781427836 1000 813576050
No
1707 189056631 1712 936542947
No
721 564251091 713 943683644
No
2752 757838909 2740 936898497
No
2244 558475718 2247 995348077
No
1032 528364770 1048 757263496
No
2100 829263987 2094 905349466
No
1187 426778172 1180 832504523
No
1862 14940755 1991 984952456
Yes
2731 781866544 2722 805931315
No
2414 432831061 2406 832703106
No
920 882110558 916 945983332
No
2706 285923785 2694 759881310
No
2708 251544730 2714 933387581
No
1415 373084124 1411 939046535
No
742 385508732 740 658479640
No
1938 32055367 2005 978408968
No
1858 29794894 1771 982836387
No
671 631616135 666 889883167
No
2719 556595386 2709 933387581
No
2631 948888286 2638 965650924
No
2311 248575482 2326 959868506
No
2408 346555904 2401 891718434
No
2762 998097599 2758 885433923
No
40 824740107 39 566011180
No
1281 945307332 1284 327060790
No
34 105769188 57 977370167
No
2253 116391837 2285 998877018
No
2292 840795336 2290 725990291
No
2801 63860298 2788 967926798
No
676 197164225 683 885956550
No
2772 765615058 2775 980038663
No
2539 670229229 2550 849466709
No
2944 158314161 2936 931540752
No
230 661773899 224 945123898
No
781 64857618 786 925950011
Yes
1063 198593541 1060 831462186
No
1844 351195030 1843 863293911
No
190 788802363 184 942396183
No
615 771517686 608 803201458
No
2023 816096866 2033 804559707
No
318 656273583 335 944002466
No
1559 923525790 1552 824864502
No
2450 756300103 2467 837547159
No
2468 30827945 2582 990626508
No
269 915590908 260 977658401
No
439 915255473 428 976205655
No
2737 12560315 2577 990626508
No
2850 322812680 2843 949840699
No
732 827474090 731 127025065
Yes
2783 453421373 2787 742816730
No
2408 346555904 2401 891718434
No
1653 607175056 1644 706460220
No
1039 694557188 1051 845003146
No
2424 216872987 2443 893292232
No
1153 607294482 1160 931733276
No
2949 378921502 2952 886972569
No
168 139914277 185 981164519
No
1151 30983464 1145 995242053
No
1076 377483011 1070 907366332
No
1248 46572352 1255 996436140
No
336 730668797 325 944002466
No
88 296068253 104 953437811
No
1627 55153884 1616 737248471
Yes
2903 791306356 2893 799022216
No
1317 456977618 1321 974939836
No
2584 372449667 2576 990626508
No
2521 95807175 2496 927494189
No
914 731834950 908 867029365
No
1455 280780966 1447 975094103
No
1351 834869390 1346 909394035
No
2457 402789644 2447 963630071
No
1487 250310183 1478 885232966
No
897 389554480 888 899542432
No
1671 260079059 1662 819320092
No
1365 881868714 1363 812305719
No
1627 55153884 1624 460828183
Yes
496 761655270 486 922948379
No
367 34807475 421 980053489
No
2170 947902975 2172 803414759
No
2785 637546386 2779 899273623
No
764 184169991 760 912013047
No
246 364856523 259 966038708
No
248 167061420 251 956747509
No
2172 112418731 2183 962049999
No
2855 801329410 2850 981748579
No
957 660779839 951 961377311
No
2753 921768778 2750 821235022
No
1387 970729149 1381 962586297
No
416 980053489 406 747671250
No
989 396585760 996 781427836
No
82 906969813 100 953437811
No
1900 550733993 1924 949095212
No
1693 689917397 1694 939170844
No
2763 639166122 2760 998097599
No
1992 758901990 2001 978408968
No
1762 533306654 1760 973592265
No
Yes
2378 1141798 2857 998097599
Yes
2582 304589970 2596 957998438
No
1277 348939748 1281 945307332
No
500 127491395 502 962073924
No
2946 838974856 2949 841440764
No
2558 116899248 2580 990626508
No
746 36645833 721 998525846
No
2261 304023319 2277 810943711
No
560 688941695 566 915097419
No
711 876903848 703 905612008
No
2964 164053175 2952 939124933
No
761 456097753 755 788873910
No
2206 666923373 2204 708669610
No
11 760692296 9 612594399
No
2929 516570123 2922 990393781
No
206 212274088 215 930938692
No
357 650194512 347 941406601
No
929 298873032 951 796511862
No
2227 354777637 2237 778328609
No
879 767740929 892 899542432
No
2523 893708686 2510 869119283
No
161 834536161 176 981164519
No
983 24638379 976 986614550
No
231 257439717 244 887335501
No
1129 13710452 1147 995242053
No
505 352862823 497 962073924
No
1225 297830440 1216 787748900
No
2828 90854622 2789 967926798
No
183 66868762 181 700311729
Yes
734 411207252 740 909908233
No
646 196497790 635 861550754
No
2175 370642241 2169 947902975
No
1357 845389752 1365 881868714
No
1074 52779634 1016 954275686
No
575 437667561 570 986045598
No
833 471788199 826 811917040
No
147 563748641 164 976286715
No
1322 723706798 1326 781526725
No
2380 467245089 2364 856704757
No
152 711324385 143 816812226
No
2417 575681544 2436 893292232
No
2419 466793499 2410 832703106
No
2804 716559233 2815 631967616
No
116 63543672 88 953437811
No
1054 901815735 1050 845003146
No
1581 181777310 1567 969026989
No
2424 216872987 2407 832703106
No
1622 292769263 1631 935390242
No
2004 13975292 2053 991585898
No
2578 885849800 2553 813460615
No
208 341645513 225 945123898
No
103 275907722 98 900742572
No
1569 962964639 1566 352123710
No
2969 308403055 2955 939124933
No
2828 90854622 2789 967926798
No
1702 339828262 1696 908634937
No
911 730010513 906 658026839
No
2024 6610801 1752 984952456
Yes
1574 644637531 1568 969026989
No
235 5385228 519 999419794
No
2396 507013306 2389 934465070
No
715 423107895 707 943683644
No
2570 612601218 2542 849466709
No
1363 577051714 1371 881868714
No
208 341645513 224 930938692
No
440 398043820 429 976205655
No
2313 151166549 2332 959868506
No
1732 177619534 1737 975000870
No
2174 372645908 2168 947902975
No
957 660779839 965 905065090
No
2109 974103231 2103 805605795
No
219 50860685 200 930938692
Yes
521 780434452 519 852078842
No
1797 711856616 1789 702069277
No
1021 558473017 1017 954275686
No
Yes
1686 653525260 1680 988428744
No
2790 502627390 2789 471791339
Yes
2760 885433923 2761 336751382
No
1424 972979702 1428 712944455
No
2563 357546913 2574 745320104
No
2659 567022211 2665 795599017
No
1063 198593541 1058 831462186
No
1823 680508293 1840 939836704
No
55 436388366 71 978170943
No
2591 443632216 2584 799892394
No
563 689231616 558 699177313
No
1654 757716386 1657 940724701
No
1706 689932712 1713 936542947
No
862 93983913 835 925121324
No
2218 288219464 2236 778328609
No
1720 341339282 1717 721949087
No
712 486837408 716 943683644
No
1033 103194811 1024 933304470
No
2116 403783592 2119 965387050
No
50 652316016 59 914201120
No
2835 497477857 2829 946894431
No
332 165601982 322 944002466
No
2924 394334811 2919 990393781
No
960 137831200 964 830307753
Yes
2543 395621754 2524 915623419
No
1713 395045808 1718 780816233
No
1886 974922058 1884 477911701
No
1694 939170844 1695 172573601
No
1497 433996798 1500 992523092
No
2592 327710454 2584 799892394
No
2748 333641319 2738 936898497
No
1000 394272927 997 813576050
No
2958 272612642 2961 939124933
No
2808 572027512 2798 716559233
No
2432 640197033 2424 893292232
No
825 596462182 819 893222493
No
1298 460303686 1303 892845376
No
2154 889226180 2158 907272199
No
1157 74977126 1144 995242053
No
1712 936542947 1718 780816233
No
2077 167739701 2070 946462682
No
399 446618307 411 803305295
No
1233 613624920 1221 762463773
No
947 781622350 954 961377311
No
1984 40317744 2006 978408968
No
1245 85306892 1249 924822181
No
2366 228162545 2390 856704757
No
583 810272044 581 883373080
No
1314 182482118 1310 991538527
No
791 165275931 802 910265212
No
2505 606602308 2506 927494189
No
239 368819872 253 956747509
No
93 9770285 518 999419794
No
2577 571985445 2543 849466709
No
2390 275575575 2372 786787220
No
2564 409580642 2567 578826325
Yes
689 93968807 701 957864339
No
1492 828804549 1490 889368982
No
1232 281893979 1216 787748900
No
2200 891865988 2202 867570905
No
1523 223733841 1517 971185273
No
2026 804559707 2034 676683201
No
541 780808375 535 832439697
No
2010 502143230 2000 978408968
No
70 336107112 85 978170943
No
1523 223733841 1530 954030640
No
190 788802363 207 836403221
No
1659 467727945 1662 797860931
No
2697 154184209 2686 933805374
No
2492 913741083 2482 946602445
No
1580 343004209 1571 969026989
No
1392 897167333 1386 970729149
No
1172 546855921 1160 931733276
No
216 351434758 236 945123898
No
1877 93186207 1893 984952456
No
2827 644693317 2832 946894431
No
1181 489556736 1180 810853679
No
1100 337525315 1088 867751434
No
1778 48863763 1814 966002744
No
2565 267305783 2536 915623419
No
1878 748847527 1888 974922058
No
2092 860782346 2087 898812639
No
1011 857335956 1008 953765167
No
1539 573788326 1543 775339725
No
1778 48863763 1772 902985156
Yes
1804 293002796 1799 758754444
No
1216 787748900 1211 954737455
No
2289 840483397 2295 840795336
No
1225 297830440 1241 952077387
No
1487 250310183 1489 971928127
No
841 925121324 844 686442692
No
844 146736407 846 692487966
Yes
2948 841440764 2946 838974856
No
2757 866021818 2747 921768778
No
2102 449284580 2106 805605795
No
1052 185229994 1045 845003146
No
2319 96799492 2299 953061005
No
2035 919648783 2024 804559707
No
1950 66445509 1937 915229047
Yes
266 962674415 258 966038708
No
1119 417473138 1126 914485419
No
1509 835282982 1507 945741770
No
1603 30706182 1589 994865672
No
2159 729673025 2153 907272199
No
1665 320312791 1658 819320092
No
1759 466845731 1758 623911158
No
1523 223733841 1518 971185273
No
2578 885849800 2569 745320104
No
2538 915623419 2547 849466709
No
450 190966748 477 882187355
No
791 165275931 778 925950011
No
1282 327060790 1291 895338396
No
2179 165653442 2167 988134743
No
897 389554480 887 899542432
No
1302 482587001 1297 892845376
No
1600 187571946 1595 942903737
No
532 402200555 540 832439697
No
1722 106140635 1731 919927340
No
210 685228948 225 945123898
No
829 508474858 839 811917040
No
2908 212886739 2894 799022216
No
2244 558475718 2238 970487743
No
2610 414137844 2617 944217176
No
7 704554322 6 554131680
No
780 631453050 777 909808744
No
2039 822971659 2043 960745512
No
2671 965276300 2676 962543387
No
1550 154991764 1561 923525790
No
2701 64010719 2723 961663833
No
2806 631967616 2795 742419549
No
2581 506549984 2594 898154664
No
1220 80035028 1209 954737455
No
2958 272612642 2960 939124933
No
1118 982056401 1122 808042782
No
1176 377524787 1171 960460350
No
2976 940392607 2967 809028098
No
1855 77130505 1838 939836704
No
1446 63035407 1448 975094103
No
1648 107824778 1658 940724701
No
1226 117423964 1241 952077387
No
311 341944230 324 939105058
No
1745 563752156 1749 843532080
No
1763 614594249 1762 533306654
No
1904 604687150 1927 949095212
No
1911 297261632 1933 949095212
No
1400 532335560 1405 957454586
No
930 617681268 925 799489999
No
2846 28105042 2771 980038663
No
2463 393786228 2457 539442201
Yes
2111 891271952 2113 626458515
No
1470 667324741 1472 172744000
Yes
2346 891816688 2343 939980898
No
2134 521818975 2126 867179274
No
567 361277755 572 986045598
No
924 871580067 923 881614276
No
1803 758754444 1797 820595789
No
838 374256880 829 811917040
No
531 807771728 538 707442382
No
830 722988928 823 596462182
No
1745 563752156 1748 843532080
No
558 182703944 561 699177313
Yes
1295 759982442 1301 892845376
No
1940 163368005 1928 915229047
No
1990 43063551 1891 984952456
No
30 794680598 28 541898721
No
1925 57326006 2006 978408968
No
2454 71258294 2499 946602445
No
1208 966863722 1204 788616254
No
421 689497622 428 974778074
No
502 962073924 503 508156550
No
1437 990786154 1434 950915041
No
800 432091417 795 910265212
No
572 986045598 573 153638336
No
1248 46572352 1221 952077387
Yes
1439 994520668 1441 419098884
No
Yes
970 399589067 975 864806629
No
557 757191796 555 567271174
No
1302 482587001 1295 892845376
No
1642 279660835 1656 940724701
No
601 577647438 597 954921066
No
2675 335137017 2685 918448003
No
1200 617775769 1205 613228203
No
1893 417194606 1919 949095212
No
2216 539789256 2233 778328609
No
1418 936598392 1420 653943303
No
1189 251413924 1192 912880118
No
1045 414078209 1058 901815735
No
199 13386938 518 999419794
No
2685 743195598 2691 933805374
No
735 909908233 733 627659829
No
412 106716811 350 941406601
No
1750 350040330 1752 998004911
No
416 980053489 406 747671250
No
2508 695372278 2512 869119283
No
1654 757716386 1648 668150784
No
356 335309878 367 904688215
No
78 637416516 76 749758597
No
2710 649874414 2697 759881310
No
224 366226478 216 870989182
No
746 36645833 758 980112146
No
1766 375867869 1778 982836387
No
1619 705519968 1614 737248471
No
1272 355904509 1277 657227454
No
2616 944217176 2622 805326598
No
1830 506967156 1847 939836704
No
2179 165653442 2167 988134743
No
1398 149414441 1405 957454586
No
2022 539266934 2032 816096866
No
1418 936598392 1410 939046535
No
114 284221937 105 817406273
No
2073 430253311 2070 946462682
No
2389 786787220 2388 492320679
No
2023 816096866 2014 911137568
No
2969 308403055 2954 939124933
No
1904 604687150 1901 501301828
No
2482 98098069 2442 963630071
No
2167 988134743 2163 915806298
No
2759 487378778 2761 885433923
No
2519 28800946 2532 899645295
Yes
2088 174634158 2095 891186810
No
2952 542684108 2943 910944724
No
335 818279899 324 944002466
No
1365 881868714 1368 298942018
No
2669 380651850 2662 977667172
No
2755 185676894 2752 921768778
No
1116 168953981 1098 890065655
No
2960 11098705 2918 990393781
No
1139 648731587 1131 939930354
No
2415 724627430 2435 893292232
No
2420 381542070 2411 832703106
No
1961 619118400 1975 895755877
No
641 669764685 634 861550754
No
1453 548908345 1448 660903867
No
2864 227151046 2869 713513269
Yes
119 438898340 133 971703139
No
525 383707783 522 762714574
No
1317 456977618 1313 858106941
No
2024 6610801 2111 993865866
No
2907 782839971 2896 799022216
No
1610 953529717 1604 845745413
No
2808 572027512 2818 846511634
No
2205 708669610 2204 463185761
No
846 692487966 858 872834245
No
2063 120327070 2075 946462682
No
1605 98089156 1594 942903737
No
171 786145504 165 685233600
No
757 66116740 769 971741196
No
524 762714574 530 850327511
No
2890 518013766 2878 771459518
No
1624 213068950 1609 988650179
No
1459 169316617 1453 872564414
No
1921 155340986 1914 949095212
No
434 388264849 443 976205655
No
1072 524137672 1081 907366332
No
1135 693326503 1126 895245818
No
470 59203441 429 976205655
No
1819 912485302 1818 774597657
No
1123 755424909 1118 982056401
No
2689 28442976 2763 998097599
No
850 256074710 834 925121324
No
1072 524137672 1065 880185178
No
249 956747509 241 735839634
No
1800 406078655 1795 820595789
No
2598 48635837 2633 965650924
No
2285 998877018 2287 811419091
No
2182 913433489 2185 903612864
No
734 411207252 732 827474090
No
946 524693010 953 961377311
No
2468 30827945 2582 990626508
No
2404 383740953 2413 891718434
No
2666 977667172 2670 857712733
No
2118 965387050 2122 742066326
No
1629 336795307 1632 935390242
No
1599 640904963 1604 726373071
No
1914 72615375 1890 984952456
No
970 399589067 965 958361428
No
1281 945307332 1278 776138795
No
1615 685210714 1610 988650179
No
1186 477912789 1191 912880118
No
1085 433203733 1079 904055010
No
1495 518658649 1499 992523092
No
1481 476640507 1471 706466301
No
Yes
154 931000382 166 976286715
No
2173 509164664 2180 853362759
No
2368 704411383 2360 812485572
No
2257 565430626 2250 830658974
No
1149 609281487 1155 885223973
No
1550 154991764 1539 916825950
No
35 388936644 50 977370167
No
1458 287349395 1464 848835850
No
2248 195410778 2245 995348077
No
1903 483190426 1906 901025793
No
201 639003358 223 930938692
No
160 968467117 172 834536161
No
1836 135483806 1850 939836704
No
813 423488446 821 909302918
No
675 411670848 683 885956550
No
2029 349441936 2036 919648783
No
303 760541242 293 818683668
No
1714 62621395 1736 975000870
No
137 286019803 160 976286715
No
568 957211063 572 986045598
No
2387 195285691 2404 934465070
No
323 415275214 307 939105058
No
635 733349647 634 102435549
Yes
1680 529737818 1675 766570934
No
1438 217868660 1434 990786154
No
1710 715097069 1708 764206119
No
2313 151166549 2332 959868506
No
2622 156691290 2609 944217176
No
2296 90899536 2283 998877018
No
Yes
2499 544318240 2514 927494189
No
1050 715554120 1060 901815735
No
2298 469568857 2295 972524681
No
239 368819872 254 956747509
No
2392 326898067 2376 815154630
No
2676 580916499 2684 918448003
No
1141 363214107 1133 939930354
No
1935 600802603 1919 827600962
No
1131 169542735 1123 914485419
No
1754 366610317 1765 973592265
No
2063 120327070 2076 946462682
No
449 19394515 173 981164519
No
Yes
1825 188052544 1840 939836704
No
2914 412147280 2919 486458839
Yes
2829 228790883 2834 946894431
No
248 167061420 259 966038708
No
1229 631965555 1239 883781421
No
268 977658401 277 939257679
No
169 685233600 183 981164519
No
861 99967722 873 996936390
No
1421 996174635 1424 972979702
No
2390 275575575 2404 934465070
No
Yes
974 327721345 967 958361428
No
197 232565683 187 914974198
No
2552 175599460 2528 915623419
No
297 767573896 303 818683668
No
2836 217299945 2846 792448128
No
2018 899655678 2026 887701959
No
234 597873960 247 887335501
No
1156 805071702 1164 931733276
No
667 4566710 723 998525846
No
148 173665664 166 976286715
No
2979 545175730 2982 828831390
No
2195 846280213 2198 680748642
No
185 70508616 227 945123898
No
582 883373080 587 946385243
No
1700 119522483 1701 724788570
Yes
1697 625260207 1691 939170844
No
41 414330230 39 824740107
No
2197 675251240 2192 846280213
No
895 284399010 888 899542432
No
2626 843020464 2633 965650924
No
485 63047357 467 944612444
No
1481 476640507 1477 706466301
No
2312 467976873 2302 741658918
No
2908 212886739 2913 849881662
No
2190 661313481 2187 650224842
No
2508 695372278 2525 893708686
No
2760 885433923 2758 643129479
No
592 238446049 598 894921941
No
2762 998097599 2759 885433923
No
2515 847656843 2505 927494189
No
Yes
2294 320478351 2300 972524681
No
1114 5722164 1147 995242053
No
1443 753259962 1446 329050038
No
987 723190328 984 986064899
No
1736 340818034 1742 997285873
No
958 569876084 966 905065090
No
2430 192114428 2406 832703106
No
2356 370601295 2352 736335508
No
2953 737080164 2947 886972569
No
997 813576050 996 25814829
Yes
655 933672746 652 987585815
No
2548 61031461 2535 915623419
Yes
1237 883781421 1242 952077387
No
1329 849214125 1326 993531372
No
536 481186528 542 832439697
No
2245 286355078 2248 995348077
No
2035 919648783 2040 822971659
No
2097 465190963 2092 905349466
No
661 598960202 672 889883167
No
2821 324137553 2832 946894431
No
1515 675775284 1521 971185273
No
2676 580916499 2675 335137017
Yes
1425 327088889 1427 712944455
No
1781 921943917 1780 795450895
No
2228 140358433 2215 612125524
Yes
2187 365772433 2185 647479465
No
2850 322812680 2843 949840699
No
1582 870303594 1583 331627001
No
942 685887828 936 669075115
No
2886 430089139 2874 977221549
No
522 350078720 519 852078842
No
2142 708784243 2139 827017343
No
1541 775339725 1535 661078425
No
Yes
2823 331794919 2833 946894431
No
2269 663436211 2276 810943711
No
444 115936952 429 976205655
No
585 946385243 581 883373080
No
1770 199625483 1781 982836387
No
2534 65808550 2582 990626508
No
548 481247619 553 971482741
No
735 909908233 733 627659829
No
611 444795535 617 969699217
No
1901 32239850 2006 978408968
No
2911 145678048 2870 977221549
No
1586 144357107 1583 983690543
No
2098 2971508 1751 998004911
No
509 177928165 512 907054983
No
188 22022508 414 977658401
Yes
1280 350557460 1275 776138795
No
271 339906000 262 977658401
No
1292 901116628 1296 759982442
No
2954 578041306 2956 779186420
No
2970 202010514 2953 939124933
No
2089 457854473 2084 898812639
No
2332 204646759 2342 957715985
No
963 830307753 961 491700253
No
1328 993531372 1330 849214125
No
474 882187355 454 829801267
No
930 617681268 942 685887828
No
2813 546042851 2803 716559233
No
114 284221937 105 817406273
No
1599 640904963 1605 726373071
No
2154 889226180 2149 832557116
No
2242 970487743 2236 887601717
No
1640 656255587 1634 997030307
No
1645 611807775 1637 656255587
No
401 669659120 412 803305295
No
1136 720370496 1140 939930354
No
1018 954275686 1015 895378153
No
2806 631967616 2817 846511634
No
2456 534438745 2479 888073852
No
2192 832522019 2194 468191944
No
2608 826899362 2616 944217176
No
2246 349332182 2247 995348077
No
1862 14940755 2052 991585898
No
962 491700253 968 905065090
No
482 447495356 468 944612444
No
1596 839232464 1598 942903737
No
2013 703438538 2022 911137568
No
797 893264161 805 901551543
No
567 361277755 572 986045598
No
1384 949277998 1379 962586297
No
372 727664597 355 904688215
No
548 481247619 544 942663700
No
2328 723186350 2326 959868506
No
1034 127217440 1025 933304470
No
1169 240091447 1158 931733276
No
1394 602892210 1387 970729149
No
670 132472187 683 885956550
No
168 139914277 185 981164519
No
296 3022527 2940 999975520
No
1023 172493220 1028 933304470
No
1397 388901462 1405 957454586
No
1861 771422048 1862 14940755
Yes
921 562147292 931 881614276
No
1671 260079059 1664 819320092
No
1234 92523414 1210 954737455
No
639 227708443 634 861550754
No
2896 508160488 2883 771459518
No
1511 208911348 1521 971185273
No
2399 251258196 2420 891718434
No
1343 820897021 1350 909394035
No
350 728350297 340 867494043
No
1384 949277998 1378 962586297
No
1726 714608045 1729 919927340
No
2347 97947531 2355 978157315
No
1897 926607148 1906 901025793
No
121 872094331 139 953748733
No
2825 403485435 2832 946894431
No
2770 502786968 2763 858125745
No
2651 935102741 2644 892259613
No
1568 18838502 1573 969026989
Yes
572 986045598 577 496457029
No
1893 417194606 1901 926607148
No
443 848722629 433 976205655
No
1032 528364770 1035 504537345
No
729 191861479 725 739944111
Yes
2012 466826727 2020 911137568
No
95 798353753 112 900742572
No
376 169344887 422 980053489
No
1664 819320092 1656 940724701
No
1862 14940755 1751 998004911
No
2667 213796581 2668 539883375
Yes
391 217307651 405 803305295
No
2505 606602308 2499 910363267
No
1549 211065008 1560 923525790
No
52 286707601 49 652316016
Yes
272 849371250 286 961393854
No
1091 617413513 1098 858136975
No
2776 557054290 2781 808955148
No
1795 476120931 1788 702069277
No
1983 743304524 1961 895755877
No
2024 6610801 1751 998004911
No
311 341944230 299 910704305
No
2224 94349611 2206 990441972
No
1088 634868961 1098 867751434
No
1343 820897021 1339 731838679
No
976 951806582 970 864806629
No
257 626894137 255 949204497
No
2014 911137568 2023 899655678
No
327 559481525 309 939105058
No
1407 81840301 1398 957454586
No
Yes
2765 858125745 2763 641755171
No
1066 245011935 1076 907366332
No
393 279299116 403 790573390
No
1961 619118400 1973 895755877
No
2291 278709741 2289 840483397
No
286 961393854 300 917272690
No
1816 545023238 1831 912485302
No
1148 845873274 1156 885223973
No
1387 970729149 1381 962586297
No
428 95084042 443 976205655
No
417 152883075 430 974778074
No
767 732213022 770 971741196
No
1202 129192532 1211 966863722
No
660 832732089 670 889883167
No
2694 108829250 2695 394637739
Yes
103 275907722 124 971703139
No
665 125739947 673 889883167
No
2487 61125475 2441 963630071
No
1112 99881966 1122 982056401
No
1253 682710731 1247 793771724
No
2663 795599017 2652 819329463
No
2162 942915061 2160 622545362
No
1637 102616083 1634 997030307
No
320 591059667 314 710470226
No
2341 286890557 2340 813706602
No
2727 3560424 2762 998097599
No
2719 556595386 2716 804918973
No
394 781012790 371 839718764
No
2157 216494518 2151 907272199
No
2854 468561108 2851 981748579
No
628 816956977 637 733349647
No
2297 972524681 2295 607571745
No
2601 356068399 2609 916515960
No
2457 402789644 2480 888073852
No
1669 238761883 1662 819320092
No
1334 706959355 1340 913147764
No
1865 465400949 1878 748847527
No
219 50860685 248 945123898
Yes
2274 810943711 2279 587578422
No
Yes
2821 324137553 2823 331794919
Yes
97 494456937 114 900742572
No
1058 618413669 1052 901815735
No
427 748886735 436 853504525
No
124 866657095 121 872094331
No
960 137831200 970 958361428
No
217 395922306 206 930938692
No
1737 17874892 1704 999975520
No
2297 972524681 2304 953061005
No
2744 240200420 2724 800928489
No
2113 626458515 2116 988000898
No
1911 297261632 1907 464053854
Yes
1879 672797466 1880 438891242
No
1651 614308224 1643 706460220
No
749 483810461 755 980112146
No
2498 460626656 2512 927494189
No
Yes
1585 983690543 1583 331627001
No
2917 486458839 2920 946095720
No
1969 516628786 1950 895755877
No
2050 579827991 2056 927219972
No
2791 417670661 2795 967926798
No
2722 463310615 2715 961663833
No
1105 890065655 1112 788871447
No
2728 616686385 2721 805931315
No
184 942396183 201 914974198
No
994 673992317 1003 938099226
No
2044 837863429 2049 991585898
No
364 241447200 349 941406601
No
2105 660954914 2108 805605795
No
2557 219249976 2579 885849800
No
2080 967348845 2085 833772515
No
473 829801267 477 882187355
No
2429 22185506 2348 978157315
No
1086 513093352 1078 904055010
No
2886 430089139 2874 977221549
No
Yes
2892 423665273 2900 764215799
No
777 909808744 775 946780725
No
2357 396324897 2352 736335508
No
18 742316997 15 691445901
No
501 65664074 466 944612444
No
2577 571985445 2580 990626508
No
1801 386076592 1794 820595789
No
294 236671457 284 961393854
No
2078 145252953 2083 967348845
No
1845 643763884 1848 871612203
No
2330 763101178 2339 957715985
No
2148 983605405 2146 816554631
No
1473 340848477 1465 815422954
No
668 520233495 664 889883167
No
2521 95807175 2532 899645295
Yes
712 486837408 713 54927490
Yes
2502 227970735 2520 927494189
No
Yes
1536 661078425 1541 775339725
No
2163 909401917 2160 942915061
No
750 127325278 734 909908233
No
Yes
35 388936644 34 105769188
Yes
1592 994865672 1587 968569531
No
2999 626414224 3000 457059961
No
273 939257679 288 961393854
No
349 252624663 337 867494043
No
2315 117473513 2333 959868506
No
2499 544318240 2485 946602445
No
199 13386938 409 977658401
Yes
155 967385241 167 976286715
No
352 657621457 342 927989024
No
2175 370642241 2169 947902975
No
1251 793771724 1253 682710731
No
1136 720370496 1140 939930354
No
2123 84550327 2149 983605405
No
582 883373080 587 946385243
No
322 424017292 306 939105058
No
2194 468191944 2196 846280213
No
590 175890644 583 946385243
No
1439 994520668 1437 990786154
No
2500 910363267 2490 913741083
No
1915 16096663 1891 984952456
No
946 524693010 954 961377311
No
66 586715500 62 866732359
No
1451 505321609 1454 660903867
No
1763 614594249 1761 533306654
No
1438 217868660 1434 990786154
No
2862 224837651 2863 960852922
No
1845 643763884 1842 863293911
No
2407 367002740 2401 891718434
No
1737 17874892 1704 999975520
No
1389 692602709 1394 902730291
No
2394 189588070 2420 891718434
No
1298 460303686 1303 892845376
No
1900 550733993 1898 873176473
No
1421 996174635 1420 130970857
No
53 300951699 49 652316016
Yes
1641 458891161 1648 706460220
No
1375 18934330 1423 996174635
No
2294 320478351 2304 972524681
No
490 259922298 478 944612444
No
2528 332329238 2536 897477655
No
1185 459146091 1188 555366586
No
483 388590033 469 944612444
No
1877 93186207 1843 890618929
Yes
2195 846280213 2198 680748642
No
2955 493493532 2952 737080164
No
Yes
362 485755025 383 839718764
No
1789 490415929 1806 820595789
No
302 571595967 299 818683668
No
2897 220435656 2907 799022216
No
1452 660903867 1460 872564414
No
2221 448027671 2209 990441972
No
2353 222032054 2348 978157315
No
138 519496743 159 976286715
No
928 449947771 942 685887828
No
2851 552704818 2843 949840699
No
532 402200555 541 832439697
No
1711 222522573 1716 936542947
No
1075 907366332 1083 904055010
No
2759 487378778 2761 885433923
No
Yes
2548 61031461 2582 990626508
No
1119 417473138 1117 982056401
No
151 816812226 162 976286715
No
1855 77130505 1892 984952456
No
1963 895755877 1978 847518665
No
1769 696946594 1781 982836387
No
686 359230412 689 486189137
Yes
Yes
2980 780046753 2983 828831390
No
598 188902156 601 954921066
No
1531 575132129 1539 661078425
No
1026 933304470 1022 804505313
No
879 767740929 892 899542432
No
1373 691960512 1374 792542457
No
1630 935390242 1624 473812116
No
2812 611203690 2803 716559233
No
2915 123951745 2870 977221549
No
2211 155686453 2206 990441972
No
1583 331627001 1576 870303594
No
575 437667561 570 986045598
No
2867 676396881 2865 713513269
No
2971 122224695 2953 939124933
No
479 13690947 337 980053489
Yes
1967 634596595 1950 895755877
No
252 808250478 262 966038708
No
1278 511800870 1282 945307332
No
2867 676396881 2861 960852922
No
489 733032646 496 761655270
No
526 202156403 523 762714574
Yes
1247 557951126 1245 924822181
No
Yes
2154 889226180 2149 832557116
No
2682 67689568 2668 965276300
No
2036 344077675 2041 822971659
No
654 987585815 651 785498852
No
971 864806629 965 958361428
No
2145 520806268 2148 983605405
No
1611 892021593 1605 953529717
No
420 461716421 426 974778074
No
1781 921943917 1779 795450895
No
784 586797371 779 925950011
No
2360 812485572 2383 856704757
No
344 659697905 330 944002466
No
2388 492320679 2401 934465070
No
1698 353308566 1696 625260207
Yes
208 341645513 194 836403221
No
873 821793506 872 996936390
No
781 64857618 774 946780725
No
2479 611134273 2468 888073852
No
891 439336542 911 943246296
No
1329 849214125 1328 993531372
No
263 492107847 273 977658401
No
1804 293002796 1799 758754444
No
2402 184437391 2420 891718434
No
990 77314685 1008 953765167
No
158 544270378 153 967385241
No
2619 734450655 2611 944217176
No
1630 935390242 1624 473812116
No
410 667858991 420 980053489
No
1343 820897021 1338 901014931
No
293 456399721 309 910704305
No
516 582639231 505 907054983
No
923 881614276 921 562147292
No
280 717301772 271 939257679
No
2313 151166549 2333 959868506
No
1321 205908434 1328 993531372
No
1684 154889770 1690 942188513
No
2096 905349466 2100 829263987
No
311 341944230 319 939105058
No
1855 77130505 1893 984952456
No
721 564251091 711 943683644
No
2327 315691552 2324 959868506
No
1246 924822181 1250 734479710
No
1 674974040 16 933052976
No
2004 13975292 2053 991585898
No
2767 381862 742 999975520
No
2180 853362759 2176 762565287
No
2959 939124933 2952 779186420
No
2343 361568150 2345 939980898
No
1538 406630358 1544 815410379
No
2861 942796306 2862 224837651
No
2499 544318240 2486 946602445
No
1344 435454693 1340 820897021
No
1798 820595789 1811 966002744
No
928 449947771 942 685887828
No
192 824230930 186 914974198
No
2726 628111497 2720 961663833
No
487 922948379 470 944612444
No
585 946385243 591 689792490
No
1191 909449632 1188 912880118
No
1559 923525790 1552 824864502
No
2631 948888286 2625 960206112
No
1700 119522483 1695 908634937
No
2496 177095993 2514 927494189
No
Yes
2685 743195598 2692 933805374
No
2493 852545598 2495 437516007
No
2371 183426753 2405 934465070
No
60 875469317 75 978170943
No
1918 949095212 1913 734646751
No
1911 297261632 1926 949095212
No
367 34807475 422 980053489
No
249 956747509 260 966038708
No
2488 184107343 2476 794294915
Yes
1977 95956968 1929 915229047
No
1151 30983464 1145 995242053
No
769 372562175 773 977662571
No
2982 297367201 2977 957252216
No
1594 652279875 1596 839232464
No
1200 617775769 1206 788616254
No
2494 437516007 2484 946602445
No
2930 643286580 2924 696760852
No
1364 812305719 1359 869032761
No
978 701851542 976 986614550
No
1351 834869390 1352 671597316
No
1621 205206308 1631 935390242
No
853 415168183 837 925121324
No
2822 249915309 2834 946894431
No
1914 72615375 1892 926607148
Yes
2980 780046753 2982 828831390
No
1693 689917397 1695 939170844
No
988 345082806 998 813576050
No
690 835688402 683 486189137
No
2180 853362759 2176 762565287
No
703 178970669 712 905612008
No
116 63543672 87 953437811
No
2862 224837651 2863 960852922
No
Yes
992 781427836 1000 813576050
No
70 336107112 69 923493671
No
Yes
626 984957298 631 816956977
No
312 939105058 326 710470226
No
595 312573670 591 894921941
No
601 577647438 598 954921066
No
1193 287314952 1190 912880118
No
1456 872564414 1455 280780966
No
1048 757263496 1059 901815735
No
1184 283822527 1190 912880118
No
2664 180767028 2647 935102741
No
2873 217880568 2876 977221549
No
1032 528364770 1049 757263496
No
372 727664597 355 904688215
No
2898 722672089 2885 771459518
No
1185 459146091 1180 832504523
No
2761 336751382 2752 921768778
No
2203 831129356 2206 708669610
No
365 809786924 354 904688215
No
2011 167793777 2001 889018820
No
1533 59267215 1550 916825950
Yes
2199 685658485 2198 409772925
No
2667 213796581 2663 977667172
No
2971 122224695 2953 939124933
No
243 46245625 258 966038708
No
437 255089515 430 853504525
No
232 37492738 173 981164519
No
1074 52779634 1015 954275686
No
738 712777117 739 590660303
No
248 167061420 230 887335501
No
787 606719981 781 925950011
No
73 594538420 92 953437811
No
2907 782839971 2915 849881662
No
2206 666923373 2209 990441972
No
2045 266917347 2048 746114721
No
2938 375777426 2943 931540752
No
500 127491395 503 962073924
No
2457 402789644 2446 963630071
No
532 402200555 529 807771728
No
1409 822120180 1401 957454586
No
825 596462182 830 722988928
No
2432 640197033 2430 893292232
No
2216 539789256 2234 778328609
No
416 980053489 407 747671250
No
1736 340818034 1741 997285873
No
1642 279660835 1656 940724701
No
2060 223195609 2054 927219972
No
1608 718000248 1601 845745413
No
2289 840483397 2286 811419091
No
1512 287786760 1522 971185273
No
2300 397263570 2298 722808525
No
2558 116899248 2533 915623419
No
1548 593844864 1542 916825950
No
3 933052976 18 875090289
No
899 50439435 872 996936390
No
2549 815332381 2529 915623419
No
2344 939980898 2351 978157315
No
1360 702755982 1354 845389752
No
782 925950011 777 909808744
No
1493 671637416 1497 518658649
No
1166 237128872 1159 931733276
No
580 384337215 570 986045598
No
1872 114597461 1857 890618929
No
2836 217299945 2843 753367003
Yes
933 259632076 951 796511862
No
728 739944111 738 909908233
No
776 680993006 774 946780725
No
738 712777117 746 793832792
No
985 461928090 995 781427836
No
2491 416618296 2507 927494189
No
1270 199019182 1268 972499192
No
1521 192611135 1533 954030640
No
988 345082806 999 813576050
No
1176 377524787 1182 832504523
No
553 332214683 563 757191796
No
414 747671250 388 803305295
No
225 945123898 217 870989182
No
730 194586060 738 909908233
No
515 478556077 499 962073924
No
269 915590908 284 939257679
No
2593 528048423 2585 799892394
No
2342 614604964 2336 871115846
No
2499 544318240 2513 927494189
No
323 415275214 341 944002466
No
1362 665329624 1357 869032761
No
2047 517952959 2038 960745512
No
1864 417381357 1856 890618929
No
2689 28442976 2762 998097599
No
1197 854001902 1202 785653375
No
851 197806086 834 925121324
No
315 565959581 303 939105058
No
2191 476629393 2186 661313481
No
826 241266226 818 893222493
No
2236 85344207 2206 990441972
No
1084 853332279 1078 904055010
No
908 636750737 904 829850832
No
785 156684500 779 925950011
No
1042 224360391 1026 933304470
No
2083 248712631 2087 898812639
No
1243 270176453 1238 952077387
No
1002 938099226 999 915101164
No
1738 478204029 1741 997285873
No
2192 832522019 2190 661313481
No
1824 103885354 1819 912485302
No
2549 815332381 2530 915623419
No
1095 778123801 1102 858136975
No
643 286109004 651 783596412
No
2398 553848219 2419 891718434
No
545 942663700 549 820141759
No
455 117286448 482 944612444
No
1403 957454586 1407 713793403
No
1212 817412765 1208 966863722
No
1033 103194811 1045 694557188
Yes
1083 594830601 1080 904055010
No
2891 378858689 2879 771459518
No
1096 858136975 1103 764167855
No
1417 354799477 1420 936598392
No
251 337961050 260 966038708
No
623 741588825 629 984957298
No
1381 424888761 1384 962586297
No
1100 337525315 1107 890065655
No
1320 621107601 1325 781526725
No
2103 425570496 2098 829263987
No
1202 129192532 1208 966863722
No
1439 994520668 1437 990786154
No
1031 174777131 1059 901815735
No
433 89753637 437 398870556
Yes
815 909302918 809 807771124
No
1918 949095212 1937 827600962
No
1980 482971266 1994 758901990
No
566 899463187 571 957211063
No
1237 883781421 1231 613624920
No
2662 431614898 2668 977667172
No
595 312573670 596 433527137
Yes
2218 288219464 2236 778328609
No
1488 971928127 1491 954603418
No
2423 228332141 2406 832703106
No
2799 366393119 2813 716559233
No
1436 828733115 1434 950915041
No
2500 910363267 2495 544318240
No
2426 167514672 2438 893292232
No
1645 611807775 1636 997030307
No
892 449449645 911 943246296
No
74 789899795 93 953437811
No
2184 656276718 2187 647479465
No
56 632522381 55 436388366
No
1416 150720529 1404 939046535
No
430 437045316 437 853504525
No
1800 406078655 1815 966002744
No
1088 634868961 1098 867751434
No
1637 102616083 1657 940724701
No
1281 945307332 1278 776138795
No
681 42729444 701 957864339
No
1787 923468848 1786 645317367
No
1054 901815735 1062 831462186
No
1317 456977618 1319 974939836
No
2451 450219186 2471 837547159
No
2417 575681544 2409 832703106
No
1933 813654592 1952 915229047
No
465 70340751 483 944612444
No
1801 386076592 1804 758754444
No
2725 159692996 2721 805931315
Yes
2738 425922004 2746 936898497
No
2805 207343702 2789 967926798
No
1919 712977852 1914 949095212
No
1074 52779634 1016 954275686
No
540 832439697 534 707442382
No
1497 433996798 1499 992523092
No
673 545535526 669 634116140
No
255 949204497 247 956747509
No
118 132798672 95 900742572
No
1987 714310819 1980 743304524
No
1779 310728240 1793 923468848
No
1196 855801679 1192 882198776
No
1924 99083 1705 998004911
Yes
280 717301772 290 961393854
No
568 957211063 573 986045598
No
2141 827017343 2144 821099055
No
912 601020717 907 730010513
No
2827 644693317 2814 846511634
No
278 467726487 292 961393854
No
900 84150808 890 468885897
Yes
226 730761692 242 887335501
No
229 680919906 231 661773899
No
1182 832504523 1179 810853679
No
2758 643129479 2749 921768778
No
76 23440785 185 981164519
No
17 691445901 31 966863671
No
1641 458891161 1634 997030307
No
949 67604703 914 945983332
No
2225 141140149 2206 990441972
No
595 312573670 592 894921941
No
269 915590908 261 977658401
No
997 813576050 992 781427836
No
1373 691960512 1372 951938696
No
1805 300789307 1818 966002744
No
1163 139816920 1176 960460350
No
2220 351970049 2207 990441972
No
Yes
352 657621457 342 927989024
No
Yes
2852 981748579 2854 550373361
No
198 836403221 191 824230930
No
2906 739713351 2895 799022216
No
1092 785740470 1101 858136975
No
1131 169542735 1123 914485419
No
1796 99045292 1786 923468848
No
2461 105543188 2443 963630071
No
1103 665916046 1094 858136975
No
2652 634602695 2645 935102741
No
2895 375589082 2903 799022216
No
2944 158314161 2943 910944724
No
2437 201669098 2457 963630071
No
Yes
904 731138088 902 943246296
No
Yes
876 105932536 873 901871409
No
122 669675132 137 953748733
No
2872 373980397 2876 977221549
No
2091 449728669 2084 898812639
No
2981 828831390 2984 754824093
No
1782 556431774 1795 923468848
No
2405 891718434 2400 389677189
No
1101 764167855 1108 890065655
No
2160 622545362 2163 942915061
No
631 311629521 626 984957298
No
968 153254677 973 958361428
No
1927 104780745 1913 949095212
No
404 529153436 383 790573390
No
2604 135238115 2617 944217176
No
481 944612444 466 882187355
No
296 3022527 1 981164519
Yes
37 624231054 51 977370167
No
1796 99045292 1818 966002744
No
263 492107847 274 977658401
No
1449 47474460 1481 872564414
Yes
380 145853204 421 980053489
No
2592 327710454 2585 799892394
No
2707 502309714 2695 759881310
No
2379 80468836 2347 978157315
No
166 490304918 162 678166595
No
482 447495356 487 922948379
No
2374 375100931 2401 934465070
No
2243 858997730 2245 558475718
No
1900 550733993 1898 873176473
No
2197 675251240 2192 846280213
No
2015 437508329 2023 899655678
No
525 383707783 535 850327511
No
1553 717329690 1546 745069377
No
1524 755759285 1522 421504596
No
1957 49006901 2006 978408968
No
94 616268592 89 953437811
No
2834 767766601 2836 497477857
No
313 157011073 343 944002466
No
2072 946462682 2076 858130698
No
367 34807475 422 980053489
No
2947 81074429 2960 939124933
No
33 940523215 48 977370167
No
2778 450331470 2782 899273623
No
2960 11098705 2918 990393781
No
2721 621758264 2714 961663833
No
820 316341799 815 909302918
No
1876 49352814 1866 748594949
Yes
985 461928090 983 986064899
No
261 20665161 422 980053489
No
2220 351970049 2207 990441972
No
688 486189137 678 885956550
No
104 167809833 132 971703139
No
133 953748733 130 819471972
No
1855 77130505 1893 984952456
No
428 95084042 415 980053489
No
1465 434226180 1460 848835850
No
303 760541242 292 850376582
No
2790 502627390 2794 967926798
No
1029 322049689 1026 933304470
No
2688 292241196 2679 918448003
No
2954 578041306 2949 886972569
No
1730 256645503 1726 919927340
No
2461 105543188 2498 946602445
No
2976 940392607 2966 809028098
No
2687 394128463 2695 933805374
No
144 145875968 165 976286715
No
1066 245011935 1068 880185178
No
1993 559532190 1996 355075487
Yes
1238 687713689 1234 883781421
No
1354 122210789 1372 951938696
No
1326 77265120 1320 781526725
Yes
656 435982537 653 987585815
No
1064 319200732 1076 907366332
No
946 524693010 939 796511862
No
2182 913433489 2185 903612864
No
752 858688395 748 643819970
No
866 156008780 873 996936390
No
436 398870556 442 976205655
No
637 732553338 631 733349647
No
2015 437508329 2007 911137568
No
47 393653011 48 977370167
No
651 783596412 653 785498852
No
2986 51583417 2971 957252216
No
1816 545023238 1811 599997303
No
326 378350912 306 939105058
No
2173 509164664 2168 947902975
No
2428 417900407 2415 724627430
No
2830 697328767 2834 946894431
No
22 145272413 21 949775640
No
2812 611203690 2821 846511634
No
1092 785740470 1100 858136975
No
1238 687713689 1243 952077387
No
2281 394988232 2265 810943711
No
1366 105768502 1376 951938696
No
2547 672561610 2529 915623419
No
2381 521222115 2366 856704757
No
1245 85306892 1237 952077387
No
147 563748641 140 771543597
No
1991 399117047 1964 847518665
No
755 788873910 762 736459733
No
1507 945741770 1504 827570693
No
2910 129492972 2919 486458839
Yes
1482 809158124 1473 706466301
No
954 25701578 871 996936390
No
2459 539442201 2479 888073852
No
555 567271174 552 971482741
No
2489 946602445 2483 794294915
No
1050 715554120 1039 757263496
No
2534 65808550 2481 946602445
No
277 645273875 267 977658401
No
1823 680508293 1827 894652806
No
1479 378155018 1464 815422954
No
Yes
643 286109004 651 783596412
No
2034 78820308 1995 978408968
No
1366 105768502 1351 969538768
No
679 843003956 675 885956550
No
1756 605933787 1755 953884642
No
348 455913560 337 867494043
No
1573 969026989 1567 967819450
No
2206 666923373 2209 990441972
No
1754 366610317 1764 973592265
No
380 145853204 350 941406601
No
411 141863335 349 941406601
No
1640 656255587 1633 997030307
No
1962 689991798 1976 895755877
No
2842 753367003 2834 767766601
No
1185 459146091 1179 832504523
No
1610 953529717 1606 845745413
No
1536 661078425 1529 954030640
No
2205 708669610 2207 833563695
No
2750 821235022 2753 921768778
No
344 659697905 356 941406601
No
1215 209797178 1220 787748900
Yes
1845 643763884 1865 890618929
No
1516 3404679 871 996936390
No
14 129231842 19 742316997
Yes
437 255089515 421 974778074
No
724 601484016 727 419879766
No
3 933052976 18 875090289
No
2735 400334183 2746 936898497
No
2750 821235022 2748 333641319
No
961 117442201 962 491700253
Yes
7 704554322 6 554131680
No
1530 299463 1 999419794
Yes
1986 438779551 1999 758901990
No
524 762714574 532 850327511
No
1093 119709583 1111 890065655
No
527 91761464 549 942663700
No
2683 269775746 2690 812159463
No
1854 870869282 1851 322147357
No
2042 960745512 2047 960063615
No
1374 792542457 1371 951938696
No
1189 251413924 1179 832504523
No
531 807771728 528 850327511
No
1432 896440327 1428 783400916
No
334 348481678 324 944002466
No
942 685887828 949 796511862
No
2880 13315328 2921 946095720
Yes
1796 99045292 1818 966002744
No
1921 155340986 1914 949095212
No
547 820141759 542 942663700
No
522 350078720 523 543337124
Yes
2145 520806268 2138 827017343
No
1092 785740470 1100 858136975
No
1610 953529717 1605 845745413
No
209 65662287 182 942396183
No
2719 556595386 2722 961663833
No
818 644502321 823 893222493
No
1694 939170844 1696 172573601
No
791 165275931 802 910265212
No
626 984957298 624 933623798
No
491 738936185 496 761655270
No
2422 568584714 2426 688740480
No
764 184169991 760 912013047
No
1256 650849491 1253 996436140
No
652 785498852 643 783596412
No
2233 25394650 2247 995348077
No
1630 935390242 1623 473812116
No
1797 711856616 1789 702069277
No
1040 394921631 1031 694557188
No
792 43901876 769 977662571
No
229 680919906 236 887140404
No
120 971703139 117 438898340
No
1686 653525260 1681 988428744
No
451 74626349 429 976205655
No
1010 682187474 1007 953765167
No
1323 550920657 1327 969046228
No
1021 558473017 1032 933304470
No
43 718910250 57 977370167
No
2237 70949652 2242 970487743
No
17 691445901 32 966863671
No
718 779686457 709 943683644
No
1990 43063551 2006 978408968
No
2479 611134273 2497 946602445
No
1493 671637416 1490 889368982
No
993 500799649 1002 938099226
No
1701 724788570 1695 908634937
No
334 348481678 348 867494043
No
441 754728506 455 848722629
No
678 885956550 673 831090673
No
2808 572027512 2796 716559233
No
2466 30716343 2347 978157315
No
1692 921707592 1688 942188513
No
1700 119522483 1696 908634937
No
1894 254170602 1920 949095212
No
109 512189282 128 971703139
No
631 311629521 626 984957298
No
222 230550019 233 945123898
No
457 628931504 438 976205655
No
1013 561111741 1017 895378153
No
2899 722533625 2886 771459518
No
1496 310475948 1492 828804549
No
550 639438585 544 942663700
No
780 631453050 777 909808744
No
1326 77265120 1320 781526725
Yes
2317 461065039 2327 959868506
No
2753 921768778 2744 936898497
No
1298 460303686 1293 759982442
No
9 432005488 23 949775640
No
2756 618789695 2745 936898497
No
1983 743304524 1963 895755877
No
203 285517274 211 791623802
No
1532 271870060 1530 575132129
Yes
1283 124716520 1290 895338396
No
657 835912114 654 987585815
No
1883 923244138 1888 974922058
No
831 811917040 841 925121324
No
2206 666923373 2209 990441972
No
2360 812485572 2357 658209245
No
1986 438779551 1961 895755877
No
1531 575132129 1540 661078425
No
2098 2971508 1751 998004911
No
1801 386076592 1794 820595789
No
1974 247530792 1955 895755877
No
Yes
1089 867751434 1099 858136975
No
319 89518308 343 944002466
No
2192 832522019 2188 661313481
No
1944 185388976 1929 915229047
No
2511 226750401 2498 927494189
No
1864 417381357 1856 890618929
No
2455 815065676 2445 963630071
No
1122 596422958 1118 982056401
No
2193 211953729 2189 832522019
No
1918 949095212 1937 827600962
No
1693 689917397 1690 942188513
No
1588 968569531 1587 894173816
No
2339 83686965 2350 978157315
No
2743 181426681 2715 961663833
No
656 435982537 654 987585815
No
1734 975000870 1738 911554432
No
1130 709684354 1138 939930354
No
2323 168560548 2300 953061005
No
450 190966748 477 882187355
No
1247 557951126 1242 924822181
No
1961 619118400 1941 889558760
No
2580 990626508 2575 885849800
No
409 60376952 345 941406601
No
2243 858997730 2240 970487743
No
1914 72615375 1905 901025793
Yes
952 548325333 948 664386887
No
22 145272413 36 966863671
No
660 832732089 657 835912114
No
214 438989498 206 930938692
No
1890 358252239 1886 974922058
No
1329 849214125 1336 913147764
No
1085 433203733 1078 904055010
No
218 387649771 206 930938692
No
1807 966002744 1815 849623756
No
1522 421504596 1517 971185273
No
815 909302918 809 807771124
No
273 939257679 288 961393854
No
2798 341737120 2813 716559233
No
657 835912114 654 987585815
No
2217 581466194 2226 612125524
No
1641 458891161 1635 997030307
No
1188 555366586 1192 912880118
No
309 613485647 323 939105058
No
2153 92921023 2158 907272199
No
1276 541437855 1271 657227454
No
2980 780046753 2973 957252216
No
480 721709811 458 882187355
No
2652 634602695 2644 935102741
No
329 733412231 343 944002466
No
655 933672746 661 835912114
No
2367 93449494 2348 978157315
No
1933 813654592 1952 915229047
No
1566 38023432 1568 352123710
Yes
2903 791306356 2909 849881662
No
1494 416149075 1499 992523092
No
541 780808375 546 942663700
No
1839 939836704 1837 330259177
No
843 109444429 835 925121324
No
2122 742066326 2127 689228840
No
2997 249369778 3000 626414224
Yes
224 366226478 237 945123898
No
Yes
2700 488190024 2691 933805374
No
1669 238761883 1672 342733023
Yes
2541 86015781 2522 915623419
No
1119 417473138 1114 982056401
No
2756 618789695 2758 866021818
No
1815 267028596 1808 849623756
No
2562 80939608 2581 990626508
No
1566 38023432 1568 352123710
Yes
874 901871409 873 821793506
No
2431 893292232 2443 789330362
No
442 798753129 456 848722629
No
609 433388717 602 928171777
No
1205 472792985 1201 613228203
No
