635379827
598158352
317629547
617725712
394824330
290476843
658419937
606238480
922669938
443955240
418006614
489299432
259087502
420525439
42998884
992930834
403041852
987465196
404683589
312677117
783958680
527602553
218809786
596190913
559608978
581890230
652650694
386991302
827933740
461070118
605658890
679661463
589232870
973794900
431191306
403562593
248975260
312425945
991777192
370336631
736109611
596151219
595973531
395797936
47692125
318854737
633285853
25404939
817493042
938953500
993745121
92060764
762887398
859887525
860642894
908392526
15948556
65960430
192534486
869728822
285563074
936551857
900151924
576269053
341275462
399466093
97229402
637895306
446737835
871844327
33850257
766642115
961716220
583809729
737199957
526490210
480337425
9164485
44219389
753712226
435572629
531237611
785409206
352393950
279340855
947944719
656222046
200150527
449312958
207941149
331154426
231744992
801454690
152711034
598836918
900606551
855508268
416090025
383399183
118318089
902698541
948505469
515452378
56053442
767102199
576786058
151608430
775270242
227035545
373841062
953653796
486727196
606159747
382724614
742681111
702871315
70053254
653032061
240710040
477863638
483153626
939439676
970417979
330744222
761814478
698165979
552429745
333462493
989540528
750244794
462261135
349019330
656082294
133634157
331940681
541938791
642835910
868965573
627350083
522125542
873777876
145642137
64443518
862762114
806601652
133761321
991620976
965198820
416530110
246005530
963586820
766719380
369883501
62955106
324884952
816559599
941719673
786606660
751677834
885463453
987816454
447226579
508883167
348172566
478970799
421958727
792545447
429628690
313607657
686390582
363787133
973764361
429723893
815414917
90787093
293100726
500590865
882523621
263504337
739837319
371304977
569698252
896162188
726465004
867404720
914430697
537255011
911876312
639050697
630739960
487348544
705945769
368205222
97341292
825168951
640422364
953325806
870927921
850991947
623085636
639251564
144616390
762337438
664498254
628325803
452138152
496064333
878375799
861638802
646165489
412767316
516714451
825322909
448376571
848187477
427341415
809588007
416591570
86064963
382061300
92053384
905372496
152284867
394710123
718858627
358583155
330507353
871894814
312597516
944016211
971934254
825885746
878157535
578075555
243131944
46422213
904101116
469168393
38865994
310700140
404396657
7027994
194587783
131814943
952046739
572201372
198751045
429074796
284891608
121500547
571921264
103142307
411501291
386328612
404643356
277575384
872626848
202233893
6110119
579145732
791628475
381349203
334305376
615832779
809531264
449081859
718486374
77535803
612939103
98684886
89515264
442844642
528497610
991231220
573680359
868194793
40863566
972705988
470738681
215151669
143823778
909278677
768901589
631624899
667161188
441211988
774125891
370393429
595266838
181966291
547720042
821681127
289516961
396906620
330137728
357447028
592894352
976027204
466507798
400824261
413624246
745662585
490596532
858757661
691293412
385039834
326525864
928659379
899029717
671545008
697455472
478392717
590182478
608016519
381333279
291569883
531169852
8907327
402910122
3160696
919424701
872295484
920861244
868566861
254250526
859717872
659056354
927347351
717551639
900925658
144764795
788693495
159382700
966630093
167369249
318701998
751969227
312335406
120347656
888226447
893308776
717121245
723736981
406367977
527603714
265265823
884121046
367774039
718573071
128728195
343536623
279077576
761724638
687092136
912931682
529656322
806050856
273621801
856396231
810549024
253682366
286713157
691084182
247003160
752766551
53850702
105906393
404751958
685960797
795801460
616080993
918929169
30737328
266484321
275499784
793628270
751762655
687669170
509354102
296603124
7895076
723439606
376802021
973889539
888681740
252849669
864079457
947294190
911216194
619063276
655244984
925203214
292588873
222956049
55730936
94243885
933866645
863430445
814778231
860940404
25636619
102903684
144320476
623522305
749516136
106355083
230605213
733490264
385853798
688547720
279061755
14127966
118065879
435841096
86419104
817976880
255609594
518752139
336515428
920725674
228658401
366354047
32485127
925635516
176034391
762755094
438832690
818319861
332616126
420438494
681441998
860491579
725318150
201015251
142381009
276482300
50328427
250676897
405106178
596267412
452155188
30119976
766624032
10283577
437040004
774939036
304162265
343593877
750100644
711965960
512400257
875426253
757703222
176562873
917215332
972375006
537773103
844846398
566040132
456109467
369156232
956943726
968857359
317421780
978000656
153904286
117737582
848812966
654307861
899161824
145509859
315109369
48832467
500057068
763300126
693924604
688802409
311109787
164984009
683302035
7253727
899604018
907551625
640975711
727316500
714717644
289928256
320900809
631006520
430736954
834087380
763987529
953821230
669993115
88939964
58762318
102470970
705680947
765839531
592582663
208488202
646326278
105099121
102192303
77062930
959191713
930197659
822824209
574169417
517311113
361504439
596943342
667683141
671190161
438537472
892012672
485101772
918984232
144831058
885707810
567969342
861395925
607247261
496728606
657003094
682203005
505732713
414789283
560006169
659283212
27659613
741369753
776260458
850354359
204433734
723282097
793269927
353467643
797451600
621398163
383296504
276943629
828016950
859675320
949153790
578995831
788507691
328448391
529005206
274466319
572174172
319898829
343812503
630810817
370892020
942880001
538956289
529624377
553694967
355167929
22096975
653672411
471414215
417014731
316386781
115566031
692458080
206099954
595252806
939367163
32730053
183708091
201629816
997329120
344478440
836604512
781384611
752121014
210037517
784955456
490807608
131115828
567796410
836839260
165338815
546176605
551723945
480244690
134841522
331406176
70923428
707249655
788556699
45436802
834509191
770428179
351801939
588911245
365988411
217398247
865083610
76883372
904429454
608650400
175040988
452730353
545323790
617946764
550822574
537421703
301358325
298456024
265914442
496729696
751609533
968303715
821547749
980565824
821659206
288300052
452886967
453926996
34752449
373478830
322808899
477606033
886208316
499844525
168881076
855513392
259633766
196464338
723127628
930076270
209336780
509171848
616507967
498476934
574369441
497167601
211811740
597840127
87419561
888809143
500220954
57133487
29698185
918075592
699527214
980110581
888533190
963297397
997231991
315136726
153465988
356060673
119820102
796274271
494450602
725420357
892620104
709161920
173471562
179681869
751430020
518981454
284206882
510537966
556033448
148681740
772170137
141684288
261642664
335029354
560746314
896558984
322906608
577055295
895711844
959659996
139828280
317160406
727397168
959765539
729894903
563597136
656327465
324134144
332340614
217955754
833152842
468545321
549492146
652063318
256620986
578671343
722678580
386113758
558827735
11639392
230154193
915169486
895424216
350224623
991263965
220435662
688824578
953474660
934886766
409385719
226252792
532365734
246006822
351369366
488336203
449029311
196072541
472685593
252360367
376331161
265262150
703879524
641707648
293411540
596578956
38984547
333874102
810377032
358056648
22718484
875280141
991277789
113522117
641836460
327945616
840448626
202943577
500079356
730162401
218602808
62459713
95042266
128944179
115106893
393863304
913700250
977321670
432363729
193826116
107213930
447078031
108688644
510195880
746516904
35348406
233062070
353011971
766483930
616509673
453636427
439502886
884758968
68066682
883351578
435714844
974566771
613735241
390624598
891589791
77815205
407300383
444750647
612771364
776561335
198701418
843260200
336440765
41194547
206809329
160650791
653339203
779654609
944088896
687095596
986380877
725975085
805489014
214715043
284711652
712106694
81713879
175616984
206094995
904831606
585527070
677116292
974176303
647811929
699804876
988224772
499900853
962468314
725270973
854077392
586086698
166178750
327836091
131790284
708118359
565342199
241992050
145928468
392619881
196115485
490785352
188894148
321731590
172296193
692710990
945322886
368607182
127123486
671606008
529590722
732419949
742159592
99329028
587733927
686395291
320580263
512740293
800965556
938777145
167510774
788224578
937710518
757322340
540049116
144777453
707019473
288868949
954380534
20362947
767876992
298728375
157959417
413832400
350806179
877400041
332374130
681610604
721377372
693007305
289270069
609362617
546943316
803479502
442272387
442742739
115687545
520831282
526581817
343504954
81634001
573433317
342839329
533866662
239791227
147114972
184751073
366761725
486903072
821808728
630421138
736718811
153901570
637063536
706950460
451955829
600836750
989879680
880789560
29293647
238783354
51459526
819504151
646376283
794834999
924466659
402228596
662349116
786055363
289020470
635719673
813824938
764964055
617005124
345611554
512075867
983410588
359667551
774222086
335491690
218245979
815634769
130553055
543666342
850379021
937193874
96055558
277755490
699084155
595342821
635701791
807313027
650293840
863805447
759099933
303204449
506565120
343034632
631890779
834789325
243251052
457691544
123586372
319526140
772341801
393301334
538661658
487029302
828070369
661277400
945431579
185827180
400875243
880905473
166568421
709315154
388183213
425223109
10281840
394072542
398477909
210427536
651968551
39603860
521724842
427748913
852942883
360374261
24124511
346227669
495715182
130262848
985085166
119514008
560247609
348334652
12500712
57054219
710063514
647277460
514654381
497246901
380960654
461182213
559555360
513987253
871807303
518705487
611169123
978887904
627744021
888615097
218132024
614544332
982610417
296226926
510965951
379421304
572809307
296572327
853821119
18760125
683089167
781506146
785707424
247235690
387695414
214009024
499088154
688280293
658577394
370058453
803102806
822837329
394099710
147878930
185206520
579416899
777914951
781707985
533341984
17709031
337405435
165747861
623367506
139748581
51818096
885895512
245097375
583935615
918176974
921516111
344946653
608349651
787820155
659638831
811222972
468935283
191706645
639695197
758847769
37106281
86688929
301412387
926658688
728281388
399678266
701294348
750057864
782780673
729024436
221568281
353184969
213806574
2954779
767951168
343068236
746469431
386990426
241965936
697491746
509458500
148577038
298886834
380333623
321285548
609569656
831430019
66525698
104965666
921531636
726588593
782999273
745101486
610225828
270766309
824254412
476038789
701623827
239370809
212913215
640248021
857883349
953531349
853990290
427703811
891920146
559007735
244244081
155455516
109969639
132026404
58980430
180633015
560739010
492042155
631952448
696507784
935208265
44052717
307504267
951991478
339035376
214084479
709209279
492196789
629624140
911967872
88005033
83994756
573551387
715551472
918296267
535856596
489430882
364820280
918987436
907821498
891334083
720608063
712485093
422757762
349684620
124216430
569498532
362807538
231806796
674283686
230273935
261501175
206130999
957294732
335102957
961193254
179356127
995019788
579949980
48877438
388861450
562160687
865209679
955841457
54248826
361338230
127357355
901754041
322280815
807830268
639436073
409732535
902788434
97972111
154025645
346324751
907315991
896748102
3231784
778254336
514410930
569282188
856469345
819368415
324303748
181714441
439412662
904486810
936610712
360020708
506888471
727112373
58947809
677277902
36295878
732036703
812730194
694132161
924394859
348862097
870931936
769635604
432260612
278042771
34705165
534401775
981843377
19730370
876857946
374538296
807801358
283549703
199222547
775881628
959015255
534278282
110617882
394430908
387536143
668756759
751575665
810365865
781587826
322969926
858890841
546819253
867733553
602368934
399583319
905509556
276761722
518338319
803963420
755764036
687742490
655686292
875388574
976216466
949120151
416390323
838110339
899597018
183491121
756200138
882726210
458525996
607221281
428746336
933217157
220353377
216158485
617299722
314385777
547022346
832554393
294075741
194919562
317367706
389001156
871552857
447205773
953187057
104422335
219345496
33516250
97787277
770488987
209087908
304669595
142076946
569113969
573174686
309742556
866775711
621891388
927905014
391608351
310738327
961035534
571303462
603249656
767185523
585458616
407168751
266256750
469631386
570504117
79086796
834332833
250470775
176188459
660499585
30491408
916521480
843432099
888300273
702585302
621825729
971175602
213316398
497771979
798638005
519346053
775142630
617132623
215820993
871901587
830567861
510789664
550161848
671272143
59694935
866393804
66085893
372195704
806573323
289460367
772959241
311892441
752542403
413600598
985082455
601767497
922509749
513238688
846670925
951954885
86646722
913842971
384648756
202377280
34693268
695063272
808268185
354108757
571052979
76108326
61870382
24026919
730069375
60958688
971675943
73252710
90794865
504701523
457966642
791993245
467676315
815757222
914143213
46949174
643518494
718274164
516776327
116712169
900397240
795044008
462557226
725860359
800723313
130060004
138666395
634634127
335573164
653523376
669715361
6266630
978620878
376281714
823765331
544897688
200742166
1459586
742253800
441999131
992849549
318012403
585399406
741958749
326916235
877251361
83389234
828562024
710666665
779407806
533379723
60844558
681161945
202634599
147623260
466840815
134520865
461484692
943735586
735529365
534010709
913077836
410573465
85080913
756415705
260931478
138719084
791750572
389185339
580539722
716213075
806541003
475261594
867472699
748272727
527292591
383964658
277378200
66821447
75676699
324624652
610912804
755252512
866300507
953191930
418030214
154621959
879745203
768954343
610983346
756570568
472390488
123553219
247163288
963503499
738144908
30780688
557646823
604665953
320769164
259647784
208601049
622075019
203771160
451334077
790138726
489886903
174565201
482670159
306027526
199247815
707891023
14316298
50249592
595160463
845343344
954565532
441330734
528817971
802706863
933606087
912859548
253163627
189318368
94427277
738155348
320853923
175599115
545428863
955647568
359114731
24909806
769141540
765913778
151942691
850332155
332672012
464827365
906359607
4929002
684252441
315156787
28370938
870852067
781936062
654165602
441946577
8730379
104477496
6094809
140473997
521162010
161307349
153449240
850929705
179093053
787741813
967759432
580124086
848662927
666164973
183720584
896769724
554655104
174446382
168264637
535168740
997992828
234304571
553277762
3429121
122606983
663380814
901884356
125487620
909882163
450616124
342712561
728100012
255662634
35294038
478068110
692377199
79552564
396853720
205660810
388526994
724564614
356229601
103330135
822103945
176021963
772325351
153496147
460550023
669314323
471969333
133118118
148008218
375732451
365215215
975306035
389340827
774323543
506852003
400140372
829796635
684608805
624708786
478504863
288512135
695381004
231447933
989608647
943264485
785019670
741974771
327897835
807587534
929414437
368704911
639891562
193698695
751851523
985018701
367592289
290972533
424713998
470310905
660416135
938268477
331463678
745560272
114743952
523457452
471209888
737316435
416352441
113284321
8161147
634875387
788668214
585789752
876701227
508929304
832810208
126555926
93061011
982926640
823003665
923772546
489319235
949887644
460455305
104554197
131005670
142742104
731347060
400392882
38456847
396930738
675107227
518586353
469674594
772625089
77945336
227249750
943796763
673343846
63472654
446992930
810371065
941425602
486078228
42293382
815681214
756739760
696636445
40812641
492191459
277383147
883215183
506387054
684519564
218188384
412888295
758752188
662789774
849654155
938253575
238865241
293187471
747248015
959841544
787130220
367947345
966160021
385335635
423818120
746430302
305293106
488086421
652947278
993954120
61524082
873445417
744689644
979106852
496282029
433715974
782239850
313705764
930292018
719743428
571894623
902006404
819310746
346786135
199754840
851112037
648959322
76678574
331306395
148458294
104287177
818499889
523653172
227508727
826603946
727752095
144118962
397859781
365876722
80960918
889741989
597053885
978755903
5466518
452083109
673667922
465012401
754601270
771951187
245966364
477172532
786799614
708926450
331462243
194420459
365200893
656807432
654491448
343286114
821906607
341259710
317366156
867974836
275086508
592664648
883384813
593044196
756946646
997744550
84259009
352288552
851215420
967889051
191402676
454415446
312744421
688533316
338795610
661959321
641430128
409915647
821466020
415175221
6731331
459133726
942347806
652315458
114757306
210772963
403288914
634152504
27557205
801864819
893518482
372405609
715502262
269293093
143114826
855271272
767563697
143712210
862534923
532692188
437897542
10345707
490501492
390650464
754771493
605147577
371322738
211447950
823006773
886086078
56865461
646465220
499189852
123185306
280344160
481357527
90507832
418725566
337352053
773168395
93336187
396191834
633521723
427449156
603511353
931623694
663154432
885872175
632642405
25881559
189853592
154860962
757883958
892295070
48346929
959364694
81775781
944330772
483215465
493697770
652449589
331394345
870605228
201974294
132797366
554638922
523779430
636835743
476010498
744789956
871718919
19329240
47109099
498753524
829442412
796319646
804024714
454194000
214901813
520034269
311415586
121491822
113144325
706731541
328905317
683112656
620067026
109573734
101988448
14440027
371186488
591014068
648149380
954988122
935913964
218293267
883915938
62396115
964797582
450582117
521426684
800148505
844087567
602681083
619999183
588266174
127939885
441062901
970186470
874192467
229183356
692582701
682075431
409218409
325744575
834976586
179427241
761247142
372838915
40956551
415660776
422121835
261841715
1086996
459216563
681855023
460276311
119974252
429220494
565750684
983750165
110497071
940130840
728754173
132725470
580951273
221601522
628304402
279749536
947708078
685141091
483292673
579745134
343140087
511269282
473875042
872855403
154879269
610377139
945098130
963827669
353127318
8036381
26683656
318839543
280569031
972540300
599354299
829189981
497611438
74975623
288298110
580328605
363934220
36076638
386668488
139355865
268105415
866454124
500444517
795439591
409635237
250503822
843171314
706469363
503051024
243834541
868697442
642275948
886426180
133614216
287540932
504915203
217149051
653018407
706299478
5540517
612949563
407239710
746980441
202328650
407204236
964472097
131807699
292139801
478906355
155226944
30386096
364560811
551468242
969302581
61691567
50595619
589772279
265635367
791330205
780110577
775249158
838817063
942682244
878990520
15533653
15798196
170517544
159641147
861352929
607892022
603728583
611907864
513960115
552749151
303350108
787657303
461379315
977823393
515388440
566586229
740921679
954352309
158940960
640406900
211461743
300302328
948625190
359705185
443876774
566348680
362705563
609045350
857013984
66889724
270454923
634627735
430449986
301420649
829032333
984192457
60298690
872256703
990477006
131600548
643351262
413566975
969182838
400174633
625502557
508849293
130043867
431618214
299834605
213623823
539373761
945222572
960632656
761283129
464571288
619355263
270949993
740189176
496269718
503146432
311882881
702493569
932263936
498935795
932681030
574694110
750610315
7240793
333733992
805899815
568380029
177692064
111964635
437762574
904158837
402754788
688803253
654643991
436201484
958684263
816348329
859424441
548267415
845140461
727790512
163931963
654799880
115573215
425596092
767094037
916551838
478093191
263241539
438288127
571105007
376558571
311438774
521403159
54651528
442672882
865675657
911713544
516944543
390955120
382520412
346890885
400551851
352498077
391341725
352317652
259317115
388865464
400156800
848690759
560337031
755589558
883053999
637389429
892473488
374218420
959222388
932254097
633516301
295362993
90277578
342820789
130473550
350593879
837229916
537862155
47298394
949191778
32259037
414064489
601463843
883441174
734150374
936539397
758555827
315796147
915241847
449664473
588503196
914320937
216157219
710483772
118876105
377844435
40670888
182115348
948833385
841657745
550083477
946500255
776045641
989232490
575183317
928484441
373679821
866746323
211704761
702079489
855035143
18377489
853548153
141638587
637392631
986558976
417087802
526114862
40297563
189395800
692476590
538489294
985468277
907290674
12859700
533401730
460672705
243186308
865780129
14528620
29446829
910116369
318167604
34897341
31389190
345422998
812746116
219738752
616614983
242757694
448689110
509203136
835450205
307551306
859179228
300102305
406577042
194674495
241977091
407913458
132990211
131641290
564270246
549128137
887015527
470722258
995353617
542080782
788100515
283372020
403744697
856902716
620921479
993201534
822823563
337092162
219660269
649108209
924656998
320060047
602302613
215266833
442896225
868982338
46996970
366990360
209287969
353157399
239484930
764175137
524894250
742640639
836303374
132969625
956399539
424107938
361957087
487978743
30737234
150521411
966502217
925056191
478511730
818968960
154598145
93207889
275678213
304837723
429021595
823393223
302464915
597034607
279070173
632904787
947330082
52214810
304384492
585344600
916701312
711247620
577094858
231255529
44183456
265432935
504374545
291921191
952575153
788198638
363992752
106607848
227723014
765601819
820857358
644958164
16823923
110445640
23423929
522497143
393167639
795396152
63229772
111079595
108323230
850358898
641160816
567409445
745621767
187507583
280178791
109767889
703904348
406573104
663668133
607422521
296753823
9129807
217346295
594646987
653582346
187061499
279555894
853997821
495366546
660645414
899549831
96736963
750119086
608867908
354948127
765713373
834493469
87929687
364175908
12531169
146943484
608439457
405998625
561204687
735167169
603113677
112668924
281966216
719990450
607257124
913908954
161499855
254130350
735239834
655190529
991300879
340686524
209336255
667122832
130500981
530268049
767889266
502238701
250667898
813137156
640485333
683292491
695575457
320717116
987717917
409908225
426028020
393119868
488343061
68646270
714904833
269183839
200336074
284789717
786022226
754669990
170892313
307555542
227565956
326367811
596824893
323622601
624455047
196747504
345739382
71590796
122844886
318185348
837313194
992872706
854680963
541100448
323018209
408883385
728680855
327614493
281594845
159522317
640170215
397332684
202692254
55338077
694840221
65263618
216189887
882431522
184088246
799932372
838194759
266321574
561380789
203010408
757189084
678070427
765475417
421313040
578569028
723284380
384005564
304908573
992527668
975853937
851570052
58406036
978709491
36267827
434218974
235638062
899308521
349687558
291569302
663457235
169381211
623221122
544697512
773527838
787182712
500844342
740807749
223272507
915157460
699368035
327812412
119072747
568473429
254501083
936724670
422090118
980524755
192792512
201824139
234367083
183804684
144149020
985759600
704032461
913235753
189892870
519307907
500625601
160792445
506894836
514207033
742717028
537857562
265264559
914433721
533174031
449972311
134507997
423394716
196401254
665548138
913613121
387652936
346481766
178915002
977844910
341595792
260898807
116731602
458888781
627644955
252038525
595217317
648894981
717616147
254681802
804120046
86375353
284545796
528409811
240277703
740615361
42883942
600761181
587665512
10988771
274753110
896037157
816222437
53938928
978661403
776427923
485227693
492139462
410569126
262736066
625745158
180285885
593518039
853474883
236143157
211579836
886778396
290361999
167410831
652882276
744555621
984951247
254641164
429271095
836448854
729335001
875690089
226611144
237250525
179816071
803425531
529860175
334950774
211481435
819152250
256084093
444429768
79548056
685551261
522904699
497880082
192351452
958559495
232574595
496593119
221733838
539687676
416713951
393189429
740160525
297338318
497489469
805835014
516884915
452746744
418350772
242343176
798473549
835238718
37871747
230809996
993007193
777470707
414301583
756297128
968684049
143012781
93269556
101022555
748765615
888616674
603970434
382321206
954882759
256529450
487300185
702074328
351033241
742589672
773786946
20889358
333670966
161848647
54774251
204469628
316977366
671194936
689981443
705777860
924759523
900809800
348996247
191250473
523092239
680964226
156145815
636170335
284469625
208856645
33419678
642656804
640977285
794397543
177716528
80338064
551294301
786186819
668911230
634370684
151976361
295112056
150810287
225704690
232685368
601418796
95539772
307871155
571037205
231728932
757553481
727614615
872209543
188419156
196941578
829793795
730111968
253602998
333268160
74301299
804820073
658607908
936584919
809340438
978423228
538449233
909783736
355023084
320577845
800004059
494253627
516931040
21546108
592795566
387722483
454105368
927249895
571463805
790126743
464052587
767588402
612317740
800081412
851007962
266235016
157087797
758025471
435718153
42471237
14815914
379694295
421471789
52445124
415607654
308802748
118060330
929761068
3306629
289868036
487602241
353371270
557130565
169286699
214560528
632111755
724817960
538766055
961845815
126490013
329752789
882589456
463668756
383274536
972902510
925973490
436648260
43485722
98021111
762920992
447488320
814097381
401010567
887383787
110637663
482445778
905248091
201805523
475648086
457535609
265594541
390158685
820105819
7133964
891036218
704549336
795349080
351413367
585137549
203836842
24263910
122224471
824099039
980625616
55549723
136968523
168363034
710311128
665174491
174093024
531607174
47230388
508885079
337185162
881131826
130408983
868135363
760482530
949010465
973915727
624222687
954763285
775277029
568376828
123216177
307022658
47186813
535201218
88206200
362827559
171331293
113057959
552816396
992701900
533287534
308308049
44151264
452435128
249343607
111699105
117863728
576220337
672948587
635095549
641625074
504798109
135386539
960407342
589508204
236082644
592712831
992279453
112859536
128683221
977556191
296234733
991251702
452692473
139437768
202097789
879030982
881795333
802132256
85863835
766319058
443946342
742649566
241717725
366855030
782451477
996101422
921260956
347988133
451622282
137555114
879808176
948064654
495129343
339753412
258835261
272330510
662376447
557453415
536938297
931890982
420965615
152105500
636958465
811112736
648098511
936860112
122021270
23735404
461932211
952901616
379302455
309123710
990573132
922336667
686918456
950474316
580776411
860942048
941746082
631376420
644806105
997549981
29720714
514884629
116045198
12740293
834896454
509885911
40946987
3882266
762854063
142761561
704804862
218364742
411292511
345377702
652947989
846120808
522101405
66700242
475433149
675347160
674468731
107484646
231602635
23232550
181927824
182225244
585005983
211106329
265584971
657553331
729572873
134382161
43738931
933949596
117153782
303484152
898146506
406120425
775949834
672272531
921444195
212720651
7394646
120348965
12110970
10820337
638684006
548811850
523492239
315928177
748225751
865346445
361233616
46321372
444838336
517308614
610452924
552158755
700039411
501786541
376078111
815056625
896575476
653379810
879678153
643915525
844560797
607910715
662251106
54288657
446024845
957946132
729681441
950519892
461795264
360740371
896809748
413545264
2965602
608105137
45686669
98942026
93002331
285887376
379908138
496047855
348946094
938896021
899671838
709106404
361265866
455283162
934908177
387595135
934748228
401342133
504861375
172403609
355687584
131520674
655045095
172301523
213525459
480931325
702799609
496320704
792683535
150184589
594065628
447627146
636634085
136332244
923079278
14964747
752532880
198803268
253084870
160658644
598698720
719151627
205945468
940407846
818891781
224547111
279611167
33402851
732127643
560672305
385674976
972325416
835899606
409956093
413829292
189604817
712819846
549541155
49715890
177453754
374821289
763829598
826392219
187226447
39874829
705466184
313754818
234586128
886168431
928855669
37629580
701118171
283847583
234608623
166464160
606337992
277690440
881416147
913532343
812396893
216410260
984885382
817337829
572496937
960488115
196523738
279471601
423238570
160258787
832232317
173269190
565520402
861187946
213317364
824688734
800675599
253709497
463522862
28616154
301203879
838161106
915085237
248579069
226917397
44152036
713197986
380794733
97709320
157287198
950854404
995462367
334527650
402116275
295946616
392072427
931211549
121529280
645395339
41494413
973905540
198405432
193097001
994605986
792382946
613627843
720709169
370561063
783940207
323953002
879270157
557958517
134729868
159255608
817876854
514724006
626463154
601283158
540542527
726754552
486672639
9141325
74518491
152965514
481256232
764690045
59210233
261177224
612242331
814948005
667230383
749452707
179416518
316410134
292459740
264335878
886841546
225921204
11400183
816800256
390015363
379189741
574161868
165287005
322036948
834084436
932745105
635945271
679807157
83219177
809539104
286443137
604633881
791168983
113042643
708121657
721325510
20430198
97656584
574913761
911129680
794368166
542265221
945504722
799017076
898316089
685713499
676677794
172943438
791950923
101452024
735649747
537729934
469634179
516549538
911194893
898299301
759438324
745850974
53243864
869907781
717897210
121686649
191903959
748221664
172121736
585045533
419380659
772689173
778054438
866223228
242602138
901228275
686156733
747124904
370733502
130422692
357190791
648865292
216469892
441961852
123592072
906384740
961696635
945343784
660685708
253031935
418335852
144864461
247457541
360140614
598248391
231084359
970784760
277932286
754008932
309231017
295239590
174589976
461466263
545120752
924797935
302662278
967204510
222687720
25873274
934612535
645894546
412644254
647646230
179569002
815070499
224644137
116859167
792084724
778713197
696105280
982845101
434742519
379128321
878596952
890805859
178888670
191393695
627991261
323276369
193087723
996289096
449486316
842046532
864890080
988646701
626399360
654137670
590298852
548189571
253017124
518493200
397085526
136739057
662581472
456376850
705375196
774225138
812502515
304252469
148599349
241186296
897997387
564930900
551486734
452632693
996997036
990207881
639692420
50509867
197322164
587825549
428370583
339334466
691964788
527318976
208212555
566899860
775451562
817085597
161748792
443498634
721477742
610509784
399024935
765775141
334554081
385530319
980315731
609179972
333511280
246603786
678042439
455017078
159295273
116330303
614237893
766876859
215911886
279231924
175013040
689951672
592822954
925272536
570389453
394921667
831184670
298232024
891193678
543176800
611995441
367279890
336846637
204035016
736774882
804802015
386687176
13439346
967031330
54415481
547055636
400614851
272460210
176117606
810773958
432362700
516137262
731535322
258205457
535711061
373623701
435107660
2824858
167526022
659069996
177124229
194480064
79208055
807223801
924815948
721862408
255556102
72971067
693415175
956573522
36020745
221659073
319566059
66044412
508342244
405655225
662997506
12539621
735632110
300805283
231517310
141323897
40241314
822997928
956642151
892878661
725401553
783121541
369913077
854329013
332820041
272419342
871654034
793454759
483073847
584615010
165989032
989185980
282999336
14523490
411911283
84325584
24293709
504225726
86066116
636311440
267976629
6763559
669165379
853622640
398062441
372079436
754238979
469183232
762562269
458762800
229883024
38319461
377849885
491506993
978710309
449590406
454974819
766235816
617042102
305017319
577571902
93385965
679715119
730362444
679667641
290214328
282440593
585552152
648085599
66754669
776617726
434033414
830009324
102673657
907678106
107794886
312083902
34356051
173775158
435436272
128277172
855554564
772626746
399551056
645987569
537520253
690948850
772058112
289713611
15586641
68698301
674683370
824907021
491691317
571038304
2164028
857975971
209739371
213938687
133447864
615631010
913168342
667196306
534131962
669552203
228604892
258120254
364255215
543118376
808174284
279422462
386534187
574349160
654761221
421267003
341895395
61983808
584628569
329698803
742949354
329004350
42472417
831694257
370864669
711995780
363409578
229387456
98411561
800894731
711082101
699929228
829678869
306973074
123191398
426121644
81180716
747447671
64390863
575774842
235448107
155465701
972260106
933829063
292835112
951069866
331661497
848533457
925118942
628430852
216006079
552989032
842215872
190705770
269955127
105656463
295210244
41635926
158155358
842649872
675467484
972773494
869576356
922640123
504057348
157267514
436746338
888110097
893981783
115286184
463203918
488514037
191244261
991346532
43707540
802833392
236405001
344185515
777857881
686265667
110530183
427540520
546783711
410501125
985529464
984467336
211256
89815812
436010925
888371591
313997756
265400457
128075454
166128037
769004416
434035264
453268470
434889144
17766137
501948235
712590226
683807179
913395746
889376849
417870326
66853119
913694048
128969502
760123942
872837378
223534274
159734138
686122971
745955041
313131717
894418783
435680837
945768797
697680245
579061442
702403357
583434315
554069409
294718973
628010972
720089062
4005175
614333770
706625587
455052791
237606359
327106248
207388927
543128591
134482046
709692233
208704291
247735135
335205574
750714310
377628866
916852650
666674793
186859630
318212207
34690073
225834163
38011784
49158048
628905047
86833495
341237304
315507381
970042893
429392395
627541305
276687990
845685070
586119046
527235774
674526429
688573279
253970381
216978612
781786045
718708400
634495853
666462554
874366625
333259170
905133421
151828872
35117401
960098504
417630152
811203721
214307111
579099761
115594607
55308290
757153693
53594771
19942141
470691703
110069009
189157103
426295275
139381558
30142850
900519862
446190596
82127726
181629430
164943076
430469817
210581400
603741369
845631287
875198841
809207703
146319018
153920247
46168990
271822501
9470073
754521024
692385863
592967039
547378216
363145240
83447195
885426246
455443783
328448504
353409466
536557501
164261754
264898547
614132890
212905435
97173708
189886596
319093638
429855808
891425999
460919906
428661476
762474063
43740748
434840527
51499359
831013757
881813036
672352707
641870322
779723886
656458800
469951584
352413162
250617417
741213951
406798972
90972622
385374795
310320818
94454785
271323007
993067889
580281886
309989527
672814899
737760140
125667671
772946855
753843353
951302547
627737971
674474935
369407002
542417640
586109193
771553381
255255049
624557770
612425249
978830107
384608431
613447391
46894878
440008291
837111077
359815646
696993578
374026097
723469627
8930741
836084494
759335607
533994625
609504723
634996347
457650087
765510327
62942873
78492640
722298167
867954421
811552408
499909666
850799146
791952638
51986849
52761859
900402342
645286660
888697979
161206670
491397561
651251222
714286528
140760021
694364565
285766100
98099955
181942019
381574547
436702403
584598153
995810856
651421890
158096991
320358501
188375216
157837023
163832925
305288104
86624391
342612419
633302823
322540247
852682454
965324377
836647113
398480872
828451423
864603206
799535426
169681020
254126318
771883277
740727483
366977766
586813074
595594279
742609566
69117799
642438523
94985730
463358622
761088587
145857783
136398049
693590616
71390519
510635369
103674657
335116280
446523872
421101407
730696912
621148354
490064709
522195792
257406557
764734818
779277246
100985450
580589682
137431021
547344721
952946439
100584561
775095738
270268743
400092689
314378211
585976522
784927439
936913532
490227711
605631752
777554876
660398572
824673949
378023564
409562980
262943069
684322686
635537501
826931414
833434122
202040399
553160188
642654509
866446078
237033135
44669145
568386885
821649796
616629396
566837210
422539888
843097512
660761947
87629434
844430834
345808664
570190832
336342919
767433039
165848448
738155587
989837061
337325629
683812068
530454501
788104285
457926124
918211092
143629701
808477797
732807182
801170774
653415321
738352508
136544363
23387929
604926770
16549909
243119775
299005864
122412990
628362298
256057881
694110809
549814124
418425324
43928983
616095228
701524702
793422345
98933194
339678752
687289705
608073658
656697872
326898672
62003549
389887291
87022960
809879651
157793297
626686364
542657176
320380256
365139206
761513506
203857330
333383331
581389696
22889075
771520151
405376328
305853408
736524862
175400154
981953188
262539247
111236433
622789478
851802611
553168580
35533283
212915651
895287899
655399019
577963394
722383901
419622744
341591794
940676482
675517320
741883509
489353160
498369309
483278736
304586196
457563855
659372575
132027560
662993232
122225221
71586018
100352257
743767543
394680635
763186330
780249904
596795229
957407591
490926136
248952248
453600786
533560260
588801140
751938487
244817153
323166380
449306281
146651199
393924499
690694280
904422382
255246853
786082786
241936347
337728605
916505419
855185986
7128838
889915277
656814162
545695014
477967033
385109392
940253342
279976503
264765588
408722072
607625405
395046837
417581856
732149087
456392689
56660146
934978592
257694560
152930586
618386500
348154073
432925546
424631208
49998559
568399178
828601093
60863447
679147813
705958789
527988122
123210112
484841605
671333153
159407373
550606987
215007979
550863292
214388583
550292735
722846131
414893370
183559250
720109554
828784100
651322725
606235461
140983692
846291359
802848779
267851998
113130235
595176428
508986303
283582401
532259205
766188443
134637260
495110185
526929946
875656766
653895713
802835498
153693321
41556896
367312670
302533328
211846756
548952393
988265125
907903375
68373811
84160283
103823386
106532782
825897224
137036376
447136355
491355913
645158679
345358639
891531509
785439610
635798341
742343781
270430659
494460423
545751050
363280316
494232229
295995529
489590175
611498181
911960025
458825242
462980071
986554136
547350944
835829658
487659240
747867149
205140161
880351614
147084612
39256330
135904665
186618517
74731218
92848603
254935753
507844119
351393818
859825306
322705497
467142502
788072436
355862228
184830524
977566915
50774700
139572568
320534936
281188660
45470970
756892822
577765158
480592450
967291743
164626225
592836167
20897920
252560581
451768269
133844401
274585869
908739212
26256253
239610255
298153066
464359941
556882086
119997117
904869054
493031472
487211226
347492518
337267942
228129463
219417893
586840013
83584910
190077990
871418736
129989556
216437077
591654066
444097420
692451273
538977550
946443335
747139255
864412210
104653924
378167295
553495397
154601490
18251443
193138800
254173651
292869722
328323878
692660528
342537863
652190004
37317075
508142262
442817893
656259401
825156192
591713953
104508824
841035427
419234362
465664104
46616192
25405437
852884722
254423758
471436550
915747265
19190177
869592505
389593215
339221860
774113432
973693630
716006490
193358835
64378978
170581718
32344042
897766819
99530202
869906494
55979366
549035726
339653932
252682267
1019658
970756651
412309918
961373444
755839077
860731010
602583874
807534300
643815217
807692693
18841630
338097624
151590073
555589974
785712444
609696592
632753563
738139863
475862268
943269117
288922633
959732119
691781196
973792256
184891884
734315214
553704787
914308598
349272544
773591257
737233090
805426722
54883566
380797172
713858063
842655103
386025288
63494031
420895723
117728433
712154311
992569895
253937237
516195226
539841497
819016255
548975177
782658497
114260002
395745556
13114180
66136060
583548887
943961633
25689843
301816888
17924706
929044969
711233725
894482846
728793308
165254840
532132459
355707033
134204841
949321043
538784878
66182896
137636446
904799648
409117579
976933997
136285941
623636307
140154100
992221098
886357606
166275191
268477093
831534275
802126420
825309895
204110081
483401777
723011670
950708184
994004629
992563166
766510084
417532185
417006474
488066776
7375327
472284755
372913272
441315708
39846754
681565081
360399157
292690416
329510113
834598223
869219789
248025038
157833174
132470454
759768477
402273052
418816808
614662976
480969835
294517081
661578586
430785678
244966483
32269106
956415012
770794305
889304849
880048795
926800895
221158
849526720
784369845
781997164
812966149
405315771
790869225
879312687
724791152
229687475
226236385
570012485
613534128
650126333
659003198
109231344
81965426
817214986
422334801
499643168
688769611
511833080
567332910
510022868
78304651
953265731
292635097
276823377
112962584
833127197
613330813
767951453
101843048
328545131
906248480
395970686
244439294
18886990
342005541
178462602
312743194
798347333
446211522
266163742
30419197
274346867
22789105
602624771
408820152
689571008
459482937
846760261
129733392
373589708
937341183
927707718
224296550
369552500
356414075
203030972
838302606
729948443
370932799
917566810
420994844
585588140
890681754
332948286
650740873
529762249
826541038
731023945
186111079
162349931
403264630
930087273
333314323
448086074
467941755
70062603
493528619
848079509
287027593
68881647
762768027
102880044
682276935
616929016
615843026
191226174
172766235
264844886
204601995
193548739
273927614
383469873
942533296
452552459
948013849
959164682
224060091
79257270
640800866
873950671
754771570
283805845
747056761
993434277
685480875
854770416
888074615
227161042
429216658
83860762
169278783
680263285
222241912
855781466
687103938
451070605
714945513
201703605
556999009
695689296
743728206
748642933
133062486
64420887
815951062
8895483
633850255
129924706
720583731
956600356
806775686
809348823
976260585
6403793
709841545
731666007
995500326
939003368
885713466
71864327
136107254
106292372
443423667
281455227
51067672
855625367
195131882
16657862
546679467
403210682
233264142
266446661
33832608
607491709
674004523
767221814
679509126
793932779
695249556
72718835
184854231
652303514
207429611
402474550
40556939
442662005
705375830
667392202
367430821
140660343
62880587
334553246
506278927
856897919
875063260
569047752
658494933
560876295
572962746
64962035
95538095
128450649
48783261
107490142
330114452
277721828
221372784
120396292
841748013
989194329
21958936
246214782
311481519
9033650
39028862
318600046
109729242
618921515
926123560
527911200
137784665
161796723
387133710
906730619
936674036
825081237
241507624
573916926
501504223
643129196
214347983
928064378
947495716
120336215
601783030
690797445
124795703
210633338
927043383
518745977
910805805
915816645
625114639
128515336
362983205
529239665
231501096
906989154
631725762
200627350
5830066
284433904
946587757
14588912
803057238
900398550
978765546
585779160
758008168
843433637
878788840
297020005
239479987
376713175
354016705
391098604
801480001
207474143
447640028
759050698
492726087
43341234
800507228
907496218
986297526
817453130
266501813
125696620
357507204
980588315
201783895
943697996
467358191
563951003
990623880
584955187
613199263
547443031
892653986
484271225
905994037
568065212
621207645
778873026
104977063
390748606
479346906
892129467
65278678
550498904
248611920
899771130
740420249
635956069
145769007
928023305
127111176
164016687
545416754
495180990
344293966
209978487
758969748
554318734
369351260
515201983
515975947
238303075
549307094
679250768
530336576
740455426
618696489
900383239
181465212
779360612
779398161
577427827
43004227
375960130
921546570
777051453
95888865
271239524
332785174
746309455
827052970
410033407
163397296
192656861
969633756
178333583
102339938
864571228
676877678
724948200
568822541
22053698
749877451
746629283
844228590
116055696
824163726
369394360
657158276
189256046
677859890
795158376
503478361
782144796
704941284
102696774
704661308
120137012
208359154
313659115
498643450
880604016
130030261
413299225
309084742
784814755
621609354
775080761
153206346
390341666
327868250
897295240
610730610
62643316
123789999
601046329
429263163
760955708
184373717
991034862
882831807
230440826
551705700
267613794
536200481
801932033
332405795
620120023
989852522
710074759
519914924
617478927
535407928
75235687
508651832
116567933
670017713
440453685
849806526
844928411
845198471
668527735
572635576
531918477
694823346
203353393
212467017
455082891
855735044
714140779
242431969
168154162
656676427
4994784
716005428
360944926
237134546
825668724
231815597
382572726
109803608
3016249
898516142
585699307
655571376
725180608
36220681
3962857
804735893
150806805
817482076
621059310
512110167
715856902
354747538
507966271
406253684
579372849
995041584
845132152
148059743
661492446
683029884
63835303
183320242
783430746
250872074
963843455
13427900
686349178
6432987
239821693
462505786
199403344
843268352
984337754
463218719
985527257
668637228
904959057
647645716
496826644
677137906
758798051
105538574
691782838
70862326
779296106
268940431
567939215
170200435
623447204
889917458
637398843
965615156
131287216
706951836
307077361
285132391
547289007
725469867
646620932
979475767
290476260
535145738
372049688
618690644
502509666
21799001
910155735
491992075
812708748
545861694
594763342
703640448
420271041
303286608
300360114
629178
923539971
61309177
828351220
382078046
974084521
734611385
715723615
250807264
517251527
250689530
132700938
117475599
140735533
588356194
846184983
177100267
858834975
797894083
784357387
992458249
963554077
971437580
51223858
86916283
864152634
974328635
853120842
378671308
129246111
185839064
334255745
168946357
716740858
578558811
903637044
139368422
379757699
869735359
990658191
393839504
200585120
315825130
960766838
997989607
226057635
151504520
427352116
521077093
936542715
369433731
579640235
420457856
916709888
295631049
53246554
492817428
493546979
169237257
423652360
42995705
437799252
46579180
394350144
374224950
417573491
700595111
730829713
384527719
809667995
914894229
910329836
797190936
502270510
414932893
122068375
962091077
284452649
356773643
951131069
101167227
461391495
90483668
462116627
579696585
756076089
694264265
386413893
596614756
408076429
173989021
397443254
705718891
38751627
219557735
750703173
31417126
594160392
364616707
110500146
305544673
463026242
256792630
833793872
382613267
612943445
417681505
299367464
900046337
228074120
480917768
256994569
755268275
275177924
732728249
135139623
883493302
790411309
503944534
750776894
295940233
828264544
591017408
236633090
977632771
266451713
213523733
592088709
425285869
60332183
309946292
819767985
352132875
76657397
757093962
922041635
802008155
809118322
883649285
747270186
751511772
883951713
225549050
27876528
232399045
419558729
937620341
395653582
393262987
993188049
804824059
612794127
622189741
573488433
142478472
347303076
620546996
824191174
118456993
54594497
22562489
888210510
720733326
35339193
702992714
461316090
180856310
163800931
765486417
364084956
871693685
645283695
890650524
448482496
20002373
988756702
538233203
920466447
172552845
147088259
753304428
479847586
864152141
846645221
759232797
32252418
489389070
852723851
505439490
78536113
471625668
329927078
309859642
713375817
418062211
751459067
753014226
553753036
713235825
156181110
774684358
685340830
409121426
786216529
891262146
823138296
255926669
920953692
851411992
634871566
813153672
414468285
455526813
86145258
817436341
963555745
937134897
747573803
155594882
851163602
381885096
382503660
128635604
234715515
802733500
380163976
675360409
50032893
131781597
600620303
698977896
190136783
135745532
922881048
588272702
109355989
715099666
973264591
591883527
877071391
921523403
705603721
126252529
388975920
606148594
859846575
702162542
20804090
155185593
278318749
973511538
822211064
91299172
902701033
628838304
954107779
354262219
948776657
55417807
2198785
812104198
391713031
381201042
947635094
178766803
554880765
681578480
55289428
841026703
552335645
796803287
220424462
431034089
733575892
938896598
134487759
938772307
616637193
356180400
817380687
692588957
162399321
790154992
16158022
186171610
426546601
995703509
650109743
776023217
7959160
423572805
379510955
266894467
794327763
365510006
90184156
930361215
441872172
100038370
385628192
666766146
986575088
597979070
320699244
659311031
328480289
708592098
533672491
592833737
911097428
839406838
54331571
873781349
274093572
630695578
636995321
192097107
627102942
601711507
879890691
919391552
706044318
218695804
435177012
734004162
198523396
528940552
185756166
524720972
651635426
558851872
411472311
586070062
492210433
758499370
994847643
982814073
228555665
115564595
401384519
635405382
773021510
710976735
594311718
600083930
867714391
943533492
902671057
736086616
117148299
540955441
878596942
208403639
806942902
761449413
368485098
319622122
863413443
312439017
87546686
80021925
918747557
124298984
118046859
209319906
619995917
180716390
356657752
538523258
14193236
320358089
988813876
138657856
229688408
105603475
697657160
363198222
305700913
869180994
105821276
574550147
260282670
175756132
919510282
531125592
521536264
686095565
868000932
687915215
865748543
671748994
932500834
520133910
652203859
134273126
828615614
154951182
714671092
417774185
35216786
393112587
706768549
653402008
650309237
10493174
107202257
590642300
180829023
263276051
315835122
954910108
278265238
10694254
10474161
492768776
626388645
327135732
565811371
567957764
340492466
429947118
727592858
760441180
420171500
482997989
793883254
573805168
196580444
984996419
76926878
961407760
763809994
168621343
242810195
411562202
767875258
243055583
130338203
556701144
772338117
570563189
612695975
673463582
99446742
584526922
249013121
232826300
152546708
125586293
467054961
308172698
435912306
532513521
618448557
