0
0
0
0
0
0
0
0
0
0
0
0
0
0
4531
4531
3538
3676
4693
4693
4693
6172
6272
5196
6007
5196
5866
6660
8501
6660
7702
7801
8314
9202
9202
10159
9932
9932
10773
10773
10773
11349
11510
11112
11618
11618
10217
9944
10477
10477
11667
11679
12807
11754
11129
11645
12495
13503
14079
15305
14773
13472
13726
14547
14585
14547
13726
13726
13965
14215
13965
14747
14969
14969
15568
15842
16841
17122
17507
16841
16841
16927
17149
17501
17625
17590
16927
16830
16830
16830
17236
16830
17590
18736
17820
18520
19408
18520
19073
18520
