1 28 27315
2 65 27250
3 116 27134
4 142 26992
5 179 26813
6 481 26332
7 605 25727
8 755 24972
9 1114 23858
10 1119 22739
11 1263 21476
12 1306 20170
13 1570 18600
14 2075 16525
15 2352 14173
16 2356 11817
17 2357 9460
18 2449 7011
19 2618 4393
20 4393 0
19
1 53 16449
2 62 16387
3 150 16237
4 153 16084
5 280 15804
6 282 15522
7 306 15216
8 333 14883
9 410 14473
10 431 14042
11 470 13572
12 630 12942
13 706 12236
14 709 11527
15 808 10719
16 929 9790
17 1048 8742
18 1221 7521
19 1708 5813
20 2127 3686
21 0 3686
19
1 3 14547
2 16 14531
3 74 14457
4 86 14371
5 107 14264
6 120 14144
7 187 13957
8 414 13543
9 448 13095
10 627 12468
11 682 11786
12 685 11101
13 767 10334
14 996 9338
15 1118 8220
16 1199 7021
17 1204 5817
18 1675 4142
19 1902 2240
20 2240 0
19
