1.5269 33.1249
-0.5170 80.6111
-0.2095 73.1695
-0.2349 71.9447
-0.3898 84.9554
-0.4015 85.4278
-0.3880 85.4086
-0.4720 88.3013
-0.4771 89.5513
-0.5507 95.1449
-0.4113 85.0746
-0.3581 80.3712
-0.2218 76.1390
-0.2089 75.1869
-0.2091 75.2112
-0.2691 75.9050
-0.3335 80.4125
-0.3751 81.9134
-0.3816 82.1563
-0.3743 81.1565
-0.3554 80.9000
-0.3526 81.0459
-0.2575 77.5791
-0.2549 77.3596
-0.2712 79.3942
-0.2582 77.5701
-0.2802 78.1481
-0.2773 77.3861
-0.2814 78.4404
-0.3068 80.3117
-0.2980 80.6430
-0.2719 80.0258
-0.2492 79.1925
-0.2298 78.3744
-0.2452 79.8617
-0.2516 80.0370
-0.2803 82.3618
-0.2813 82.3864
-0.2857 82.4641
-0.3094 83.2006
-0.3202 83.6404
-0.2601 78.9780
-0.2092 75.1954
-0.1766 74.0501
-0.1804 74.1847
-0.1796 74.1568
-0.1780 74.2452
-0.1644 73.1416
-0.1637 72.5845
