487
399
367
487
399
871
903
335
967
455
399
303
943
1007
263
463
911
455
487
495
327
295
327
839
423
903
391
839
431
271
1007
271
775
399
847
295
807
303
263
871
263
847
871
1007
295
967
327
815
847
463
1007
263
903
295
943
999
423
295
431
367
367
271
975
271
495
935
335
775
431
327
399
399
487
463
295
327
399
367
975
391
295
871
1007
911
303
807
487
271
367
367
775
775
303
335
999
847
999
359
911
431
327
935
263
327
975
303
815
495
783
463
367
487
327
783
839
807
807
775
399
495
391
783
263
975
999
423
487
295
463
943
771
323
875
843
835
363
843
483
939
875
803
811
419
899
771
867
419
419
451
291
939
459
931
291
899
363
451
291
259
931
1003
483
835
843
995
907
387
459
483
363
907
267
323
843
491
867
843
491
931
971
963
387
331
459
771
843
835
835
811
811
259
323
835
259
803
835
843
939
939
355
483
459
331
259
259
459
931
491
971
459
771
267
843
491
299
931
995
363
459
899
835
867
811
971
971
331
355
811
779
459
459
427
267
459
363
843
395
259
331
899
931
323
995
867
811
995
779
363
875
843
355
907
331
971
363
291
363
395
899
259
835
899
363
803
971
875
811
355
843
427
779
771
459
907
331
963
899
995
875
843
355
259
459
331
491
419
899
907
491
363
939
1003
355
491
939
451
395
395
971
331
843
963
931
427
899
931
803
259
963
907
995
811
939
451
387
931
971
395
875
907
331
299
427
259
291
299
939
843
427
427
419
483
779
419
931
931
363
907
267
779
459
323
867
331
1003
835
779
867
875
1003
363
811
355
963
803
1012
1020
980
444
340
348
316
820
468
380
956
948
828
852
436
348
796
796
948
820
284
980
884
820
372
412
308
956
820
340
444
412
980
308
508
436
988
348
444
980
284
412
444
444
316
828
308
820
1020
796
788
372
372
308
380
820
348
956
924
380
348
340
988
884
988
956
828
340
884
340
788
348
892
372
284
380
956
500
916
820
852
892
1012
892
348
980
316
308
884
380
404
436
828
1012
500
1012
948
340
1020
444
1020
308
444
980
436
884
1020
348
508
436
820
884
284
444
884
956
380
500
404
796
372
412
852
828
788
412
412
276
852
852
508
820
788
988
852
852
852
884
276
828
948
1012
980
956
348
404
404
444
308
340
1020
988
988
892
916
1020
852
284
412
1020
444
892
852
796
404
956
828
372
828
820
980
340
948
852
924
508
948
468
956
948
340
884
916
500
412
828
436
444
276
916
468
276
340
468
436
980
412
412
284
980
500
468
1012
404
404
316
1012
948
1012
980
828
892
788
788
284
852
852
788
788
788
788
372
980
980
916
916
892
892
828
892
828
956
988
988
948
247
55
119
567
567
55
87
23
575
95
31
95
31
95
543
575
639
671
543
247
183
639
639
575
639
575
695
695
671
671
759
767
767
767
767
767
703
767
767
631
87
671
671
671
671
247
703
759
759
695
759
215
215
183
183
223
159
159
759
695
695
695
759
759
759
695
191
191
191
191
255
703
703
703
223
671
735
671
671
671
671
671
663
247
247
663
727
255
255
255
255
727
159
639
639
575
575
639
575
639
23
95
31
55
55
55
631
63
63
127
63
535
535
119
127
63
567
631
567
631
95
95
535
599
535
151
215
151
255
663
663
663
215
215
759
663
727
727
663
663
159
159
223
735
671
703
247
247
759
183
247
247
247
247
735
215
703
191
191
255
247
703
191
735
671
671
671
735
727
663
727
255
183
663
663
767
671
543
607
607
95
95
575
575
23
119
119
119
639
63
31
31
31
223
695
695
695
695
695
695
695
159
159
159
159
159
695
695
223
223
735
735
735
735
735
735
215
215
215
215
215
215
663
663
663
727
255
255
703
639
639
543
543
535
599
599
23
119
119
119
119
119
119
119
119
119
119
119
119
639
639
639
639
639
639
639
639
631
631
575
575
575
575
575
575
575
575
575
567
567
567
607
607
607
543
543
575
607
607
23
23
127
127
95
95
95
95
95
759
759
759
727
735
127
631
607
607
607
599
575
55
23
23
23
23
23
63
535
535
535
535
119
119
119
95
631
631
631
631
191
191
767
767
255
255
255
255
255
255
223
223
223
223
255
255
223
55
119
63
63
639
639
639
607
715
739
739
739
739
547
547
547
35
35
675
195
171
171
171
171
171
163
163
163
163
163
227
227
163
163
163
163
163
651
651
651
651
577
577
577
577
577
161
161
161
681
225
681
681
681
681
681
681
129
129
129
129
129
129
129
129
681
681
681
681
73
73
73
545
521
521
521
513
513
513
513
513
41
617
617
617
617
41
41
41
41
513
513
513
