665
537
825
153
25
409
153
953
953
665
57
313
441
921
793
665
697
409
921
185
953
697
793
665
153
57
313
537
537
537
569
953
921
825
441
825
409
153
793
25
313
57
313
537
313
281
57
953
665
153
825
409
185
665
153
25
921
409
281
921
569
793
313
921
697
409
665
825
25
869
869
869
101
613
965
869
453
69
709
325
453
197
965
581
357
453
453
325
965
965
709
581
197
997
485
581
581
357
837
357
325
357
229
581
485
357
965
197
581
69
997
69
581
197
709
357
485
581
325
485
613
325
709
837
837
453
69
837
197
485
69
197
741
229
869
197
197
357
453
453
997
709
325
709
325
453
965
709
101
741
485
325
837
709
997
837
613
101
869
709
229
965
965
69
581
965
101
613
357
837
613
101
101
613
869
613
869
357
101
357
325
325
69
837
997
69
453
709
453
357
357
101
869
357
325
325
453
197
965
965
965
709
197
709
453
485
229
613
613
357
997
229
229
229
837
581
837
69
69
581
997
997
229
997
581
325
229
741
581
613
869
101
357
709
453
965
453
197
453
709
965
965
741
741
485
613
869
613
485
709
197
357
101
613
229
453
837
69
581
485
581
837
69
581
581
581
581
101
357
357
101
869
741
485
997
485
229
613
101
357
997
229
197
101
101
869
837
997
997
581
325
325
837
197
965
581
581
69
581
837
325
581
325
709
965
965
709
965
197
197
197
965
709
837
581
837
69
581
613
101
581
837
69
581
837
613
869
613
837
325
581
741
485
453
997
325
581
69
325
581
837
325
197
197
709
197
453
453
101
869
357
101
869
709
453
965
709
709
965
197
197
741
997
997
229
229
197
197
965
485
229
741
997
69
837
837
613
485
485
229
229
741
229
613
869
69
69
485
997
741
485
23
535
535
279
535
183
695
951
535
535
311
567
407
951
439
439
311
311
823
919
407
919
919
663
663
439
919
663
183
951
919
663
919
919
55
55
823
151
151
407
439
23
23
407
439
951
311
439
151
439
151
919
151
151
695
439
951
439
183
311
823
663
151
919
663
663
151
919
663
279
535
55
567
23
791
791
951
439
311
311
823
823
567
951
55
567
567
55
823
55
151
663
567
823
567
567
311
151
919
695
33
545
161
417
417
673
801
289
801
673
161
545
289
257
1
769
257
513
1
257
257
769
513
513
513
33
801
801
929
257
257
1
641
385
641
33
289
161
929
673
673
289
33
801
33
289
929
1
769
1
257
769
1
257
801
801
129
641
417
929
385
385
417
673
161
257
769
257
513
513
929
33
257
929
929
161
161
897
385
33
289
545
33
801
289
513
897
385
641
385
897
385
129
641
385
897
673
417
929
417
769
129
897
801
769
1
257
257
1
257
257
1
33
801
289
801
289
641
801
33
33
801
417
545
129
513
801
417
385
385
897
129
417
417
673
929
929
673
417
673
129
289
33
289
33
33
33
289
257
1
1
257
1
769
769
1
257
545
641
385
161
417
161
545
801
129
817
785
785
529
529
529
17
785
529
529
785
17
273
785
273
49
529
273
433
145
401
529
785
273
945
433
433
689
945
785
529
785
177
145
913
913
433
945
561
49
913
657
817
305
17
17
401
401
913
657
401
401
657
913
401
145
529
305
913
433
945
17
177
177
433
433
305
817
817
785
785
529
785
401
305
817
561
49
817
817
305
273
785
913
689
689
177
177
785
785
273
17
273
273
529
689
433
177
945
913
145
433
433
305
561
561
49
49
657
657
401
945
433
689
433
177
689
945
689
785
785
401
817
817
817
145
913
177
177
657
913
945
433
433
49
561
817
817
305
177
945
17
401
657
273
785
273
529
785
529
49
817
529
17
785
529
785
657
817
561
817
49
529
433
177
689
945
657
145
145
657
913
145
401
785
17
305
49
49
305
817
561
913
145
145
145
305
817
529
689
945
177
945
1017
121
633
1017
249
1017
761
985
702
446
702
286
30
190
958
190
190
798
30
542
542
318
830
830
830
830
830
830
830
318
318
318
318
830
318
830
318
318
414
926
414
190
190
30
30
30
798
286
926
926
926
414
926
414
414
414
926
414
414
414
414
926
414
926
926
830
830
318
318
318
318
318
830
318
318
830
318
830
702
158
670
670
158
158
158
670
670
670
414
926
926
926
414
574
62
62
62
62
574
62
798
286
286
286
286
286
318
318
318
318
830
368
368
368
368
880
368
368
880
368
368
368
880
368
368
496
496
1008
496
496
496
240
240
240
240
752
368
880
368
880
880
880
80
80
496
1008
624
624
1008
1008
496
496
1008
1008
496
1008
1008
752
752
240
752
208
