621
333
493
237
109
877
365
333
621
749
333
749
877
973
717
205
973
845
237
109
77
461
493
77
845
1005
365
461
277
53
53
149
21
693
149
533
309
789
949
309
277
693
53
405
309
405
661
693
405
661
149
533
149
405
949
565
405
21
917
53
693
405
821
949
181
661
565
565
917
917
533
277
309
949
949
181
309
437
437
789
149
789
821
821
437
181
181
693
565
181
949
53
53
917
565
789
309
53
277
309
277
533
949
53
949
693
917
661
789
21
53
789
149
149
789
181
533
181
149
661
149
309
405
949
565
533
693
181
149
661
789
533
533
149
309
181
181
533
405
565
693
309
309
949
917
693
149
533
661
309
949
789
789
917
533
309
533
405
917
949
405
181
949
53
437
21
565
917
149
53
53
181
309
149
949
565
309
565
789
821
533
53
309
917
565
309
277
693
789
53
21
565
565
437
693
789
821
405
565
693
789
149
149
821
917
277
53
53
277
917
277
949
789
437
693
533
53
149
661
661
309
821
277
405
53
917
277
309
693
661
277
789
917
53
949
533
21
277
277
789
789
277
21
533
21
21
405
149
405
149
917
149
917
277
533
21
21
21
533
661
405
405
405
309
565
565
309
149
661
405
277
789
21
437
789
789
789
405
149
821
309
821
661
661
661
661
181
949
917
149
565
821
309
821
565
53
53
821
821
565
821
181
949
181
949
693
949
821
821
309
821
821
565
437
181
437
181
533
21
21
21
437
437
917
917
949
949
949
949
661
661
661
661
661
661
405
565
565
277
181
181
181
181
181
789
789
789
789
789
821
309
181
181
181
181
789
789
21
661
533
533
21
21
917
917
917
917
181
181
181
693
693
949
949
949
949
949
949
949
789
789
789
181
181
53
53
53
53
53
309
309
309
309
437
437
917
917
917
917
149
149
149
149
149
149
149
53
53
181
181
181
533
533
533
533
533
277
277
277
789
277
277
277
277
53
53
53
53
565
565
821
821
789
789
789
565
309
309
533
533
661
661
661
661
661
565
53
309
309
309
309
693
693
693
949
949
949
949
949
949
181
181
181
437
661
661
661
661
661
53
437
53
53
53
53
949
437
437
437
437
437
309
309
309
309
309
821
821
821
821
821
821
821
821
662
662
662
662
662
662
662
662
150
150
310
182
182
182
438
438
438
438
438
438
438
438
438
54
822
54
54
54
54
566
566
182
182
182
182
54
54
950
950
438
438
438
822
822
822
822
182
694
694
694
534
534
534
950
182
54
694
182
182
54
54
54
54
54
694
22
534
278
278
278
278
950
950
950
950
950
950
950
950
950
950
950
950
950
950
950
950
950
950
950
950
822
310
310
310
662
822
822
822
310
310
822
822
822
310
310
950
438
438
406
406
22
22
22
150
150
22
22
22
22
22
822
822
822
822
822
822
822
822
918
918
406
406
406
406
406
406
278
278
278
278
918
406
406
22
534
534
694
694
438
310
310
310
950
950
950
950
950
950
950
438
950
950
950
950
950
182
694
822
822
22
22
22
150
310
310
310
182
950
950
438
918
918
918
918
918
278
278
310
310
310
310
566
566
566
566
534
534
406
918
406
406
406
406
406
406
406
150
790
790
150
150
150
150
662
150
694
694
694
694
822
822
822
822
438
438
438
438
438
438
438
438
438
438
438
438
438
438
438
438
438
438
438
310
310
310
310
310
54
54
54
54
310
310
950
438
438
438
438
790
438
438
438
438
438
438
438
438
438
438
950
438
438
438
438
694
694
694
566
566
438
438
438
694
694
694
54
54
54
54
662
662
662
662
566
566
566
566
950
950
950
950
950
950
950
534
534
534
534
534
566
566
950
438
662
662
662
662
662
662
22
22
182
694
310
310
310
310
310
310
310
310
310
822
310
310
310
310
310
278
54
54
54
694
438
534
790
790
790
790
790
790
438
438
822
822
790
790
790
790
438
438
438
438
438
278
278
278
278
918
918
918
310
278
278
278
278
918
822
822
182
182
822
822
822
822
534
534
534
960
960
448
448
448
736
736
736
736
736
736
96
96
736
736
736
992
992
992
992
960
960
960
960
864
864
864
864
864
864
864
864
864
864
864
992
192
192
192
192
192
192
576
576
576
576
576
576
576
576
576
576
576
576
576
576
576
576
704
736
224
832
832
832
320
320
448
224
224
224
224
224
96
96
96
192
192
320
576
704
704
704
704
704
64
64
64
576
64
64
64
64
576
576
576
576
576
64
64
192
192
320
320
320
960
960
960
64
64
64
64
64
