35
459
498
5
1013
1010
628
221
179
252
734
374
433
528
1010
959
493
29
202
666
486
437
241
301
355
982
122
463
280
851
553
368
337
58
176
409
82
741
35
287
432
591
345
156
129
815
861
94
94
739
332
44
353
765
1003
1005
158
194
891
569
442
486
908
737
485
274
157
615
948
924
861
623
306
579
292
153
417
580
407
866
894
882
607
648
851
205
407
721
981
68
374
442
852
325
947
613
906
827
4
145
407
842
584
150
154
921
231
649
641
379
255
737
472
932
804
874
138
727
164
44
540
3
855
602
437
227
667
857
373
780
672
463
517
90
559
78
284
1
159
88
935
659
419
999
381
29
642
872
67
734
668
786
955
800
811
889
20
608
417
775
426
429
742
760
206
885
914
833
896
256
930
798
658
433
985
961
46
149
677
462
169
692
598
969
907
385
879
474
544
814
611
113
712
287
852
933
524
680
635
852
587
966
598
540
894
987
505
180
956
876
607
484
57
154
689
631
431
400
130
225
353
938
185
900
377
182
797
430
534
921
435
855
769
955
227
227
949
726
549
280
720
430
331
733
431
73
996
415
835
645
762
682
303
458
784
552
701
850
185
472
788
351
20
122
105
696
318
608
297
462
750
535
383
593
288
1
228
62
330
917
518
137
789
766
475
774
493
262
962
472
238
744
335
564
644
430
194
787
994
304
414
129
288
228
472
393
1013
730
349
787
280
193
810
681
470
630
381
684
47
114
902
607
237
460
454
29
90
137
674
745
479
270
735
50
148
335
28
480
272
436
277
318
86
696
620
530
6
387
485
757
939
769
904
726
189
795
393
397
936
988
164
298
639
467
877
971
333
797
997
424
931
415
930
873
351
850
742
107
943
187
719
200
802
978
791
325
826
603
249
645
195
989
38
762
346
534
760
186
795
199
440
381
286
844
934
412
932
800
637
343
579
240
267
164
757
956
91
3
911
697
436
20
209
989
689
390
66
167
179
347
968
322
548
714
492
320
848
669
417
931
625
465
213
66
808
868
418
157
554
244
306
314
294
153
446
700
320
820
987
28
632
321
69
1014
747
226
251
450
388
762
365
430
334
38
802
593
992
70
41
830
692
817
452
752
592
914
477
132
95
696
307
563
984
826
767
646
117
881
544
308
219
558
128
208
208
1006
911
346
425
980
937
208
49
1014
42
389
361
654
75
125
77
760
493
289
415
914
347
78
422
730
684
943
658
26
688
49
982
648
138
706
245
1022
308
860
48
659
612
97
405
908
189
749
118
1022
777
826
595
877
662
291
90
101
237
37
70
454
167
256
299
116
416
574
857
664
457
90
1022
509
47
914
899
5
757
118
516
365
1003
434
560
375
425
432
583
234
202
704
203
823
153
105
704
434
491
69
241
703
706
568
719
707
226
614
104
103
542
863
528
439
672
905
129
773
855
320
654
462
914
220
969
778
780
981
24
544
778
870
242
507
101
660
447
566
303
612
778
449
441
243
1015
545
281
175
461
128
1010
313
185
390
825
120
847
315
882
164
282
642
898
869
783
434
180
206
646
4
762
569
495
841
271
273
720
199
728
789
221
891
924
1004
22
873
314
928
572
126
613
579
208
91
670
995
766
767
172
875
213
845
733
627
459
695
802
991
296
425
574
205
551
608
208
194
820
440
819
693
4
462
23
112
484
417
32
866
360
549
442
261
198
4
619
911
831
864
534
565
579
549
131
419
93
976
210
399
393
530
197
1001
739
134
521
270
659
361
605
420
143
261
892
744
218
488
889
946
161
218
595
18
922
920
588
603
645
528
411
505
800
929
258
974
76
388
213
325
799
681
652
614
768
835
833
590
489
463
385
517
182
161
558
812
902
434
514
170
64
315
269
373
737
816
944
803
207
178
274
34
926
17
219
666
472
16
926
165
549
588
899
981
346
454
453
722
559
266
789
941
920
904
970
308
287
569
360
829
532
570
142
992
460
484
500
903
255
864
316
268
448
98
728
107
686
1017
572
503
893
617
1012
407
10
915
958
775
367
421
235
907
121
202
540
115
452
466
947
703
294
601
996
404
153
88
480
194
608
877
395
775
437
10
39
275
411
619
758
336
163
724
1006
337
771
382
503
984
927
558
64
912
1013
721
666
973
389
266
1007
753
41
301
494
691
357
234
865
712
388
75
210
471
597
142
961
317
590
345
332
758
698
715
79
833
895
42
528
25
682
883
500
185
445
742
151
208
703
262
791
485
346
615
850
929
410
165
767
513
499
430
569
68
157
97
958
269
367
139
498
114
287
588
130
746
148
856
336
109
563
347
589
437
743
17
125
462
265
278
24
754
270
256
543
623
46
882
187
796
572
830
720
983
576
88
756
514
976
1002
278
138
556
889
832
32
90
633
67
122
45
860
205
638
796
555
910
54
724
11
288
473
986
820
397
480
996
700
980
760
991
591
201
405
562
613
394
802
192
509
539
670
491
326
316
269
65
160
623
334
342
370
743
206
219
635
214
130
575
948
475
270
264
831
536
728
908
723
433
109
690
552
302
25
630
135
196
821
897
991
4
664
879
1018
275
378
939
858
19
700
281
629
622
521
713
408
758
62
665
76
694
18
231
306
989
51
261
140
917
834
991
879
438
924
754
153
929
317
425
147
192
854
847
178
387
664
49
725
336
215
910
161
1005
889
154
276
364
962
274
706
310
816
541
298
121
718
269
699
367
395
145
838
103
186
311
727
638
1006
1007
173
728
524
955
517
522
983
546
823
601
300
572
258
832
912
892
128
406
804
193
534
183
157
625
849
6
182
627
15
887
682
268
394
27
581
255
240
303
233
892
648
2
889
980
57
56
99
688
561
727
830
0
765
560
626
981
516
267
879
786
369
278
428
939
400
165
140
274
132
29
264
124
926
829
727
210
363
581
566
291
842
1023
432
379
557
570
395
187
108
571
553
536
468
207
876
739
446
955
52
296
738
66
612
468
32
809
707
990
542
651
812
274
847
577
880
258
902
849
532
727
81
26
450
849
532
295
481
137
422
401
145
875
165
1011
140
745
429
632
692
546
753
82
777
269
886
833
360
454
648
294
786
218
38
804
507
100
414
70
71
634
80
358
989
233
535
1015
240
962
79
91
201
724
397
968
525
451
707
747
841
968
517
716
398
1023
526
977
497
401
582
360
91
258
622
732
41
397
363
224
401
857
524
16
117
130
470
436
324
162
34
1015
898
183
100
797
1021
944
903
213
807
178
370
934
243
16
878
376
80
163
497
8
555
406
720
577
372
799
382
217
686
150
916
645
1
652
302
508
518
629
933
895
147
546
644
758
664
943
672
775
834
475
256
881
327
78
456
325
131
111
40
696
894
146
973
193
673
588
120
705
712
330
1014
178
361
294
229
397
371
788
256
390
186
742
740
82
109
236
4
97
374
460
232
975
775
417
188
1023
105
319
776
285
0
258
156
128
905
750
867
291
738
331
931
399
930
898
13
169
508
434
604
421
975
887
869
254
997
707
935
161
573
676
993
955
878
533
575
230
56
659
660
148
703
188
287
562
567
870
646
613
724
472
452
254
614
81
353
594
30
385
1001
215
426
730
404
254
786
931
452
959
368
464
408
566
956
868
537
82
570
981
877
820
941
761
722
228
408
12
799
713
476
966
644
447
358
624
994
500
198
108
948
825
41
252
52
62
304
748
680
476
549
511
384
844
776
304
967
925
471
458
302
546
249
656
700
554
325
827
707
751
251
238
935
502
808
829
76
405
369
30
702
864
160
852
770
935
332
208
227
395
519
201
851
61
817
331
614
5
286
862
336
561
853
351
684
908
644
202
654
366
60
490
131
136
51
464
964
445
993
406
55
962
867
131
464
446
467
202
795
247
213
165
833
267
922
693
970
817
418
305
817
360
68
767
917
872
193
45
997
953
969
649
738
206
808
78
171
791
71
467
799
876
712
485
246
121
430
1005
43
806
991
599
141
814
347
168
1021
243
339
108
994
375
630
126
563
682
450
421
289
749
402
457
172
750
159
289
49
831
493
77
800
998
966
609
385
708
337
901
542
156
50
626
685
237
46
18
271
882
373
149
913
537
597
507
98
950
432
873
298
824
880
637
386
490
203
270
891
177
649
505
381
470
456
877
980
856
792
677
280
1004
867
375
980
870
176
460
984
526
76
439
107
961
11
1021
752
574
411
550
312
391
957
394
577
888
35
481
94
861
502
904
758
31
801
878
483
279
787
849
52
343
849
258
159
530
386
0
436
179
435
206
549
340
944
315
767
862
178
677
122
479
643
987
358
140
170
490
518
320
251
955
1017
556
97
57
485
663
449
299
516
615
930
973
478
653
904
959
559
953
536
847
752
1001
240
525
409
348
483
967
453
128
635
723
829
215
639
2
300
855
14
802
276
169
50
721
546
443
197
480
701
852
313
726
668
705
278
582
419
1009
150
1022
466
543
780
514
770
348
559
275
852
80
856
595
392
676
702
483
8
950
646
95
733
740
433
473
760
222
253
416
153
151
482
631
415
893
716
534
612
818
379
439
1014
103
125
706
56
46
264
192
202
508
439
91
430
29
468
185
358
709
73
999
0
766
348
308
271
40
514
64
445
525
935
651
611
713
235
867
116
822
351
601
914
219
291
467
201
582
376
22
635
714
413
758
151
371
985
283
353
294
320
1003
732
513
569
144
612
671
89
283
615
767
38
382
695
969
272
205
79
961
961
507
685
224
966
799
960
401
673
859
425
908
627
993
854
158
846
933
862
144
787
14
247
481
1002
779
953
537
2
857
201
290
645
1008
659
925
387
643
339
982
387
488
915
943
261
414
432
444
770
632
875
354
85
664
738
672
930
914
3
656
447
839
249
373
200
822
292
19
800
201
984
776
574
624
336
46
871
360
497
142
853
377
128
854
243
86
555
411
714
817
202
337
983
675
978
941
576
515
430
471
353
420
460
462
300
799
272
955
224
277
272
982
740
486
992
318
283
229
478
701
626
711
42
774
847
894
214
648
136
561
376
34
201
777
88
158
1020
365
483
525
115
461
920
453
495
789
336
548
557
588
915
591
843
581
510
73
178
343
581
292
17
435
441
31
458
985
846
333
699
772
678
613
310
142
620
739
312
894
634
954
194
1015
750
626
367
412
215
628
757
636
52
841
729
739
626
434
125
691
761
73
283
449
829
614
327
224
485
656
271
165
729
632
522
670
906
768
361
381
782
528
157
492
709
898
225
46
37
331
789
505
650
115
144
913
290
671
25
956
952
579
684
317
226
123
368
540
552
552
433
528
1015
541
574
265
172
154
734
370
572
642
434
433
699
564
328
230
394
721
909
709
393
131
108
93
906
377
780
800
527
872
468
352
727
499
335
42
781
107
386
744
984
357
802
766
817
309
221
940
602
288
598
55
348
794
594
310
962
509
362
215
425
436
353
657
982
112
967
704
368
845
66
37
560
574
663
259
375
853
585
483
752
832
32
828
764
157
78
961
130
615
237
10
858
925
627
101
835
675
556
507
119
998
867
894
688
110
376
618
532
751
53
284
61
721
866
734
548
138
906
506
332
815
686
149
561
707
867
775
193
461
857
402
795
689
865
881
109
309
630
714
831
324
11
591
153
395
290
904
350
994
150
569
84
765
741
873
990
673
146
808
362
874
199
386
751
164
341
993
806
316
652
475
415
847
43
266
385
807
79
548
1013
481
955
960
711
995
211
906
72
600
58
45
300
816
256
384
670
116
628
329
218
925
161
484
568
352
576
416
275
711
885
304
659
143
1008
962
818
58
817
875
130
579
279
630
577
259
145
813
350
711
605
1012
346
244
776
167
232
121
551
731
13
385
210
1017
338
853
466
874
60
936
175
10
276
999
758
193
634
846
45
165
939
864
777
860
861
874
469
250
7
953
693
26
125
255
241
662
658
300
485
360
308
184
998
930
728
897
56
771
201
974
849
632
633
99
510
615
630
121
801
794
759
610
370
42
196
399
466
540
648
1004
999
34
398
481
996
672
655
739
150
794
517
822
193
393
600
761
362
359
807
101
24
892
286
629
993
714
946
390
2
85
734
238
325
912
361
143
1013
254
618
201
852
354
56
196
913
352
786
115
39
275
343
205
960
438
1017
218
610
265
447
69
473
222
411
787
628
216
237
475
731
889
726
326
694
816
821
516
281
863
942
660
89
76
818
529
377
384
586
21
369
338
811
892
498
429
847
238
248
579
325
119
166
65
660
424
515
838
936
615
70
152
367
816
462
398
594
52
109
117
684
712
25
311
51
272
388
904
700
358
1005
3
607
413
79
215
318
627
259
591
926
559
286
843
62
895
1013
865
798
771
511
146
710
709
744
291
722
565
598
63
382
733
314
960
380
594
595
156
779
80
236
594
641
559
555
179
599
709
869
609
394
691
51
687
713
518
508
847
118
630
406
5
620
697
8
490
1000
784
383
457
821
525
34
112
895
831
642
569
962
580
952
311
176
485
165
946
529
314
752
870
467
932
762
69
402
675
297
605
28
569
668
154
474
950
1011
679
806
447
800
402
459
566
521
284
17
770
881
90
914
322
711
798
53
453
451
162
543
496
203
252
304
499
612
416
926
424
422
1006
835
683
25
39
270
217
315
667
1001
55
256
11
584
222
413
955
44
331
424
589
472
399
227
496
399
815
752
390
981
328
62
749
771
606
288
941
45
379
302
15
676
419
639
153
759
138
198
18
73
995
382
826
485
304
284
194
806
834
301
104
1011
710
279
531
776
429
1018
868
337
650
478
946
70
138
265
727
525
253
253
1012
554
217
935
364
249
188
960
647
320
709
205
17
518
289
18
207
181
608
725
227
857
41
192
694
651
591
873
663
93
130
590
998
925
791
318
103
249
26
795
327
918
53
574
971
256
594
878
68
778
633
171
391
12
146
579
798
564
851
935
192
500
473
164
808
595
666
138
119
317
510
582
287
638
146
567
139
178
752
493
90
330
534
807
563
651
694
641
949
709
656
65
780
833
217
193
292
182
78
130
502
650
332
359
763
952
756
481
709
293
817
666
190
893
565
411
702
853
833
911
645
67
250
67
115
78
446
13
12
574
859
658
580
831
781
857
479
724
345
20
656
57
412
638
809
647
445
328
468
997
603
66
849
700
542
109
235
85
84
440
426
128
376
89
959
53
947
779
899
863
119
391
663
186
347
613
175
567
778
122
914
792
711
386
577
422
16
464
60
688
448
348
173
66
696
234
116
865
200
444
91
919
786
921
264
745
689
769
661
367
595
297
262
589
690
44
745
422
972
411
1018
667
15
376
979
678
30
168
211
649
64
186
382
256
310
638
668
87
63
798
175
233
163
395
680
29
1004
965
70
986
540
449
530
972
376
542
255
929
701
946
797
675
380
188
878
886
166
511
356
634
697
48
409
116
910
161
381
238
314
528
575
77
769
270
499
766
856
590
642
970
216
1008
575
235
694
33
764
336
565
705
866
425
888
6
423
788
536
904
30
758
93
684
380
279
163
379
861
389
331
636
931
124
376
207
756
804
811
342
793
704
78
672
442
109
803
547
635
733
723
371
813
628
672
787
189
1001
906
657
870
492
882
472
572
644
826
76
86
941
644
798
823
91
561
158
139
887
888
574
957
70
851
416
340
202
570
620
776
478
858
67
407
685
322
581
811
802
449
441
340
878
221
636
817
153
928
572
993
997
974
424
190
159
864
84
582
595
308
658
398
265
682
308
599
104
589
827
988
381
494
927
710
651
106
363
195
899
877
29
89
745
877
807
705
1005
936
157
298
287
166
77
583
887
831
168
401
45
464
247
694
557
704
170
684
206
268
727
521
237
112
3
323
801
487
306
193
98
961
789
866
300
986
802
883
79
802
781
958
306
39
993
201
804
530
971
999
606
595
703
412
486
169
89
714
621
795
485
778
702
82
290
794
427
318
522
1008
899
193
9
611
859
639
579
643
240
996
543
283
461
28
697
757
609
923
36
192
600
451
5
87
806
241
734
501
333
698
133
56
472
704
142
1020
787
357
127
285
109
1012
1023
625
858
260
689
443
657
656
290
889
930
763
21
835
635
755
223
558
181
187
323
189
775
767
903
325
204
847
714
94
393
960
953
489
769
761
117
355
334
185
170
650
289
511
906
982
667
1007
240
176
732
614
75
773
805
508
633
670
31
916
647
919
857
478
787
80
352
706
804
526
762
3
1001
655
43
831
221
626
782
48
274
506
281
516
57
913
1
12
73
774
642
515
510
736
402
785
512
526
654
416
386
829
268
916
170
182
873
858
78
688
787
795
410
537
281
992
151
585
374
388
340
64
981
451
562
897
148
608
107
361
272
546
629
789
418
843
33
16
81
654
591
708
343
2
859
666
973
983
750
650
161
561
870
945
442
173
159
764
868
2
731
152
171
872
730
611
315
782
493
331
961
19
514
250
165
292
885
196
161
890
754
263
538
16
620
349
170
504
28
25
643
882
496
729
734
355
606
128
850
627
633
656
540
105
22
401
582
484
156
905
910
333
323
552
875
423
1005
726
961
900
793
474
707
357
45
358
811
26
375
494
906
888
200
424
711
183
873
35
522
599
695
789
831
544
435
551
768
142
438
647
566
448
412
596
344
613
748
50
93
409
604
952
118
324
351
630
9
604
69
427
778
276
883
82
635
326
1013
342
82
166
323
705
473
458
1013
184
1001
923
18
448
157
334
480
7
499
367
376
1000
962
425
867
603
782
287
163
871
892
623
405
868
886
493
164
114
84
213
711
101
572
183
249
9
478
225
332
668
530
524
496
869
267
53
58
222
884
868
483
773
266
585
994
325
773
72
739
423
249
933
65
298
868
29
991
996
423
365
498
484
687
782
735
245
160
643
531
87
360
697
56
270
670
19
722
850
1012
965
610
23
797
660
773
178
723
442
339
634
242
466
444
624
410
393
938
832
431
790
109
770
296
168
861
110
925
277
501
639
174
326
276
376
74
185
1012
749
753
829
72
349
823
932
893
245
915
358
913
735
280
226
711
61
245
1019
166
246
158
550
902
952
837
1009
195
154
193
11
773
951
872
781
68
38
169
434
178
156
11
115
990
870
451
602
223
980
492
301
816
144
913
291
757
60
828
345
140
269
222
913
633
504
259
226
762
505
205
459
366
261
47
231
134
297
284
601
310
742
640
38
679
176
575
898
524
981
262
834
72
919
407
969
819
838
592
26
119
821
230
922
421
346
630
693
878
349
103
833
621
886
795
377
815
423
481
810
89
532
1004
389
629
228
238
762
922
840
786
952
238
186
448
199
693
77
224
343
700
914
796
192
109
186
260
851
878
264
471
483
57
50
334
522
895
612
684
651
834
478
564
233
178
543
949
831
331
238
193
398
412
597
972
76
429
772
187
174
299
151
821
211
1020
310
583
935
276
642
980
446
437
987
719
1004
684
945
172
212
228
444
458
120
683
960
780
773
264
337
194
124
349
589
320
41
816
135
14
861
363
164
471
914
22
560
258
355
757
483
752
508
899
208
183
665
948
125
86
468
928
358
935
163
889
761
438
531
552
746
22
49
144
307
140
418
189
736
598
339
878
455
1001
672
402
800
570
293
751
6
23
210
225
658
396
579
1012
238
694
664
191
341
685
932
795
137
626
835
145
279
826
503
854
450
489
258
539
577
971
805
195
173
210
943
739
844
710
471
229
344
224
881
127
21
1009
784
760
882
450
85
485
520
261
844
244
398
876
215
469
238
39
988
760
852
152
713
718
883
338
1003
595
850
827
21
759
37
225
708
1008
24
650
628
888
104
572
860
1010
901
630
726
609
242
329
221
10
209
653
229
546
989
157
261
587
471
411
165
583
724
366
580
664
668
732
854
384
548
174
81
277
566
735
172
554
844
857
203
403
396
278
132
3
255
867
515
378
633
903
311
968
679
313
203
541
321
386
345
1002
500
183
622
212
301
85
724
112
419
954
196
892
727
463
970
693
624
197
510
275
573
386
441
429
669
497
4
711
121
363
758
663
320
952
113
753
483
355
583
272
528
677
403
565
428
331
481
124
89
109
996
685
312
191
358
456
733
633
448
224
714
338
445
831
823
926
615
949
673
276
251
89
707
805
734
954
1006
951
279
331
116
697
484
419
420
353
958
280
148
518
58
522
379
394
183
695
387
670
466
632
246
499
935
1021
307
925
1020
745
281
1006
373
189
962
65
702
911
25
692
241
470
354
601
557
519
228
33
983
0
846
517
809
162
13
462
3
285
945
854
91
349
725
743
838
663
131
731
127
364
45
459
27
760
251
202
494
578
382
781
431
1008
209
1008
696
413
308
338
860
429
452
965
1017
489
197
135
519
348
819
264
163
720
16
479
247
424
4
381
821
608
453
403
684
198
263
530
556
690
459
1001
859
332
958
81
838
774
957
52
300
213
106
647
17
131
197
141
939
707
743
27
80
251
308
26
473
131
844
370
727
8
194
358
469
169
398
835
125
627
83
634
366
529
490
217
557
243
834
998
327
757
430
576
374
243
396
360
449
365
393
173
470
275
702
606
822
273
863
826
601
496
539
489
660
1017
841
500
902
176
283
408
129
940
841
928
316
729
814
784
609
922
1023
265
907
927
4
190
603
239
630
223
455
217
794
929
774
849
667
235
77
317
300
539
555
924
253
657
191
478
837
471
6
820
602
268
214
274
705
175
851
498
656
207
773
786
793
417
653
92
654
847
1
303
979
666
282
624
116
688
673
428
359
830
66
479
368
398
102
793
822
253
280
648
699
935
290
297
250
540
943
709
531
591
118
522
766
388
829
513
226
428
520
586
465
729
90
759
564
995
267
574
1001
627
59
625
282
804
383
1019
388
38
418
594
346
156
748
694
448
504
754
657
933
889
218
348
63
794
46
363
766
1002
770
993
708
172
241
191
783
661
294
140
294
311
865
993
36
446
673
722
867
736
149
153
267
139
844
268
405
812
941
441
692
1023
958
879
1018
932
916
505
343
773
610
1019
423
457
693
678
404
42
656
845
803
355
72
766
471
225
352
143
520
664
399
547
965
614
230
145
725
798
764
903
454
805
719
761
920
913
550
190
927
891
296
386
811
851
201
151
386
265
247
636
759
414
477
291
31
88
997
461
287
432
11
363
741
803
818
560
1000
344
502
614
879
207
621
307
937
338
122
951
554
265
485
275
216
938
5
867
574
1023
96
880
934
267
38
749
664
115
691
75
113
305
822
380
902
571
651
613
965
212
288
337
299
753
483
849
213
426
348
970
631
61
671
875
547
60
163
847
566
753
17
515
69
265
950
108
624
977
981
609
121
890
615
831
644
383
737
192
894
897
950
310
679
355
602
15
247
370
554
667
365
501
953
651
320
743
297
49
258
187
129
1023
137
905
180
519
87
220
404
535
512
85
35
479
9
85
434
643
271
921
669
763
530
177
114
495
327
547
760
940
400
733
564
188
893
405
264
946
88
508
55
389
240
379
631
862
36
722
760
398
212
977
998
113
861
913
103
153
224
78
271
653
853
844
586
867
808
297
491
580
684
627
147
577
821
227
549
974
79
9
956
977
966
57
776
529
713
958
422
443
858
254
44
259
25
537
49
981
184
419
263
581
559
418
346
819
767
451
957
655
627
535
686
1007
294
392
753
335
319
796
255
314
885
104
415
694
929
233
517
276
412
239
478
699
285
293
476
605
53
1015
40
554
229
456
601
820
91
820
996
576
65
792
890
237
940
621
874
543
203
534
313
917
266
540
231
635
644
479
765
527
525
635
0
992
64
649
780
225
564
477
445
277
440
612
182
858
19
774
429
6
84
592
265
42
799
175
121
921
828
2
610
104
997
371
146
181
892
752
883
148
933
492
587
228
142
918
418
189
333
379
565
270
82
453
633
211
135
162
363
692
880
92
671
626
769
61
546
427
782
242
582
806
384
887
1016
300
899
290
655
320
92
416
389
54
254
869
410
6
648
595
840
25
991
824
225
420
639
650
410
775
283
271
198
743
178
807
526
896
234
606
919
325
315
907
998
225
492
528
804
82
533
707
819
980
307
277
929
774
662
649
914
300
381
659
129
939
741
505
917
934
890
414
698
685
70
336
67
612
300
327
654
787
242
252
241
677
111
944
329
557
609
109
1013
229
124
651
904
824
650
178
969
684
939
249
279
896
117
451
621
834
391
25
300
295
411
682
615
219
719
556
54
928
863
25
419
951
36
376
890
545
659
197
667
191
924
194
995
861
90
183
675
345
992
88
609
348
237
1000
31
617
531
216
739
425
396
448
565
241
934
955
326
968
874
524
528
121
165
520
855
997
1010
942
645
556
303
387
567
573
730
166
306
753
107
825
640
225
74
934
198
914
369
380
561
986
1017
48
954
710
393
458
794
131
829
631
1020
655
432
1008
322
417
691
713
91
629
987
528
686
907
166
17
170
68
473
11
479
186
295
824
1018
825
231
930
547
513
245
820
308
255
63
752
715
699
502
785
165
27
995
934
110
953
339
208
650
222
805
263
258
798
555
1007
222
183
787
959
972
376
652
384
7
180
708
587
982
56
212
407
688
822
920
477
74
67
954
679
900
931
23
285
315
447
642
546
208
946
313
917
918
192
385
479
773
115
346
896
219
143
998
526
344
667
375
887
659
735
465
897
340
862
672
750
203
166
990
200
105
49
63
210
310
438
479
543
510
919
119
344
763
0
285
599
768
172
324
605
859
967
361
125
855
949
560
119
309
209
709
740
89
874
186
968
481
751
700
401
746
511
45
887
127
792
985
615
433
818
183
688
436
204
573
506
950
480
329
458
48
702
215
12
725
692
459
819
732
88
167
365
488
1014
593
245
728
40
323
144
744
899
672
669
323
511
481
297
965
625
24
686
355
902
365
638
545
200
656
667
11
272
282
35
942
505
851
791
855
605
944
890
603
973
77
205
716
766
385
1012
578
145
969
835
623
783
153
708
629
754
76
476
985
982
805
190
349
501
916
880
956
800
34
82
24
6
703
180
823
1011
402
499
494
548
840
366
612
884
1006
607
758
869
10
248
919
386
259
80
736
3
294
90
213
720
896
947
384
390
694
613
752
170
164
400
211
921
59
675
892
868
298
901
864
1000
818
133
879
291
412
649
378
778
262
573
886
130
952
741
13
467
842
181
569
13
725
401
661
426
64
888
90
69
634
408
457
821
399
752
441
203
175
759
637
729
549
601
233
279
80
544
349
730
762
223
185
813
660
814
799
395
55
692
46
605
101
911
984
589
923
478
252
497
318
432
415
468
26
865
856
517
41
91
134
150
293
176
237
264
505
261
725
865
411
556
333
794
499
898
515
624
141
248
652
66
476
109
455
59
783
856
705
142
947
286
167
1006
265
779
980
263
270
249
918
850
731
53
628
729
116
746
957
381
179
570
214
851
101
352
217
1022
702
40
94
65
976
728
197
484
209
206
491
732
170
926
280
311
4
988
654
631
25
884
496
170
588
663
670
314
721
716
955
692
893
556
164
625
313
201
480
685
223
536
68
229
253
861
191
695
904
720
222
770
221
771
751
515
223
128
997
1017
118
860
451
832
489
189
817
593
550
580
974
849
863
614
618
402
37
176
676
693
94
459
394
383
316
461
81
931
720
257
384
596
473
806
467
418
830
67
635
29
483
570
581
896
890
916
95
230
457
423
200
558
565
795
361
599
226
139
874
645
688
754
596
64
940
709
843
43
609
375
56
347
662
952
218
269
562
911
165
963
673
357
455
714
611
795
540
726
333
768
296
1003
311
24
1001
738
662
675
356
504
816
663
734
634
426
819
905
749
257
130
914
34
1014
888
477
158
1004
47
764
193
150
957
272
654
414
945
414
683
382
606
474
750
564
947
523
906
623
1019
220
323
952
950
377
296
225
16
480
503
635
220
389
155
249
515
429
573
525
808
635
95
401
39
395
164
694
457
352
927
954
324
150
223
413
904
479
242
57
447
147
661
86
322
932
929
99
493
699
658
267
386
439
919
112
970
307
576
866
262
174
143
280
15
397
365
177
983
990
955
82
131
986
122
483
2
522
126
604
1000
565
321
270
397
813
51
332
660
176
706
566
863
384
939
439
98
639
389
450
139
825
147
724
384
913
330
848
623
63
897
553
344
609
110
167
596
764
816
435
548
897
990
893
873
196
197
747
670
872
162
734
800
565
170
422
286
268
685
306
691
793
13
608
611
780
61
340
421
472
335
415
875
755
478
158
814
865
622
935
761
672
685
409
917
743
756
442
922
382
399
1014
768
14
725
304
514
300
819
436
727
1021
668
212
42
345
517
699
35
658
636
87
330
68
26
148
843
154
409
518
930
338
513
491
173
989
927
254
414
200
435
434
862
451
5
21
459
88
186
105
617
482
871
458
952
281
840
456
870
559
731
789
442
927
391
677
325
349
899
500
88
200
175
782
464
574
958
375
858
358
158
375
75
284
547
885
956
516
252
794
350
267
461
138
180
577
743
917
859
427
150
510
18
663
839
418
504
1007
991
369
364
82
630
493
902
876
438
746
1017
141
108
933
441
708
953
791
910
692
940
118
973
17
514
434
825
979
520
27
873
336
158
986
48
253
311
885
835
248
49
726
37
185
32
995
293
900
855
244
500
592
589
83
861
289
788
655
927
615
1009
361
980
184
62
196
26
838
430
607
866
826
163
2
25
597
636
524
601
564
369
1023
877
589
675
834
233
975
752
613
620
425
998
784
17
930
90
759
889
318
137
731
838
380
977
285
843
67
501
466
756
790
741
331
81
926
530
145
617
433
579
604
294
963
197
989
701
301
630
177
836
534
574
680
99
411
98
221
205
1021
950
911
596
454
761
409
266
410
56
343
162
1015
597
745
246
790
502
987
893
590
164
29
917
91
976
288
567
35
952
856
1015
879
259
93
939
802
829
782
178
23
790
934
663
912
11
715
52
920
565
604
970
732
478
440
516
181
636
267
294
372
851
829
454
264
107
78
917
475
140
8
286
470
388
422
544
650
730
612
475
578
822
1013
312
517
338
355
976
421
605
199
484
958
334
797
132
360
322
752
384
448
784
66
42
273
38
756
977
353
890
913
950
159
124
421
855
187
326
102
441
219
796
894
228
19
281
237
205
904
270
293
262
466
238
36
775
515
872
454
1003
52
642
805
929
889
830
272
830
876
141
447
717
524
239
980
196
143
416
261
84
898
81
491
815
652
32
925
311
674
313
738
631
777
328
222
296
793
903
481
464
557
778
290
959
795
172
972
852
159
62
305
272
580
290
229
666
718
79
66
105
132
604
995
839
5
228
819
127
175
207
752
453
864
328
833
584
57
600
473
289
373
623
952
533
995
518
223
933
487
744
108
700
583
591
383
249
31
315
961
539
1001
117
992
1019
988
279
998
321
970
426
385
827
192
959
2
641
140
31
555
708
448
227
67
414
582
479
356
654
327
877
580
570
263
689
686
725
260
681
528
759
1017
120
313
775
801
129
43
561
386
27
347
1018
841
656
333
336
250
1008
331
426
598
242
563
399
880
333
647
767
299
85
334
5
555
406
390
746
997
1018
814
976
406
111
901
786
217
90
871
571
1015
734
169
557
966
20
61
601
565
761
149
570
706
174
990
945
580
392
423
1
262
36
67
273
917
399
416
547
129
416
665
871
284
96
775
243
291
375
508
478
675
328
632
502
94
795
266
200
694
4
553
1000
98
73
944
1000
48
851
281
891
947
400
203
6
81
667
848
517
318
997
765
290
184
17
119
438
560
447
780
883
285
952
10
481
497
496
832
208
367
12
257
2
245
93
985
1007
425
192
204
937
830
378
733
806
901
950
465
535
185
658
945
264
56
439
882
572
522
578
694
699
976
619
982
730
871
614
348
682
75
147
554
894
490
308
167
52
853
971
486
168
384
59
1018
682
353
698
940
523
387
854
547
617
134
353
596
331
95
641
462
651
176
792
971
920
68
575
180
995
601
806
259
165
33
551
522
731
383
501
607
165
408
298
779
914
668
124
1003
186
579
753
636
281
214
443
621
617
586
183
481
530
488
185
116
246
280
356
661
192
434
737
691
623
890
631
342
324
298
901
406
553
891
506
146
285
575
197
826
83
652
964
977
528
377
818
833
239
289
1011
5
824
74
126
205
805
273
662
724
475
402
645
578
193
199
826
299
947
526
191
454
124
891
587
846
218
62
1019
442
886
237
30
973
439
351
168
242
789
206
349
395
115
58
571
981
579
90
802
626
727
897
971
843
5
949
444
288
270
935
173
694
33
822
710
599
56
764
524
941
886
307
370
839
828
187
239
561
1000
772
769
805
545
890
587
644
367
488
186
113
801
287
437
308
550
424
422
765
45
15
445
311
39
339
877
709
110
124
906
536
186
950
571
77
513
71
530
647
629
368
328
144
818
738
596
652
669
697
34
601
262
829
522
282
1021
32
417
312
960
930
368
469
697
187
901
727
332
156
897
618
329
954
500
403
67
88
854
477
238
270
853
912
499
708
920
311
901
142
826
165
162
15
517
979
981
278
246
391
546
349
577
167
909
438
203
846
777
533
846
200
901
646
623
677
69
767
241
826
270
246
464
489
180
22
496
538
79
288
606
192
897
457
628
442
882
865
501
87
888
156
437
709
563
215
776
101
638
236
485
642
733
758
74
421
117
883
371
170
980
753
121
317
789
544
785
513
667
204
353
911
648
697
125
629
301
797
148
533
17
32
108
61
601
751
796
460
18
561
23
760
24
830
372
487
86
772
576
83
436
857
641
874
259
200
910
975
0
818
380
10
229
577
921
125
534
851
201
629
996
14
288
251
669
143
780
743
641
123
118
424
748
992
76
678
4
670
207
612
63
990
922
1017
453
946
132
604
478
662
488
513
302
561
764
320
683
199
431
829
701
664
263
277
758
677
709
558
302
232
917
867
872
541
464
239
310
262
164
280
884
483
875
867
483
3
494
928
128
18
660
975
968
865
981
692
356
331
179
580
569
943
193
225
329
996
241
360
538
358
280
779
509
454
129
459
111
350
773
806
135
888
647
212
752
311
612
278
568
640
213
401
310
126
566
339
724
729
936
351
537
88
322
623
527
241
558
500
990
737
751
945
351
487
269
814
95
120
694
349
549
236
234
386
28
11
162
178
976
1010
180
538
505
560
105
628
319
904
744
927
428
357
835
519
554
912
506
557
481
775
562
549
550
902
131
1006
825
503
741
604
751
77
91
239
269
1021
823
413
102
533
582
650
827
399
650
374
412
107
16
391
570
303
178
225
630
936
912
270
408
547
412
767
51
621
421
487
201
597
170
998
279
803
923
59
425
945
622
341
455
587
564
264
264
595
411
96
314
505
602
235
200
421
680
645
240
588
771
881
90
965
765
118
88
767
1005
24
58
271
550
490
607
625
635
323
487
115
593
382
826
489
674
1001
74
791
976
40
865
175
818
520
567
744
626
772
610
694
53
865
595
847
256
397
905
185
1007
874
786
66
661
183
489
854
176
856
99
702
301
580
863
488
312
85
58
881
419
12
859
759
646
623
62
817
410
814
463
282
439
65
248
301
211
51
613
750
80
857
338
376
265
939
768
604
824
324
849
714
502
946
1001
473
804
222
762
1007
1014
507
702
524
306
660
9
828
696
723
151
775
769
538
693
469
716
215
225
618
718
169
367
391
590
747
506
803
864
348
410
847
983
404
985
851
958
837
965
553
866
474
966
299
817
326
848
463
955
858
157
175
120
579
914
648
747
364
751
390
475
611
68
527
398
48
639
478
56
867
261
778
222
865
432
295
790
533
872
846
328
926
545
550
783
444
492
380
296
230
1007
28
360
876
205
407
667
214
433
948
614
281
593
189
425
8
135
252
163
710
870
437
192
608
610
486
395
389
15
831
83
295
970
445
691
570
204
811
486
859
472
1001
183
996
604
639
223
308
332
393
890
192
769
1018
1010
56
834
794
143
107
1012
703
155
289
220
775
720
854
880
81
128
493
492
703
76
697
338
484
551
232
428
561
629
30
287
526
401
972
200
690
970
119
696
704
778
298
749
683
814
538
922
829
516
435
134
374
70
306
97
1008
50
444
938
736
835
865
342
15
973
694
423
903
70
884
132
107
477
686
455
211
329
938
726
226
38
103
74
616
985
841
965
408
374
523
848
517
580
323
849
317
809
163
216
690
143
132
397
806
402
586
740
592
748
164
387
203
786
982
449
294
985
680
26
210
905
393
312
207
790
990
1003
684
154
138
118
1001
710
228
146
631
42
861
342
864
525
179
861
156
684
772
85
356
292
962
380
444
881
974
643
968
66
590
338
820
715
880
699
137
130
441
935
125
282
1015
780
771
407
609
230
758
281
218
302
789
120
696
408
594
928
183
971
882
714
357
34
51
944
605
373
1005
887
379
984
431
857
879
571
505
817
444
756
266
914
109
529
907
986
48
492
772
301
397
109
924
842
822
142
396
231
899
401
188
874
523
774
462
379
556
143
346
368
432
603
905
768
338
419
65
927
161
233
376
160
774
938
489
544
178
639
107
63
903
11
185
864
654
759
464
599
745
228
24
106
457
17
769
872
609
637
291
861
787
183
170
802
961
962
261
140
104
272
108
44
695
177
502
95
623
273
597
822
244
323
689
139
991
8
239
330
133
987
908
493
911
356
122
535
325
713
936
689
683
124
412
533
747
96
412
592
795
428
122
475
237
344
1000
826
706
28
476
321
558
746
1018
25
835
1007
851
5
289
957
84
747
924
1019
753
104
848
199
461
906
41
738
692
932
940
359
817
842
511
889
339
279
1017
552
437
463
108
232
16
973
56
730
104
646
464
799
644
874
565
572
840
130
862
906
619
845
637
543
808
858
254
334
815
879
1006
139
73
28
519
297
405
819
801
293
961
155
684
529
34
26
902
334
458
118
921
661
198
558
660
160
828
1007
631
669
343
96
520
932
454
827
921
387
709
485
86
536
572
936
993
72
496
652
383
231
424
454
389
300
240
112
912
907
721
537
751
289
545
244
105
143
720
72
664
786
384
10
663
878
416
721
470
968
679
649
818
238
111
1010
799
324
177
39
445
722
968
304
261
547
464
304
444
512
1018
939
928
224
954
875
773
582
607
379
950
49
640
418
959
611
500
701
483
351
304
231
757
832
152
756
1
724
150
916
454
431
825
264
718
911
403
786
29
299
451
742
441
990
137
726
25
554
458
381
489
621
594
600
126
361
209
727
579
346
483
626
671
674
532
130
929
538
827
67
532
720
561
540
139
522
372
225
527
363
567
29
558
163
260
918
335
421
432
5
633
474
734
82
552
277
748
485
193
855
11
420
85
459
6
456
930
775
605
824
348
51
548
8
409
641
173
186
691
611
889
386
169
585
337
1009
486
54
498
857
210
754
140
41
262
838
162
517
56
286
1011
892
488
1022
700
943
50
71
646
889
786
703
313
308
174
918
402
601
913
449
683
321
399
78
895
714
724
185
524
755
103
813
592
557
651
394
757
159
985
846
537
44
629
380
463
56
754
549
149
560
234
212
576
289
139
617
181
458
121
833
794
503
300
1016
270
306
419
656
179
655
96
238
940
669
466
712
357
879
146
992
974
499
20
297
228
500
793
1004
871
210
762
135
162
260
1008
184
809
284
179
866
156
434
250
908
915
296
823
291
720
66
425
64
155
1011
67
181
919
482
1012
871
724
981
250
701
628
203
442
489
1019
445
385
722
130
77
757
188
621
868
298
306
93
50
289
970
543
864
537
96
406
301
930
724
913
1019
297
124
191
183
673
703
991
909
157
720
725
163
623
56
585
529
871
190
736
672
696
535
1018
375
97
928
429
685
124
77
664
550
1014
633
561
309
295
996
141
481
248
518
724
262
966
262
482
334
200
557
573
131
961
387
835
482
748
108
489
468
317
818
668
575
953
2
2
113
567
993
922
798
28
753
705
700
265
942
493
974
690
346
619
388
162
157
811
789
899
756
380
995
93
90
838
942
257
997
972
288
138
440
380
721
307
613
297
847
855
508
381
722
424
267
44
290
688
610
252
340
490
29
715
744
164
450
909
146
926
683
566
253
996
589
673
277
760
151
1020
837
983
575
367
653
184
761
531
796
515
387
530
215
347
594
63
28
294
769
154
914
747
686
736
493
5
128
646
477
938
587
998
315
960
427
460
366
548
99
690
954
1007
86
855
639
39
232
921
345
689
865
523
179
603
799
454
634
602
971
345
873
373
44
815
490
962
252
13
415
265
596
103
665
304
281
717
548
422
269
404
982
718
380
245
28
247
188
689
754
695
667
679
620
76
592
122
288
711
745
133
765
323
665
111
682
251
511
624
96
274
926
379
837
269
121
578
8
259
242
980
111
203
960
794
330
365
25
955
660
911
405
485
457
115
398
78
502
139
111
285
287
300
813
783
494
858
81
893
829
121
827
235
654
864
617
326
317
912
896
767
413
694
970
200
727
362
351
232
116
193
415
532
952
363
1011
788
387
555
822
703
739
227
584
4
996
849
109
468
718
207
173
990
731
1012
972
70
197
267
378
400
911
491
934
345
133
910
706
554
231
761
150
626
987
992
96
973
888
771
248
197
311
612
632
124
104
397
730
215
268
1012
980
730
776
968
798
439
131
235
329
761
825
801
727
931
638
874
13
165
432
135
403
689
604
538
212
559
875
697
344
106
717
617
927
625
382
777
246
422
630
489
449
35
873
636
1015
944
190
745
435
643
771
550
945
812
173
992
362
672
260
1017
249
419
1002
492
264
541
459
424
459
36
191
43
944
629
652
604
601
821
977
173
233
189
866
805
196
119
711
38
99
991
872
784
588
232
769
416
390
271
993
710
751
771
409
844
858
875
663
28
741
283
282
648
690
560
903
10
377
117
249
821
750
716
284
902
64
756
410
344
792
925
236
651
819
273
835
158
547
918
738
780
509
359
211
210
614
164
515
174
824
55
894
72
542
780
349
719
971
658
1003
359
311
848
71
744
947
522
945
782
31
104
271
104
77
493
687
791
560
309
765
597
723
46
534
809
912
457
824
408
599
599
717
894
851
196
845
1002
667
1023
29
781
1019
496
218
968
362
976
58
183
419
807
953
507
583
80
476
724
952
194
927
926
272
736
833
591
309
945
272
181
820
765
115
1023
673
536
812
409
565
201
433
957
336
997
689
585
180
195
699
815
949
549
92
44
1
783
938
258
403
486
672
697
840
263
47
389
496
319
282
387
934
742
234
981
507
752
795
611
436
59
278
529
751
1018
340
491
237
617
193
69
301
882
881
280
137
467
941
370
34
91
899
237
298
155
88
533
267
463
715
828
184
812
712
192
748
28
989
561
687
947
233
441
54
659
755
68
482
521
909
827
280
155
582
441
390
360
146
210
982
844
492
348
588
724
550
836
932
427
247
811
389
662
213
60
85
964
287
30
877
903
843
540
545
12
110
431
319
223
944
613
824
193
111
636
924
323
99
500
613
279
857
398
238
147
241
411
206
387
664
30
574
830
383
844
459
956
945
968
607
634
742
447
724
426
143
327
147
252
266
171
963
616
339
137
424
341
588
434
41
785
41
182
274
345
924
400
574
905
906
1006
723
209
582
1014
130
372
956
642
120
232
625
914
738
39
680
733
283
124
340
549
800
954
191
252
541
181
775
37
17
550
561
619
128
935
205
52
939
213
48
752
106
441
593
94
811
300
878
911
248
60
866
249
927
585
237
556
817
432
246
317
602
889
566
195
492
59
119
381
1006
841
168
137
396
131
319
655
434
81
671
115
151
602
677
390
647
640
535
162
975
440
346
776
82
187
1000
821
727
550
565
958
237
855
437
185
257
12
811
308
99
1017
491
447
853
367
15
160
232
194
899
819
817
23
300
577
502
832
150
942
417
360
25
352
305
415
922
853
698
165
196
456
946
907
676
350
452
29
502
236
542
729
781
631
353
191
381
681
556
980
998
795
78
653
902
502
567
842
911
891
629
730
864
122
39
125
413
646
686
805
31
0
389
859
745
551
31
257
999
75
339
17
945
454
659
132
209
784
349
283
423
22
318
831
483
480
91
149
872
249
226
888
390
789
391
1021
411
678
757
310
739
311
586
233
120
550
751
347
822
80
757
953
458
422
556
217
217
518
63
97
660
911
887
885
908
240
716
282
429
335
81
318
57
781
767
323
128
41
436
585
722
861
902
1008
423
583
480
700
577
999
417
848
874
239
624
688
819
90
530
34
909
112
970
734
612
88
808
381
382
313
973
86
928
216
1011
587
676
312
514
754
585
507
996
704
6
921
119
679
284
551
151
542
821
476
68
152
182
111
20
70
415
224
119
463
987
987
26
402
232
398
909
565
749
648
763
859
237
750
195
1008
329
689
917
201
280
963
582
882
712
39
815
1021
324
200
676
262
398
100
503
608
261
666
104
1005
334
623
508
715
178
405
989
698
458
801
9
925
901
583
446
678
928
170
677
2
252
650
138
39
999
998
913
292
37
919
408
60
994
864
327
645
752
884
797
99
189
990
763
606
509
839
966
414
520
271
841
515
743
855
23
936
844
591
964
955
892
296
916
148
264
375
823
171
92
101
893
494
937
922
665
678
648
831
406
224
13
522
450
309
241
833
65
456
796
529
611
803
583
83
680
594
324
1005
757
590
215
646
837
76
87
418
993
748
537
14
757
847
342
761
481
474
22
155
890
147
240
677
177
928
239
996
86
672
1004
523
975
755
673
838
692
360
702
108
957
968
1002
146
479
751
806
28
679
730
222
879
178
899
455
742
705
616
637
334
1003
740
548
957
213
471
80
769
649
183
614
158
507
99
