718
782
782
782
974
774
974
526
774
774
526
838
974
590
518
654
910
846
910
582
590
974
710
774
494
230
46
294
486
422
422
486
110
230
230
38
230
230
358
494
486
302
294
110
38
38
486
174
422
174
230
46
302
358
486
174
230
102
486
366
486
38
302
294
46
174
294
494
166
422
486
486
166
358
238
230
358
238
494
494
238
110
294
302
110
38
302
38
422
230
174
422
486
166
486
174
46
230
238
38
486
174
102
302
366
238
614
870
878
622
806
550
806
870
1006
942
998
870
878
550
942
814
870
742
742
806
878
814
686
998
686
742
550
742
742
1006
870
742
814
558
622
934
558
934
806
814
878
806
934
806
750
558
622
678
1006
550
558
558
678
678
870
806
742
686
686
550
806
686
806
942
942
814
934
558
814
742
614
814
678
934
806
686
942
934
558
558
942
550
934
678
678
814
806
814
942
678
678
558
550
742
1006
870
878
558
934
1006
1006
1006
622
750
814
558
550
942
814
686
934
558
934
814
806
614
614
942
686
942
558
934
550
934
558
558
550
750
870
614
622
750
814
678
558
814
934
550
678
558
742
1006
558
934
678
550
102
494
238
238
494
238
38
294
38
38
294
38
294
878
622
878
614
870
614
870
614
317
61
317
61
317
317
61
61
117
317
317
61
317
317
317
317
61
317
437
181
437
437
317
317
317
373
117
373
373
117
373
373
381
125
125
125
117
373
117
117
309
53
61
61
317
317
317
317
61
501
501
245
501
245
245
245
245
245
501
245
245
245
125
381
381
381
509
253
509
253
509
253
509
253
509
253
509
253
509
253
253
509
253
509
509
253
253
245
125
381
125
125
125
125
53
309
309
117
373
373
117
117
117
181
181
437
437
437
181
437
437
181
638
894
638
894
894
894
894
638
894
638
1014
1014
1014
1014
758
1014
958
958
702
958
702
958
702
958
702
702
958
958
702
830
830
574
830
566
566
566
758
758
950
694
822
758
758
758
1014
758
758
758
758
758
630
886
630
630
630
886
630
886
830
1022
1022
766
1022
766
1022
1022
1022
1022
1022
766
1022
766
830
830
574
574
1022
1022
766
766
766
766
1022
1022
766
958
702
702
702
702
702
958
702
958
958
702
702
958
702
1022
566
566
566
566
566
822
822
638
894
638
894
894
638
886
886
1022
766
1022
694
694
950
694
950
950
950
694
1014
1014
758
758
1014
1014
766
766
766
766
1022
1022
766
766
766
766
822
822
822
702
958
958
958
894
638
638
822
566
566
830
1022
1022
766
1022
766
766
1022
766
1022
766
1022
1022
766
1022
766
766
766
1022
1022
950
694
950
950
950
694
694
694
950
702
702
702
702
958
630
886
886
630
630
630
630
886
886
630
886
886
886
886
886
886
886
886
886
886
886
886
886
886
886
886
886
1022
1022
1022
1022
1022
1022
1022
1022
1022
1022
1022
1022
1022
1022
1022
1022
1022
1022
1022
822
822
822
822
822
822
822
822
822
822
822
822
822
822
822
822
702
702
702
702
1014
1014
1014
1014
1014
694
694
694
694
694
694
694
694
1014
894
830
958
958
958
958
758
758
758
702
702
702
702
702
702
702
702
702
702
702
702
702
702
702
702
894
894
630
1014
566
958
566
566
1022
1022
1022
1014
1014
1014
1014
1014
1014
1014
1014
1014
1014
1014
1014
1014
958
958
702
702
702
958
758
758
758
702
1014
758
758
950
950
950
950
630
453
453
453
453
453
453
453
453
453
453
453
453
453
453
453
453
453
453
453
453
453
453
453
453
453
453
453
453
453
453
453
453
453
453
453
453
77
77
77
77
77
205
205
205
205
205
205
205
205
205
205
261
261
261
261
261
261
261
261
261
261
261
261
261
261
261
261
261
261
261
261
261
261
261
261
261
261
261
389
389
389
389
389
389
261
461
461
461
461
461
564
692
692
692
692
806
806
806
806
806
806
806
806
806
806
806
806
934
806
806
806
806
806
806
806
806
806
806
806
806
806
806
806
806
806
814
814
814
814
814
814
942
942
942
942
942
942
942
942
942
814
814
942
942
942
942
942
942
942
942
942
942
942
942
942
942
942
942
942
942
942
942
942
942
942
942
942
942
942
942
942
942
742
742
742
742
742
742
742
742
742
742
614
614
614
614
614
614
614
614
614
614
614
614
614
614
614
614
614
614
614
614
614
614
614
614
614
614
614
614
614
614
614
614
742
742
742
742
742
742
742
742
742
742
742
742
742
742
742
742
742
742
742
742
742
742
742
742
742
742
742
742
742
742
742
742
742
742
742
742
614
614
614
614
614
614
614
614
614
614
614
614
614
614
614
614
614
614
614
