998
870
998
774
910
710
590
678
686
558
782
870
742
974
878
558
750
774
750
590
814
686
742
974
846
966
654
806
902
910
558
678
1006
614
782
902
686
846
934
686
934
998
910
974
774
910
910
654
934
870
998
678
838
550
550
526
550
518
998
590
942
806
838
550
718
518
1006
838
838
814
646
718
814
742
590
910
966
718
974
622
870
878
614
678
558
550
910
942
622
998
998
742
646
622
998
614
902
718
686
518
1006
838
934
678
774
966
774
974
870
998
878
838
686
934
902
750
558
622
878
998
654
590
646
678
558
934
750
1006
838
710
870
590
590
838
846
846
782
974
590
942
550
678
878
646
742
590
742
646
838
646
526
518
814
518
678
582
646
678
846
678
718
974
686
718
654
942
910
750
942
654
942
910
974
974
910
686
750
1006
622
782
526
622
558
782
526
846
878
846
846
590
878
558
622
558
558
878
622
782
846
814
846
782
622
878
590
550
614
774
614
806
582
870
582
550
518
774
934
902
966
742
934
966
998
902
934
966
954
986
954
626
882
922
666
762
986
666
1018
698
922
698
922
666
1018
890
890
890
890
570
602
602
602
602
602
562
562
562
786
786
786
786
786
786
786
786
858
634
794
794
794
794
794
794
794
890
954
666
986
986
954
954
762
922
762
762
762
762
570
570
794
794
794
794
794
794
538
538
634
634
634
634
634
634
634
986
986
986
986
762
538
826
826
826
634
570
570
594
594
594
594
594
690
978
978
978
978
978
978
722
722
722
690
978
978
722
722
722
722
722
886
886
822
822
630
630
630
630
630
630
630
630
630
630
630
630
630
566
566
566
566
542
542
542
542
542
542
542
542
542
542
542
542
542
542
542
542
542
726
726
726
726
726
726
702
702
926
926
926
926
926
926
926
926
926
694
790
790
790
790
790
950
950
950
758
758
758
854
854
854
854
854
1022
1022
1022
1022
1022
1022
1022
822
822
822
822
822
822
822
822
822
822
822
702
702
702
702
702
958
958
1022
79
79
79
79
79
79
79
391
391
199
351
351
351
127
351
351
95
95
95
95
95
95
255
255
447
191
215
215
471
247
247
247
247
247
247
439
439
439
439
439
439
439
439
439
439
439
439
127
319
319
319
63
127
127
31
31
31
31
63
63
63
63
63
63
63
383
383
383
383
383
383
383
63
63
63
63
63
31
31
31
31
31
31
63
63
63
127
127
127
319
383
383
383
383
383
247
247
247
183
215
31
31
95
95
319
319
319
319
319
319
319
127
127
127
127
127
127
127
63
63
319
319
319
63
63
63
319
319
319
63
63
151
151
151
151
151
471
407
407
311
311
311
311
311
375
375
55
55
55
55
95
95
63
63
63
63
63
63
63
63
63
319
319
383
383
383
95
31
31
31
31
215
215
471
471
471
127
127
127
127
127
127
127
127
127
127
351
383
383
383
23
1015
1015
759
1015
951
951
951
1015
1015
1015
1015
895
895
895
535
535
535
535
535
599
599
791
791
791
919
919
919
919
663
727
727
727
607
607
607
607
607
607
607
607
607
863
863
863
543
543
543
543
543
543
543
543
543
543
543
863
863
791
599
599
599
535
535
535
599
599
599
599
599
599
599
599
855
855
855
855
855
855
855
1023
1023
1023
1023
1023
1023
1023
1023
1023
1023
799
799
799
799
799
799
799
799
983
983
663
663
606
606
606
606
606
606
670
670
670
670
670
670
670
670
990
990
990
990
958
958
958
1022
1022
1022
1022
1022
1022
702
702
702
702
702
702
702
702
990
990
990
990
702
702
702
702
1022
1022
958
958
958
958
958
958
958
958
958
958
958
958
958
958
702
1022
1022
1022
1022
1022
1022
1022
1022
1022
1022
1022
1022
1022
758
598
598
598
598
598
854
854
854
854
854
958
958
958
958
958
958
958
790
790
700
700
700
700
668
732
732
732
732
732
732
732
732
668
668
668
668
668
668
668
668
668
668
988
988
988
988
988
988
924
924
596
596
948
948
948
948
948
916
980
980
980
788
788
852
852
852
884
532
532
532
532
532
532
532
596
596
860
988
988
988
988
988
988
988
988
1020
1020
1020
1020
1020
1020
924
988
988
988
988
988
988
988
988
924
924
924
988
988
988
988
988
956
956
988
988
988
788
788
788
788
788
788
788
788
714
714
714
714
714
714
714
746
546
546
546
546
546
546
610
610
610
610
610
546
546
610
610
546
546
810
810
810
778
962
962
962
962
962
962
962
962
962
898
898
898
898
898
898
578
578
578
514
514
514
514
514
586
586
586
586
586
810
810
810
778
834
834
834
834
834
834
834
770
770
770
770
770
770
770
770
770
770
770
770
770
770
770
770
770
770
770
770
770
802
842
842
842
842
778
930
898
898
938
938
938
938
938
738
738
738
738
738
738
738
738
738
738
738
738
738
738
738
738
738
738
738
738
674
770
770
770
770
770
770
770
376
376
376
376
176
176
176
